2026-04-20T15:30:03.225+05:30  INFO 12540 --- [Attendance-Service] [main] c.a.AttendanceServiceApplication         : Starting AttendanceServiceApplication using Java 24.0.2 with PID 12540 (C:\Task\Microservise Project\College Management System\Attendance-Service\target\classes started by hp in C:\Task\Microservise Project\College Management System\API-Gateway)
2026-04-20T15:30:03.235+05:30  INFO 12540 --- [Attendance-Service] [main] c.a.AttendanceServiceApplication         : No active profile set, falling back to 1 default profile: "default"
2026-04-20T15:30:05.452+05:30  INFO 12540 --- [Attendance-Service] [main] .s.d.r.c.RepositoryConfigurationDelegate : Bootstrapping Spring Data JPA repositories in DEFAULT mode.
2026-04-20T15:30:05.824+05:30  INFO 12540 --- [Attendance-Service] [main] .s.d.r.c.RepositoryConfigurationDelegate : Finished Spring Data repository scanning in 351 ms. Found 1 JPA repository interface.
2026-04-20T15:30:06.465+05:30  INFO 12540 --- [Attendance-Service] [main] o.s.cloud.context.scope.GenericScope     : BeanFactory id=c16c8d3e-e469-39f9-b2fa-f1829cc5c995
2026-04-20T15:30:07.556+05:30  INFO 12540 --- [Attendance-Service] [main] o.s.b.w.embedded.tomcat.TomcatWebServer  : Tomcat initialized with port 8090 (http)
2026-04-20T15:30:07.584+05:30  INFO 12540 --- [Attendance-Service] [main] o.apache.catalina.core.StandardService   : Starting service [Tomcat]
2026-04-20T15:30:07.585+05:30  INFO 12540 --- [Attendance-Service] [main] o.apache.catalina.core.StandardEngine    : Starting Servlet engine: [Apache Tomcat/10.1.53]
2026-04-20T15:30:07.710+05:30  INFO 12540 --- [Attendance-Service] [main] o.a.c.c.C.[Tomcat].[localhost].[/]       : Initializing Spring embedded WebApplicationContext
2026-04-20T15:30:07.710+05:30  INFO 12540 --- [Attendance-Service] [main] w.s.c.ServletWebServerApplicationContext : Root WebApplicationContext: initialization completed in 4364 ms
2026-04-20T15:30:08.113+05:30  INFO 12540 --- [Attendance-Service] [main] o.hibernate.jpa.internal.util.LogHelper  : HHH000204: Processing PersistenceUnitInfo [name: default]
2026-04-20T15:30:08.215+05:30  INFO 12540 --- [Attendance-Service] [main] org.hibernate.Version                    : HHH000412: Hibernate ORM core version 6.6.45.Final
2026-04-20T15:30:08.277+05:30  INFO 12540 --- [Attendance-Service] [main] o.h.c.internal.RegionFactoryInitiator    : HHH000026: Second-level cache disabled
2026-04-20T15:30:08.810+05:30  INFO 12540 --- [Attendance-Service] [main] o.s.o.j.p.SpringPersistenceUnitInfo      : No LoadTimeWeaver setup: ignoring JPA class transformer
2026-04-20T15:30:08.859+05:30  INFO 12540 --- [Attendance-Service] [main] com.zaxxer.hikari.HikariDataSource       : HikariPool-1 - Starting...
2026-04-20T15:30:09.417+05:30  INFO 12540 --- [Attendance-Service] [main] com.zaxxer.hikari.pool.HikariPool        : HikariPool-1 - Added connection com.mysql.cj.jdbc.ConnectionImpl@75c0cd39
2026-04-20T15:30:09.420+05:30  INFO 12540 --- [Attendance-Service] [main] com.zaxxer.hikari.HikariDataSource       : HikariPool-1 - Start completed.
2026-04-20T15:30:09.502+05:30  WARN 12540 --- [Attendance-Service] [main] org.hibernate.orm.deprecation            : HHH90000025: MySQL8Dialect does not need to be specified explicitly using 'hibernate.dialect' (remove the property setting and it will be selected by default)
2026-04-20T15:30:09.504+05:30  WARN 12540 --- [Attendance-Service] [main] org.hibernate.orm.deprecation            : HHH90000026: MySQL8Dialect has been deprecated; use org.hibernate.dialect.MySQLDialect instead
2026-04-20T15:30:09.536+05:30  INFO 12540 --- [Attendance-Service] [main] org.hibernate.orm.connections.pooling    : HHH10001005: Database info:
	Database JDBC URL [Connecting through datasource 'HikariDataSource (HikariPool-1)']
	Database driver: undefined/unknown
	Database version: 8.0
	Autocommit mode: undefined/unknown
	Isolation level: undefined/unknown
	Minimum pool size: undefined/unknown
	Maximum pool size: undefined/unknown
2026-04-20T15:30:10.828+05:30  INFO 12540 --- [Attendance-Service] [main] o.h.e.t.j.p.i.JtaPlatformInitiator       : HHH000489: No JTA platform available (set 'hibernate.transaction.jta.platform' to enable JTA platform integration)
2026-04-20T15:30:11.165+05:30  INFO 12540 --- [Attendance-Service] [main] j.LocalContainerEntityManagerFactoryBean : Initialized JPA EntityManagerFactory for persistence unit 'default'
2026-04-20T15:30:11.631+05:30  INFO 12540 --- [Attendance-Service] [main] o.s.d.j.r.query.QueryEnhancerFactory     : Hibernate is in classpath; If applicable, HQL parser will be used.
2026-04-20T15:30:13.007+05:30  WARN 12540 --- [Attendance-Service] [main] JpaBaseConfiguration$JpaWebConfiguration : spring.jpa.open-in-view is enabled by default. Therefore, database queries may be performed during view rendering. Explicitly configure spring.jpa.open-in-view to disable this warning
2026-04-20T15:30:13.510+05:30  WARN 12540 --- [Attendance-Service] [main] .s.s.UserDetailsServiceAutoConfiguration : 

Using generated security password: aa400d9d-7a93-4703-8887-a84a309044b2

This generated password is for development use only. Your security configuration must be updated before running your application in production.

2026-04-20T15:30:13.521+05:30  INFO 12540 --- [Attendance-Service] [main] r$InitializeUserDetailsManagerConfigurer : Global AuthenticationManager configured with UserDetailsService bean with name inMemoryUserDetailsManager
2026-04-20T15:30:14.456+05:30  INFO 12540 --- [Attendance-Service] [main] DiscoveryClientOptionalArgsConfiguration : Eureka HTTP Client uses RestTemplate.
2026-04-20T15:30:14.524+05:30  WARN 12540 --- [Attendance-Service] [main] iguration$LoadBalancerCaffeineWarnLogger : Spring Cloud LoadBalancer is currently working with the default cache. While this cache implementation is useful for development and tests, it's recommended to use Caffeine cache in production.You can switch to using Caffeine cache, by adding it and org.springframework.cache.caffeine.CaffeineCacheManager to the classpath.
2026-04-20T15:30:14.618+05:30  INFO 12540 --- [Attendance-Service] [main] o.s.c.n.eureka.InstanceInfoFactory       : Setting initial instance status as: STARTING
2026-04-20T15:30:14.674+05:30  INFO 12540 --- [Attendance-Service] [main] com.netflix.discovery.DiscoveryClient    : Initializing Eureka in region us-east-1
2026-04-20T15:30:14.680+05:30  INFO 12540 --- [Attendance-Service] [main] c.n.d.s.r.aws.ConfigClusterResolver      : Resolving eureka endpoints via configuration
2026-04-20T15:30:14.700+05:30  INFO 12540 --- [Attendance-Service] [main] com.netflix.discovery.DiscoveryClient    : Disable delta property : false
2026-04-20T15:30:14.700+05:30  INFO 12540 --- [Attendance-Service] [main] com.netflix.discovery.DiscoveryClient    : Single vip registry refresh property : null
2026-04-20T15:30:14.700+05:30  INFO 12540 --- [Attendance-Service] [main] com.netflix.discovery.DiscoveryClient    : Force full registry fetch : false
2026-04-20T15:30:14.701+05:30  INFO 12540 --- [Attendance-Service] [main] com.netflix.discovery.DiscoveryClient    : Application is null : false
2026-04-20T15:30:14.701+05:30  INFO 12540 --- [Attendance-Service] [main] com.netflix.discovery.DiscoveryClient    : Registered Applications size is zero : true
2026-04-20T15:30:14.701+05:30  INFO 12540 --- [Attendance-Service] [main] com.netflix.discovery.DiscoveryClient    : Application version is -1: true
2026-04-20T15:30:14.701+05:30  INFO 12540 --- [Attendance-Service] [main] com.netflix.discovery.DiscoveryClient    : Getting all instance registry info from the eureka server
2026-04-20T15:30:15.280+05:30  INFO 12540 --- [Attendance-Service] [main] com.netflix.discovery.DiscoveryClient    : The response status is 200
2026-04-20T15:30:15.282+05:30  INFO 12540 --- [Attendance-Service] [main] com.netflix.discovery.DiscoveryClient    : Starting heartbeat executor: renew interval is: 30
2026-04-20T15:30:15.286+05:30  INFO 12540 --- [Attendance-Service] [main] c.n.discovery.InstanceInfoReplicator     : InstanceInfoReplicator onDemand update allowed rate per min is 4
2026-04-20T15:30:15.288+05:30  INFO 12540 --- [Attendance-Service] [main] com.netflix.discovery.DiscoveryClient    : Discovery Client initialized at timestamp 1776679215287 with initial instances count: 10
2026-04-20T15:30:15.293+05:30  INFO 12540 --- [Attendance-Service] [main] o.s.c.n.e.s.EurekaServiceRegistry        : Registering application ATTENDANCE-SERVICE with eureka with status UP
2026-04-20T15:30:15.294+05:30  INFO 12540 --- [Attendance-Service] [main] com.netflix.discovery.DiscoveryClient    : Saw local status change event StatusChangeEvent [timestamp=1776679215294, current=UP, previous=STARTING]
2026-04-20T15:30:15.297+05:30  INFO 12540 --- [Attendance-Service] [DiscoveryClient-InstanceInfoReplicator-%d] com.netflix.discovery.DiscoveryClient    : DiscoveryClient_ATTENDANCE-SERVICE/Vivan-laptop:Attendance-Service:8090: registering service...
2026-04-20T15:30:15.325+05:30  INFO 12540 --- [Attendance-Service] [main] o.s.b.w.embedded.tomcat.TomcatWebServer  : Tomcat started on port 8090 (http) with context path '/'
2026-04-20T15:30:15.327+05:30  INFO 12540 --- [Attendance-Service] [main] .s.c.n.e.s.EurekaAutoServiceRegistration : Updating port to 8090
2026-04-20T15:30:15.352+05:30  INFO 12540 --- [Attendance-Service] [main] c.a.AttendanceServiceApplication         : Started AttendanceServiceApplication in 13.407 seconds (process running for 14.649)
2026-04-20T15:30:15.361+05:30  WARN 12540 --- [Attendance-Service] [main] o.s.core.events.SpringDocAppInitializer  : SpringDoc /v3/api-docs endpoint is enabled by default. To disable it in production, set the property 'springdoc.api-docs.enabled=false'
2026-04-20T15:30:15.367+05:30  INFO 12540 --- [Attendance-Service] [DiscoveryClient-InstanceInfoReplicator-%d] com.netflix.discovery.DiscoveryClient    : DiscoveryClient_ATTENDANCE-SERVICE/Vivan-laptop:Attendance-Service:8090 - registration status: 204
