2026-04-23T10:54:14.712+05:30  INFO 16288 --- [Dashboard-Service] [main] c.dashboard.DashboardServiceApplication  : Starting DashboardServiceApplication using Java 24.0.2 with PID 16288 (C:\Task\Microservise Project\College Management System\dashboardservice\target\classes started by hp in C:\Task\Microservise Project\College Management System\API-Gateway)
2026-04-23T10:54:14.730+05:30  INFO 16288 --- [Dashboard-Service] [main] c.dashboard.DashboardServiceApplication  : No active profile set, falling back to 1 default profile: "default"
2026-04-23T10:54:19.099+05:30  INFO 16288 --- [Dashboard-Service] [main] o.s.cloud.context.scope.GenericScope     : BeanFactory id=c86f9731-d857-3a26-8cf0-425f3577ddaa
2026-04-23T10:54:20.883+05:30  INFO 16288 --- [Dashboard-Service] [main] o.s.b.w.embedded.tomcat.TomcatWebServer  : Tomcat initialized with port 8085 (http)
2026-04-23T10:54:20.946+05:30  INFO 16288 --- [Dashboard-Service] [main] o.apache.catalina.core.StandardService   : Starting service [Tomcat]
2026-04-23T10:54:20.947+05:30  INFO 16288 --- [Dashboard-Service] [main] o.apache.catalina.core.StandardEngine    : Starting Servlet engine: [Apache Tomcat/10.1.53]
2026-04-23T10:54:21.195+05:30  INFO 16288 --- [Dashboard-Service] [main] o.a.c.c.C.[Tomcat].[localhost].[/]       : Initializing Spring embedded WebApplicationContext
2026-04-23T10:54:21.196+05:30  INFO 16288 --- [Dashboard-Service] [main] w.s.c.ServletWebServerApplicationContext : Root WebApplicationContext: initialization completed in 6300 ms
2026-04-23T10:54:24.619+05:30  INFO 16288 --- [Dashboard-Service] [main] o.s.cloud.commons.util.InetUtils         : Cannot determine local hostname
2026-04-23T10:54:24.768+05:30  INFO 16288 --- [Dashboard-Service] [main] o.s.c.openfeign.FeignClientFactoryBean   : For 'USER-SERVICE' URL not provided. Will try picking an instance via load-balancing.
2026-04-23T10:54:24.932+05:30  INFO 16288 --- [Dashboard-Service] [main] o.s.c.openfeign.FeignClientFactoryBean   : For 'STUDENT-SERVICE' URL not provided. Will try picking an instance via load-balancing.
2026-04-23T10:54:24.976+05:30  INFO 16288 --- [Dashboard-Service] [main] o.s.c.openfeign.FeignClientFactoryBean   : For 'FACULTY-SERVICE' URL not provided. Will try picking an instance via load-balancing.
2026-04-23T10:54:25.031+05:30  INFO 16288 --- [Dashboard-Service] [main] o.s.c.openfeign.FeignClientFactoryBean   : For 'COURSE-SERVICE' URL not provided. Will try picking an instance via load-balancing.
2026-04-23T10:54:25.072+05:30  INFO 16288 --- [Dashboard-Service] [main] o.s.c.openfeign.FeignClientFactoryBean   : For 'DEPARTMENT-SERVICE' URL not provided. Will try picking an instance via load-balancing.
2026-04-23T10:54:25.109+05:30  INFO 16288 --- [Dashboard-Service] [main] o.s.c.openfeign.FeignClientFactoryBean   : For 'LIBRARY-SERVICE' URL not provided. Will try picking an instance via load-balancing.
2026-04-23T10:54:25.148+05:30  INFO 16288 --- [Dashboard-Service] [main] o.s.c.openfeign.FeignClientFactoryBean   : For 'ATTENDANCE-SERVICE' URL not provided. Will try picking an instance via load-balancing.
2026-04-23T10:54:25.185+05:30  INFO 16288 --- [Dashboard-Service] [main] o.s.c.openfeign.FeignClientFactoryBean   : For 'SUBJECT-SERVICE' URL not provided. Will try picking an instance via load-balancing.
2026-04-23T10:54:26.304+05:30  WARN 16288 --- [Dashboard-Service] [main] .s.s.UserDetailsServiceAutoConfiguration : 

Using generated security password: cdfce48f-5e98-4fa6-bd89-5cec6f8b4235

This generated password is for development use only. Your security configuration must be updated before running your application in production.

2026-04-23T10:54:26.365+05:30  INFO 16288 --- [Dashboard-Service] [main] r$InitializeUserDetailsManagerConfigurer : Global AuthenticationManager configured with UserDetailsService bean with name inMemoryUserDetailsManager
2026-04-23T10:54:29.140+05:30  INFO 16288 --- [Dashboard-Service] [main] o.s.cloud.commons.util.InetUtils         : Cannot determine local hostname
2026-04-23T10:54:29.182+05:30  INFO 16288 --- [Dashboard-Service] [main] DiscoveryClientOptionalArgsConfiguration : Eureka HTTP Client uses RestTemplate.
2026-04-23T10:54:29.234+05:30  WARN 16288 --- [Dashboard-Service] [main] iguration$LoadBalancerCaffeineWarnLogger : Spring Cloud LoadBalancer is currently working with the default cache. While this cache implementation is useful for development and tests, it's recommended to use Caffeine cache in production.You can switch to using Caffeine cache, by adding it and org.springframework.cache.caffeine.CaffeineCacheManager to the classpath.
2026-04-23T10:54:29.298+05:30  INFO 16288 --- [Dashboard-Service] [main] o.s.c.n.eureka.InstanceInfoFactory       : Setting initial instance status as: STARTING
2026-04-23T10:54:29.356+05:30  INFO 16288 --- [Dashboard-Service] [main] com.netflix.discovery.DiscoveryClient    : Initializing Eureka in region us-east-1
2026-04-23T10:54:29.370+05:30  INFO 16288 --- [Dashboard-Service] [main] c.n.d.s.r.aws.ConfigClusterResolver      : Resolving eureka endpoints via configuration
2026-04-23T10:54:29.414+05:30  INFO 16288 --- [Dashboard-Service] [main] com.netflix.discovery.DiscoveryClient    : Disable delta property : false
2026-04-23T10:54:29.414+05:30  INFO 16288 --- [Dashboard-Service] [main] com.netflix.discovery.DiscoveryClient    : Single vip registry refresh property : null
2026-04-23T10:54:29.415+05:30  INFO 16288 --- [Dashboard-Service] [main] com.netflix.discovery.DiscoveryClient    : Force full registry fetch : false
2026-04-23T10:54:29.415+05:30  INFO 16288 --- [Dashboard-Service] [main] com.netflix.discovery.DiscoveryClient    : Application is null : false
2026-04-23T10:54:29.416+05:30  INFO 16288 --- [Dashboard-Service] [main] com.netflix.discovery.DiscoveryClient    : Registered Applications size is zero : true
2026-04-23T10:54:29.416+05:30  INFO 16288 --- [Dashboard-Service] [main] com.netflix.discovery.DiscoveryClient    : Application version is -1: true
2026-04-23T10:54:29.416+05:30  INFO 16288 --- [Dashboard-Service] [main] com.netflix.discovery.DiscoveryClient    : Getting all instance registry info from the eureka server
2026-04-23T10:54:30.403+05:30  INFO 16288 --- [Dashboard-Service] [main] com.netflix.discovery.DiscoveryClient    : The response status is 200
2026-04-23T10:54:30.407+05:30  INFO 16288 --- [Dashboard-Service] [main] com.netflix.discovery.DiscoveryClient    : Starting heartbeat executor: renew interval is: 30
2026-04-23T10:54:30.412+05:30  INFO 16288 --- [Dashboard-Service] [main] c.n.discovery.InstanceInfoReplicator     : InstanceInfoReplicator onDemand update allowed rate per min is 4
2026-04-23T10:54:30.418+05:30  INFO 16288 --- [Dashboard-Service] [main] com.netflix.discovery.DiscoveryClient    : Discovery Client initialized at timestamp 1776921870415 with initial instances count: 4
2026-04-23T10:54:30.426+05:30  INFO 16288 --- [Dashboard-Service] [main] o.s.c.n.e.s.EurekaServiceRegistry        : Registering application DASHBOARD-SERVICE with eureka with status UP
2026-04-23T10:54:30.427+05:30  INFO 16288 --- [Dashboard-Service] [main] com.netflix.discovery.DiscoveryClient    : Saw local status change event StatusChangeEvent [timestamp=1776921870427, current=UP, previous=STARTING]
2026-04-23T10:54:30.431+05:30  INFO 16288 --- [Dashboard-Service] [DiscoveryClient-InstanceInfoReplicator-%d] com.netflix.discovery.DiscoveryClient    : DiscoveryClient_DASHBOARD-SERVICE/localhost:Dashboard-Service:8085: registering service...
2026-04-23T10:54:30.475+05:30  INFO 16288 --- [Dashboard-Service] [main] o.s.b.w.embedded.tomcat.TomcatWebServer  : Tomcat started on port 8085 (http) with context path '/'
2026-04-23T10:54:30.477+05:30  INFO 16288 --- [Dashboard-Service] [main] .s.c.n.e.s.EurekaAutoServiceRegistration : Updating port to 8085
2026-04-23T10:54:30.535+05:30  INFO 16288 --- [Dashboard-Service] [DiscoveryClient-InstanceInfoReplicator-%d] com.netflix.discovery.DiscoveryClient    : DiscoveryClient_DASHBOARD-SERVICE/localhost:Dashboard-Service:8085 - registration status: 204
2026-04-23T10:54:31.492+05:30  INFO 16288 --- [Dashboard-Service] [main] o.s.cloud.commons.util.InetUtils         : Cannot determine local hostname
2026-04-23T10:54:31.521+05:30  INFO 16288 --- [Dashboard-Service] [main] c.dashboard.DashboardServiceApplication  : Started DashboardServiceApplication in 19.42 seconds (process running for 21.325)
2026-04-23T10:54:31.535+05:30  WARN 16288 --- [Dashboard-Service] [main] o.s.core.events.SpringDocAppInitializer  : SpringDoc /v3/api-docs endpoint is enabled by default. To disable it in production, set the property 'springdoc.api-docs.enabled=false'
2026-04-23T10:59:29.421+05:30  INFO 16288 --- [Dashboard-Service] [AsyncResolver-bootstrap-executor-%d] c.n.d.s.r.aws.ConfigClusterResolver      : Resolving eureka endpoints via configuration
2026-04-23T11:04:29.432+05:30  INFO 16288 --- [Dashboard-Service] [AsyncResolver-bootstrap-executor-%d] c.n.d.s.r.aws.ConfigClusterResolver      : Resolving eureka endpoints via configuration
2026-04-23T11:09:29.436+05:30  INFO 16288 --- [Dashboard-Service] [AsyncResolver-bootstrap-executor-%d] c.n.d.s.r.aws.ConfigClusterResolver      : Resolving eureka endpoints via configuration
2026-04-23T11:13:08.249+05:30  INFO 16288 --- [Dashboard-Service] [http-nio-8085-exec-1] o.a.c.c.C.[Tomcat].[localhost].[/]       : Initializing Spring DispatcherServlet 'dispatcherServlet'
2026-04-23T11:13:08.250+05:30  INFO 16288 --- [Dashboard-Service] [http-nio-8085-exec-1] o.s.web.servlet.DispatcherServlet        : Initializing Servlet 'dispatcherServlet'
2026-04-23T11:13:08.253+05:30  INFO 16288 --- [Dashboard-Service] [http-nio-8085-exec-1] o.s.web.servlet.DispatcherServlet        : Completed initialization in 3 ms
2026-04-23T11:13:08.349+05:30  INFO 16288 --- [Dashboard-Service] [http-nio-8085-exec-1] c.d.controller.DashboardController       : Faculty dashboard requested by: ANONYMOUS for facultyUniversityId: FAC000006
2026-04-23T11:13:09.040+05:30  INFO 16288 --- [Dashboard-Service] [http-nio-8085-exec-1] c.d.service.impl.DashboardServiceImpl    : Raw schedule response for FAC000006 => {additionalProp1=11:00-12:00 Math, additionalProp2=12:00-1:00 PHY, additionalProp3=2:00-3:00CHE, additionalProp4=3:00-5:00BEEE, additionalProp5=10:00-11:00 COMPUTER}
2026-04-23T11:13:09.041+05:30  INFO 16288 --- [Dashboard-Service] [http-nio-8085-exec-1] c.d.service.impl.DashboardServiceImpl    : Today schedule for FAC000006 => [{course=N/A, time=11:00-12:00 Math, day=THURSDAY}, {course=N/A, time=12:00-1:00 PHY, day=THURSDAY}, {course=N/A, time=2:00-3:00CHE, day=THURSDAY}, {course=N/A, time=3:00-5:00BEEE, day=THURSDAY}, {course=N/A, time=10:00-11:00 COMPUTER, day=THURSDAY}]
2026-04-23T11:14:29.447+05:30  INFO 16288 --- [Dashboard-Service] [AsyncResolver-bootstrap-executor-%d] c.n.d.s.r.aws.ConfigClusterResolver      : Resolving eureka endpoints via configuration
2026-04-23T11:14:49.707+05:30  INFO 16288 --- [Dashboard-Service] [http-nio-8085-exec-5] c.d.controller.DashboardController       : Faculty dashboard requested by: ANONYMOUS for facultyUniversityId: FAC000006
2026-04-23T11:14:49.792+05:30  INFO 16288 --- [Dashboard-Service] [http-nio-8085-exec-5] c.d.service.impl.DashboardServiceImpl    : Raw schedule response for FAC000006 => {additionalProp1=11:00-12:00 Math, additionalProp2=12:00-1:00 PHY, additionalProp3=2:00-3:00CHE, additionalProp4=3:00-5:00BEEE, additionalProp5=10:00-11:00 COMPUTER}
2026-04-23T11:14:49.793+05:30  INFO 16288 --- [Dashboard-Service] [http-nio-8085-exec-5] c.d.service.impl.DashboardServiceImpl    : Today schedule for FAC000006 => [{course=N/A, time=11:00-12:00 Math, day=THURSDAY}, {course=N/A, time=12:00-1:00 PHY, day=THURSDAY}, {course=N/A, time=2:00-3:00CHE, day=THURSDAY}, {course=N/A, time=3:00-5:00BEEE, day=THURSDAY}, {course=N/A, time=10:00-11:00 COMPUTER, day=THURSDAY}]
2026-04-23T11:17:52.235+05:30  INFO 16288 --- [Dashboard-Service] [http-nio-8085-exec-8] c.d.controller.DashboardController       : Faculty dashboard requested by: ANONYMOUS for facultyUniversityId: FAC000006
2026-04-23T11:17:52.298+05:30  INFO 16288 --- [Dashboard-Service] [http-nio-8085-exec-8] c.d.service.impl.DashboardServiceImpl    : Raw schedule response for FAC000006 => {additionalProp1=11:00-12:00 Math, additionalProp2=12:00-1:00 PHY, additionalProp3=2:00-3:00CHE, additionalProp4=3:00-5:00BEEE, additionalProp5=10:00-11:00 COMPUTER}
2026-04-23T11:17:52.298+05:30  INFO 16288 --- [Dashboard-Service] [http-nio-8085-exec-8] c.d.service.impl.DashboardServiceImpl    : Today schedule for FAC000006 => [{course=N/A, time=11:00-12:00 Math, day=THURSDAY}, {course=N/A, time=12:00-1:00 PHY, day=THURSDAY}, {course=N/A, time=2:00-3:00CHE, day=THURSDAY}, {course=N/A, time=3:00-5:00BEEE, day=THURSDAY}, {course=N/A, time=10:00-11:00 COMPUTER, day=THURSDAY}]
2026-04-23T11:18:04.322+05:30  INFO 16288 --- [Dashboard-Service] [http-nio-8085-exec-2] c.d.controller.DashboardController       : Faculty dashboard requested by: ANONYMOUS for facultyUniversityId: FAC000006
2026-04-23T11:18:04.380+05:30  INFO 16288 --- [Dashboard-Service] [http-nio-8085-exec-2] c.d.service.impl.DashboardServiceImpl    : Raw schedule response for FAC000006 => {additionalProp1=11:00-12:00 Math, additionalProp2=12:00-1:00 PHY, additionalProp3=2:00-3:00CHE, additionalProp4=3:00-5:00BEEE, additionalProp5=10:00-11:00 COMPUTER}
2026-04-23T11:18:04.381+05:30  INFO 16288 --- [Dashboard-Service] [http-nio-8085-exec-2] c.d.service.impl.DashboardServiceImpl    : Today schedule for FAC000006 => [{course=N/A, time=11:00-12:00 Math, day=THURSDAY}, {course=N/A, time=12:00-1:00 PHY, day=THURSDAY}, {course=N/A, time=2:00-3:00CHE, day=THURSDAY}, {course=N/A, time=3:00-5:00BEEE, day=THURSDAY}, {course=N/A, time=10:00-11:00 COMPUTER, day=THURSDAY}]
2026-04-23T11:18:18.265+05:30  INFO 16288 --- [Dashboard-Service] [http-nio-8085-exec-3] c.d.controller.DashboardController       : Faculty dashboard requested by: ANONYMOUS for facultyUniversityId: FAC000006
2026-04-23T11:18:18.323+05:30  INFO 16288 --- [Dashboard-Service] [http-nio-8085-exec-3] c.d.service.impl.DashboardServiceImpl    : Raw schedule response for FAC000006 => {additionalProp1=11:00-12:00 Math, additionalProp2=12:00-1:00 PHY, additionalProp3=2:00-3:00CHE, additionalProp4=3:00-5:00BEEE, additionalProp5=10:00-11:00 COMPUTER}
2026-04-23T11:18:18.323+05:30  INFO 16288 --- [Dashboard-Service] [http-nio-8085-exec-3] c.d.service.impl.DashboardServiceImpl    : Today schedule for FAC000006 => [{course=N/A, time=11:00-12:00 Math, day=THURSDAY}, {course=N/A, time=12:00-1:00 PHY, day=THURSDAY}, {course=N/A, time=2:00-3:00CHE, day=THURSDAY}, {course=N/A, time=3:00-5:00BEEE, day=THURSDAY}, {course=N/A, time=10:00-11:00 COMPUTER, day=THURSDAY}]
2026-04-23T11:19:27.660+05:30  INFO 16288 --- [Dashboard-Service] [http-nio-8085-exec-10] c.d.controller.DashboardController       : Faculty dashboard requested by: ANONYMOUS for facultyUniversityId: FAC000006
2026-04-23T11:19:27.731+05:30  INFO 16288 --- [Dashboard-Service] [http-nio-8085-exec-10] c.d.service.impl.DashboardServiceImpl    : Raw schedule response for FAC000006 => {additionalProp1=11:00-12:00 Math, additionalProp2=12:00-1:00 PHY, additionalProp3=2:00-3:00CHE, additionalProp4=3:00-5:00BEEE, additionalProp5=10:00-11:00 COMPUTER}
2026-04-23T11:19:27.732+05:30  INFO 16288 --- [Dashboard-Service] [http-nio-8085-exec-10] c.d.service.impl.DashboardServiceImpl    : Today schedule for FAC000006 => [{course=N/A, time=11:00-12:00 Math, day=THURSDAY}, {course=N/A, time=12:00-1:00 PHY, day=THURSDAY}, {course=N/A, time=2:00-3:00CHE, day=THURSDAY}, {course=N/A, time=3:00-5:00BEEE, day=THURSDAY}, {course=N/A, time=10:00-11:00 COMPUTER, day=THURSDAY}]
2026-04-23T11:19:29.452+05:30  INFO 16288 --- [Dashboard-Service] [AsyncResolver-bootstrap-executor-%d] c.n.d.s.r.aws.ConfigClusterResolver      : Resolving eureka endpoints via configuration
2026-04-23T11:19:42.646+05:30  INFO 16288 --- [Dashboard-Service] [http-nio-8085-exec-4] c.d.controller.DashboardController       : Faculty dashboard requested by: ANONYMOUS for facultyUniversityId: FAC000006
2026-04-23T11:19:42.726+05:30  INFO 16288 --- [Dashboard-Service] [http-nio-8085-exec-4] c.d.service.impl.DashboardServiceImpl    : Raw schedule response for FAC000006 => {additionalProp1=11:00-12:00 Math, additionalProp2=12:00-1:00 PHY, additionalProp3=2:00-3:00CHE, additionalProp4=3:00-5:00BEEE, additionalProp5=10:00-11:00 COMPUTER}
2026-04-23T11:19:42.727+05:30  INFO 16288 --- [Dashboard-Service] [http-nio-8085-exec-4] c.d.service.impl.DashboardServiceImpl    : Today schedule for FAC000006 => [{course=N/A, time=11:00-12:00 Math, day=THURSDAY}, {course=N/A, time=12:00-1:00 PHY, day=THURSDAY}, {course=N/A, time=2:00-3:00CHE, day=THURSDAY}, {course=N/A, time=3:00-5:00BEEE, day=THURSDAY}, {course=N/A, time=10:00-11:00 COMPUTER, day=THURSDAY}]
2026-04-23T11:19:58.847+05:30  INFO 16288 --- [Dashboard-Service] [http-nio-8085-exec-1] c.d.controller.DashboardController       : Faculty dashboard requested by: ANONYMOUS for facultyUniversityId: FAC000006
2026-04-23T11:19:58.926+05:30  INFO 16288 --- [Dashboard-Service] [http-nio-8085-exec-1] c.d.service.impl.DashboardServiceImpl    : Raw schedule response for FAC000006 => {additionalProp1=11:00-12:00 Math, additionalProp2=12:00-1:00 PHY, additionalProp3=2:00-3:00CHE, additionalProp4=3:00-5:00BEEE, additionalProp5=10:00-11:00 COMPUTER}
2026-04-23T11:19:58.927+05:30  INFO 16288 --- [Dashboard-Service] [http-nio-8085-exec-1] c.d.service.impl.DashboardServiceImpl    : Today schedule for FAC000006 => [{course=N/A, time=11:00-12:00 Math, day=THURSDAY}, {course=N/A, time=12:00-1:00 PHY, day=THURSDAY}, {course=N/A, time=2:00-3:00CHE, day=THURSDAY}, {course=N/A, time=3:00-5:00BEEE, day=THURSDAY}, {course=N/A, time=10:00-11:00 COMPUTER, day=THURSDAY}]
2026-04-23T11:24:29.459+05:30  INFO 16288 --- [Dashboard-Service] [AsyncResolver-bootstrap-executor-%d] c.n.d.s.r.aws.ConfigClusterResolver      : Resolving eureka endpoints via configuration
2026-04-23T11:25:05.704+05:30  INFO 16288 --- [Dashboard-Service] [http-nio-8085-exec-5] c.d.controller.DashboardController       : Faculty dashboard requested by: ANONYMOUS for facultyUniversityId: FAC000006
2026-04-23T11:25:05.769+05:30  INFO 16288 --- [Dashboard-Service] [http-nio-8085-exec-5] c.d.service.impl.DashboardServiceImpl    : Raw schedule response for FAC000006 => {additionalProp1=11:00-12:00 Math, additionalProp2=12:00-1:00 PHY, additionalProp3=2:00-3:00CHE, additionalProp4=3:00-5:00BEEE, additionalProp5=10:00-11:00 COMPUTER}
2026-04-23T11:25:05.769+05:30  INFO 16288 --- [Dashboard-Service] [http-nio-8085-exec-5] c.d.service.impl.DashboardServiceImpl    : Today schedule for FAC000006 => [{course=N/A, time=11:00-12:00 Math, day=THURSDAY}, {course=N/A, time=12:00-1:00 PHY, day=THURSDAY}, {course=N/A, time=2:00-3:00CHE, day=THURSDAY}, {course=N/A, time=3:00-5:00BEEE, day=THURSDAY}, {course=N/A, time=10:00-11:00 COMPUTER, day=THURSDAY}]
2026-04-23T11:25:15.917+05:30  INFO 16288 --- [Dashboard-Service] [http-nio-8085-exec-6] c.d.controller.DashboardController       : Faculty dashboard requested by: ANONYMOUS for facultyUniversityId: FAC000006
2026-04-23T11:25:15.989+05:30  INFO 16288 --- [Dashboard-Service] [http-nio-8085-exec-6] c.d.service.impl.DashboardServiceImpl    : Raw schedule response for FAC000006 => {additionalProp1=11:00-12:00 Math, additionalProp2=12:00-1:00 PHY, additionalProp3=2:00-3:00CHE, additionalProp4=3:00-5:00BEEE, additionalProp5=10:00-11:00 COMPUTER}
2026-04-23T11:25:15.989+05:30  INFO 16288 --- [Dashboard-Service] [http-nio-8085-exec-6] c.d.service.impl.DashboardServiceImpl    : Today schedule for FAC000006 => [{course=N/A, time=11:00-12:00 Math, day=THURSDAY}, {course=N/A, time=12:00-1:00 PHY, day=THURSDAY}, {course=N/A, time=2:00-3:00CHE, day=THURSDAY}, {course=N/A, time=3:00-5:00BEEE, day=THURSDAY}, {course=N/A, time=10:00-11:00 COMPUTER, day=THURSDAY}]
2026-04-23T11:28:42.916+05:30  INFO 16288 --- [Dashboard-Service] [http-nio-8085-exec-2] c.d.controller.DashboardController       : Faculty dashboard requested by: ANONYMOUS for facultyUniversityId: FAC000006
2026-04-23T11:28:42.985+05:30  INFO 16288 --- [Dashboard-Service] [http-nio-8085-exec-2] c.d.service.impl.DashboardServiceImpl    : Raw schedule response for FAC000006 => {additionalProp1=11:00-12:00 Math, additionalProp2=12:00-1:00 PHY, additionalProp3=2:00-3:00CHE, additionalProp4=3:00-5:00BEEE, additionalProp5=10:00-11:00 COMPUTER}
2026-04-23T11:28:42.985+05:30  INFO 16288 --- [Dashboard-Service] [http-nio-8085-exec-2] c.d.service.impl.DashboardServiceImpl    : Today schedule for FAC000006 => [{course=N/A, time=11:00-12:00 Math, day=THURSDAY}, {course=N/A, time=12:00-1:00 PHY, day=THURSDAY}, {course=N/A, time=2:00-3:00CHE, day=THURSDAY}, {course=N/A, time=3:00-5:00BEEE, day=THURSDAY}, {course=N/A, time=10:00-11:00 COMPUTER, day=THURSDAY}]
2026-04-23T11:29:29.460+05:30  INFO 16288 --- [Dashboard-Service] [AsyncResolver-bootstrap-executor-%d] c.n.d.s.r.aws.ConfigClusterResolver      : Resolving eureka endpoints via configuration
2026-04-23T11:31:23.146+05:30  INFO 16288 --- [Dashboard-Service] [http-nio-8085-exec-9] c.d.controller.DashboardController       : Faculty dashboard requested by: ANONYMOUS for facultyUniversityId: FAC000006
2026-04-23T11:31:23.213+05:30  INFO 16288 --- [Dashboard-Service] [http-nio-8085-exec-9] c.d.service.impl.DashboardServiceImpl    : Raw schedule response for FAC000006 => {additionalProp1=11:00-12:00 Math, additionalProp2=12:00-1:00 PHY, additionalProp3=2:00-3:00CHE, additionalProp4=3:00-5:00BEEE, additionalProp5=10:00-11:00 COMPUTER}
2026-04-23T11:31:23.213+05:30  INFO 16288 --- [Dashboard-Service] [http-nio-8085-exec-9] c.d.service.impl.DashboardServiceImpl    : Today schedule for FAC000006 => [{course=N/A, time=11:00-12:00 Math, day=THURSDAY}, {course=N/A, time=12:00-1:00 PHY, day=THURSDAY}, {course=N/A, time=2:00-3:00CHE, day=THURSDAY}, {course=N/A, time=3:00-5:00BEEE, day=THURSDAY}, {course=N/A, time=10:00-11:00 COMPUTER, day=THURSDAY}]
2026-04-23T11:34:29.462+05:30  INFO 16288 --- [Dashboard-Service] [AsyncResolver-bootstrap-executor-%d] c.n.d.s.r.aws.ConfigClusterResolver      : Resolving eureka endpoints via configuration
2026-04-23T11:36:40.864+05:30  INFO 16288 --- [Dashboard-Service] [http-nio-8085-exec-4] c.d.controller.DashboardController       : Faculty dashboard requested by: ANONYMOUS for facultyUniversityId: FAC000006
2026-04-23T11:36:40.929+05:30  INFO 16288 --- [Dashboard-Service] [http-nio-8085-exec-4] c.d.service.impl.DashboardServiceImpl    : Raw schedule response for FAC000006 => {additionalProp1=11:00-12:00 Math, additionalProp2=12:00-1:00 PHY, additionalProp3=2:00-3:00CHE, additionalProp4=3:00-5:00BEEE, additionalProp5=10:00-11:00 COMPUTER}
2026-04-23T11:36:40.929+05:30  INFO 16288 --- [Dashboard-Service] [http-nio-8085-exec-4] c.d.service.impl.DashboardServiceImpl    : Today schedule for FAC000006 => [{course=N/A, time=11:00-12:00 Math, day=THURSDAY}, {course=N/A, time=12:00-1:00 PHY, day=THURSDAY}, {course=N/A, time=2:00-3:00CHE, day=THURSDAY}, {course=N/A, time=3:00-5:00BEEE, day=THURSDAY}, {course=N/A, time=10:00-11:00 COMPUTER, day=THURSDAY}]
2026-04-23T11:39:29.466+05:30  INFO 16288 --- [Dashboard-Service] [AsyncResolver-bootstrap-executor-%d] c.n.d.s.r.aws.ConfigClusterResolver      : Resolving eureka endpoints via configuration
2026-04-23T11:40:15.409+05:30  INFO 16288 --- [Dashboard-Service] [http-nio-8085-exec-7] c.d.controller.DashboardController       : Faculty dashboard requested by: ANONYMOUS for facultyUniversityId: FAC000006
2026-04-23T11:40:15.482+05:30  INFO 16288 --- [Dashboard-Service] [http-nio-8085-exec-7] c.d.service.impl.DashboardServiceImpl    : Raw schedule response for FAC000006 => {additionalProp1=11:00-12:00 Math, additionalProp2=12:00-1:00 PHY, additionalProp3=2:00-3:00CHE, additionalProp4=3:00-5:00BEEE, additionalProp5=10:00-11:00 COMPUTER}
2026-04-23T11:40:15.483+05:30  INFO 16288 --- [Dashboard-Service] [http-nio-8085-exec-7] c.d.service.impl.DashboardServiceImpl    : Today schedule for FAC000006 => [{course=N/A, time=11:00-12:00 Math, day=THURSDAY}, {course=N/A, time=12:00-1:00 PHY, day=THURSDAY}, {course=N/A, time=2:00-3:00CHE, day=THURSDAY}, {course=N/A, time=3:00-5:00BEEE, day=THURSDAY}, {course=N/A, time=10:00-11:00 COMPUTER, day=THURSDAY}]
2026-04-23T11:40:40.741+05:30  INFO 16288 --- [Dashboard-Service] [http-nio-8085-exec-5] c.d.controller.DashboardController       : Faculty dashboard requested by: ANONYMOUS for facultyUniversityId: FAC000006
2026-04-23T11:40:40.811+05:30  INFO 16288 --- [Dashboard-Service] [http-nio-8085-exec-5] c.d.service.impl.DashboardServiceImpl    : Raw schedule response for FAC000006 => {additionalProp1=11:00-12:00 Math, additionalProp2=12:00-1:00 PHY, additionalProp3=2:00-3:00CHE, additionalProp4=3:00-5:00BEEE, additionalProp5=10:00-11:00 COMPUTER}
2026-04-23T11:40:40.811+05:30  INFO 16288 --- [Dashboard-Service] [http-nio-8085-exec-5] c.d.service.impl.DashboardServiceImpl    : Today schedule for FAC000006 => [{course=N/A, time=11:00-12:00 Math, day=THURSDAY}, {course=N/A, time=12:00-1:00 PHY, day=THURSDAY}, {course=N/A, time=2:00-3:00CHE, day=THURSDAY}, {course=N/A, time=3:00-5:00BEEE, day=THURSDAY}, {course=N/A, time=10:00-11:00 COMPUTER, day=THURSDAY}]
2026-04-23T11:44:29.483+05:30  INFO 16288 --- [Dashboard-Service] [AsyncResolver-bootstrap-executor-%d] c.n.d.s.r.aws.ConfigClusterResolver      : Resolving eureka endpoints via configuration
2026-04-23T11:49:29.486+05:30  INFO 16288 --- [Dashboard-Service] [AsyncResolver-bootstrap-executor-%d] c.n.d.s.r.aws.ConfigClusterResolver      : Resolving eureka endpoints via configuration
2026-04-23T11:54:29.496+05:30  INFO 16288 --- [Dashboard-Service] [AsyncResolver-bootstrap-executor-%d] c.n.d.s.r.aws.ConfigClusterResolver      : Resolving eureka endpoints via configuration
2026-04-23T11:59:29.509+05:30  INFO 16288 --- [Dashboard-Service] [AsyncResolver-bootstrap-executor-%d] c.n.d.s.r.aws.ConfigClusterResolver      : Resolving eureka endpoints via configuration
2026-04-23T12:01:57.799+05:30  INFO 16288 --- [Dashboard-Service] [http-nio-8085-exec-8] c.d.controller.DashboardController       : Faculty dashboard requested by: ANONYMOUS for facultyUniversityId: FAC000006
2026-04-23T12:01:57.866+05:30  INFO 16288 --- [Dashboard-Service] [http-nio-8085-exec-8] c.d.service.impl.DashboardServiceImpl    : Raw schedule response for FAC000006 => {additionalProp1=11:00-12:00 Math, additionalProp2=12:00-1:00 PHY, additionalProp3=2:00-3:00CHE, additionalProp4=3:00-5:00BEEE, additionalProp5=10:00-11:00 COMPUTER}
2026-04-23T12:01:57.867+05:30  INFO 16288 --- [Dashboard-Service] [http-nio-8085-exec-8] c.d.service.impl.DashboardServiceImpl    : Today schedule for FAC000006 => [{course=N/A, time=11:00-12:00 Math, day=THURSDAY}, {course=N/A, time=12:00-1:00 PHY, day=THURSDAY}, {course=N/A, time=2:00-3:00CHE, day=THURSDAY}, {course=N/A, time=3:00-5:00BEEE, day=THURSDAY}, {course=N/A, time=10:00-11:00 COMPUTER, day=THURSDAY}]
2026-04-23T12:02:34.338+05:30  INFO 16288 --- [Dashboard-Service] [http-nio-8085-exec-2] c.d.controller.DashboardController       : Faculty dashboard requested by: ANONYMOUS for facultyUniversityId: FAC000006
2026-04-23T12:02:34.401+05:30  INFO 16288 --- [Dashboard-Service] [http-nio-8085-exec-2] c.d.service.impl.DashboardServiceImpl    : Raw schedule response for FAC000006 => {additionalProp1=11:00-12:00 Math, additionalProp2=12:00-1:00 PHY, additionalProp3=2:00-3:00CHE, additionalProp4=3:00-5:00BEEE, additionalProp5=10:00-11:00 COMPUTER}
2026-04-23T12:02:34.402+05:30  INFO 16288 --- [Dashboard-Service] [http-nio-8085-exec-2] c.d.service.impl.DashboardServiceImpl    : Today schedule for FAC000006 => [{course=N/A, time=11:00-12:00 Math, day=THURSDAY}, {course=N/A, time=12:00-1:00 PHY, day=THURSDAY}, {course=N/A, time=2:00-3:00CHE, day=THURSDAY}, {course=N/A, time=3:00-5:00BEEE, day=THURSDAY}, {course=N/A, time=10:00-11:00 COMPUTER, day=THURSDAY}]
2026-04-23T12:02:46.047+05:30  INFO 16288 --- [Dashboard-Service] [http-nio-8085-exec-3] c.d.controller.DashboardController       : Faculty dashboard requested by: ANONYMOUS for facultyUniversityId: FAC000006
2026-04-23T12:02:46.108+05:30  INFO 16288 --- [Dashboard-Service] [http-nio-8085-exec-3] c.d.service.impl.DashboardServiceImpl    : Raw schedule response for FAC000006 => {additionalProp1=11:00-12:00 Math, additionalProp2=12:00-1:00 PHY, additionalProp3=2:00-3:00CHE, additionalProp4=3:00-5:00BEEE, additionalProp5=10:00-11:00 COMPUTER}
2026-04-23T12:02:46.108+05:30  INFO 16288 --- [Dashboard-Service] [http-nio-8085-exec-3] c.d.service.impl.DashboardServiceImpl    : Today schedule for FAC000006 => [{course=N/A, time=11:00-12:00 Math, day=THURSDAY}, {course=N/A, time=12:00-1:00 PHY, day=THURSDAY}, {course=N/A, time=2:00-3:00CHE, day=THURSDAY}, {course=N/A, time=3:00-5:00BEEE, day=THURSDAY}, {course=N/A, time=10:00-11:00 COMPUTER, day=THURSDAY}]
2026-04-23T12:04:29.517+05:30  INFO 16288 --- [Dashboard-Service] [AsyncResolver-bootstrap-executor-%d] c.n.d.s.r.aws.ConfigClusterResolver      : Resolving eureka endpoints via configuration
2026-04-23T12:09:29.520+05:30  INFO 16288 --- [Dashboard-Service] [AsyncResolver-bootstrap-executor-%d] c.n.d.s.r.aws.ConfigClusterResolver      : Resolving eureka endpoints via configuration
2026-04-23T12:14:29.521+05:30  INFO 16288 --- [Dashboard-Service] [AsyncResolver-bootstrap-executor-%d] c.n.d.s.r.aws.ConfigClusterResolver      : Resolving eureka endpoints via configuration
2026-04-23T12:19:29.533+05:30  INFO 16288 --- [Dashboard-Service] [AsyncResolver-bootstrap-executor-%d] c.n.d.s.r.aws.ConfigClusterResolver      : Resolving eureka endpoints via configuration
2026-04-23T12:24:29.547+05:30  INFO 16288 --- [Dashboard-Service] [AsyncResolver-bootstrap-executor-%d] c.n.d.s.r.aws.ConfigClusterResolver      : Resolving eureka endpoints via configuration
2026-04-23T12:29:29.561+05:30  INFO 16288 --- [Dashboard-Service] [AsyncResolver-bootstrap-executor-%d] c.n.d.s.r.aws.ConfigClusterResolver      : Resolving eureka endpoints via configuration
2026-04-23T12:34:29.572+05:30  INFO 16288 --- [Dashboard-Service] [AsyncResolver-bootstrap-executor-%d] c.n.d.s.r.aws.ConfigClusterResolver      : Resolving eureka endpoints via configuration
2026-04-23T12:39:29.583+05:30  INFO 16288 --- [Dashboard-Service] [AsyncResolver-bootstrap-executor-%d] c.n.d.s.r.aws.ConfigClusterResolver      : Resolving eureka endpoints via configuration
2026-04-23T12:40:31.405+05:30  INFO 16288 --- [Dashboard-Service] [SpringApplicationShutdownHook] o.s.c.n.e.s.EurekaServiceRegistry        : Unregistering application DASHBOARD-SERVICE with eureka with status DOWN
2026-04-23T12:40:31.405+05:30  INFO 16288 --- [Dashboard-Service] [SpringApplicationShutdownHook] com.netflix.discovery.DiscoveryClient    : Saw local status change event StatusChangeEvent [timestamp=1776928231405, current=DOWN, previous=UP]
2026-04-23T12:40:31.407+05:30  INFO 16288 --- [Dashboard-Service] [DiscoveryClient-InstanceInfoReplicator-%d] com.netflix.discovery.DiscoveryClient    : DiscoveryClient_DASHBOARD-SERVICE/localhost:Dashboard-Service:8085: registering service...
2026-04-23T12:40:31.431+05:30  INFO 16288 --- [Dashboard-Service] [SpringApplicationShutdownHook] o.s.b.w.e.tomcat.GracefulShutdown        : Commencing graceful shutdown. Waiting for active requests to complete
2026-04-23T12:40:31.444+05:30  INFO 16288 --- [Dashboard-Service] [DiscoveryClient-InstanceInfoReplicator-%d] c.n.d.s.t.d.RedirectingEurekaHttpClient  : Request execution error. endpoint=DefaultEndpoint{ serviceUrl='http://localhost:8761/eureka/} exception=I/O error on POST request for "http://localhost:8761/eureka/apps/DASHBOARD-SERVICE": localhost:8761 failed to respond

org.springframework.web.client.ResourceAccessException: I/O error on POST request for "http://localhost:8761/eureka/apps/DASHBOARD-SERVICE": localhost:8761 failed to respond
	at org.springframework.web.client.RestTemplate.createResourceAccessException(RestTemplate.java:926) ~[spring-web-6.2.17.jar:6.2.17]
	at org.springframework.web.client.RestTemplate.doExecute(RestTemplate.java:906) ~[spring-web-6.2.17.jar:6.2.17]
	at org.springframework.web.client.RestTemplate.execute(RestTemplate.java:841) ~[spring-web-6.2.17.jar:6.2.17]
	at org.springframework.web.client.RestTemplate.exchange(RestTemplate.java:702) ~[spring-web-6.2.17.jar:6.2.17]
	at org.springframework.cloud.netflix.eureka.http.RestTemplateEurekaHttpClient.register(RestTemplateEurekaHttpClient.java:87) ~[spring-cloud-netflix-eureka-client-4.3.2.jar:4.3.2]
	at com.netflix.discovery.shared.transport.decorator.EurekaHttpClientDecorator$1.execute(EurekaHttpClientDecorator.java:59) ~[eureka-client-2.0.6.jar:2.0.6]
	at com.netflix.discovery.shared.transport.decorator.RedirectingEurekaHttpClient.execute(RedirectingEurekaHttpClient.java:90) ~[eureka-client-2.0.6.jar:2.0.6]
	at com.netflix.discovery.shared.transport.decorator.EurekaHttpClientDecorator.register(EurekaHttpClientDecorator.java:56) ~[eureka-client-2.0.6.jar:2.0.6]
	at com.netflix.discovery.shared.transport.decorator.EurekaHttpClientDecorator$1.execute(EurekaHttpClientDecorator.java:59) ~[eureka-client-2.0.6.jar:2.0.6]
	at com.netflix.discovery.shared.transport.decorator.RetryableEurekaHttpClient.execute(RetryableEurekaHttpClient.java:120) ~[eureka-client-2.0.6.jar:2.0.6]
	at com.netflix.discovery.shared.transport.decorator.EurekaHttpClientDecorator.register(EurekaHttpClientDecorator.java:56) ~[eureka-client-2.0.6.jar:2.0.6]
	at com.netflix.discovery.shared.transport.decorator.EurekaHttpClientDecorator$1.execute(EurekaHttpClientDecorator.java:59) ~[eureka-client-2.0.6.jar:2.0.6]
	at com.netflix.discovery.shared.transport.decorator.SessionedEurekaHttpClient.execute(SessionedEurekaHttpClient.java:76) ~[eureka-client-2.0.6.jar:2.0.6]
	at com.netflix.discovery.shared.transport.decorator.EurekaHttpClientDecorator.register(EurekaHttpClientDecorator.java:56) ~[eureka-client-2.0.6.jar:2.0.6]
	at com.netflix.discovery.DiscoveryClient.register(DiscoveryClient.java:843) ~[eureka-client-2.0.6.jar:2.0.6]
	at com.netflix.discovery.InstanceInfoReplicator.run(InstanceInfoReplicator.java:125) ~[eureka-client-2.0.6.jar:2.0.6]
	at com.netflix.discovery.InstanceInfoReplicator$2.run(InstanceInfoReplicator.java:105) ~[eureka-client-2.0.6.jar:2.0.6]
	at java.base/java.util.concurrent.Executors$RunnableAdapter.call(Executors.java:545) ~[na:na]
	at java.base/java.util.concurrent.FutureTask.run(FutureTask.java:328) ~[na:na]
	at java.base/java.util.concurrent.ScheduledThreadPoolExecutor$ScheduledFutureTask.run(ScheduledThreadPoolExecutor.java:309) ~[na:na]
	at java.base/java.util.concurrent.ThreadPoolExecutor.runWorker(ThreadPoolExecutor.java:1095) ~[na:na]
	at java.base/java.util.concurrent.ThreadPoolExecutor$Worker.run(ThreadPoolExecutor.java:619) ~[na:na]
	at java.base/java.lang.Thread.run(Thread.java:1447) ~[na:na]
Caused by: org.apache.hc.core5.http.NoHttpResponseException: localhost:8761 failed to respond
	at org.apache.hc.core5.http.impl.io.DefaultBHttpClientConnection.receiveResponseHeader(DefaultBHttpClientConnection.java:333) ~[httpcore5-5.3.6.jar:5.3.6]
	at org.apache.hc.core5.http.impl.io.HttpRequestExecutor.execute(HttpRequestExecutor.java:196) ~[httpcore5-5.3.6.jar:5.3.6]
	at org.apache.hc.client5.http.impl.classic.InternalExecRuntime.lambda$execute$0(InternalExecRuntime.java:236) ~[httpclient5-5.5.2.jar:5.5.2]
	at org.apache.hc.client5.http.impl.io.PoolingHttpClientConnectionManager$InternalConnectionEndpoint.execute(PoolingHttpClientConnectionManager.java:798) ~[httpclient5-5.5.2.jar:5.5.2]
	at org.apache.hc.client5.http.impl.classic.InternalExecRuntime.execute(InternalExecRuntime.java:233) ~[httpclient5-5.5.2.jar:5.5.2]
	at org.apache.hc.client5.http.impl.classic.MainClientExec.execute(MainClientExec.java:120) ~[httpclient5-5.5.2.jar:5.5.2]
	at org.apache.hc.client5.http.impl.classic.ExecChainElement.execute(ExecChainElement.java:51) ~[httpclient5-5.5.2.jar:5.5.2]
	at org.apache.hc.client5.http.impl.classic.ConnectExec.execute(ConnectExec.java:200) ~[httpclient5-5.5.2.jar:5.5.2]
	at org.apache.hc.client5.http.impl.classic.ExecChainElement.execute(ExecChainElement.java:51) ~[httpclient5-5.5.2.jar:5.5.2]
	at org.apache.hc.client5.http.impl.classic.ProtocolExec.execute(ProtocolExec.java:195) ~[httpclient5-5.5.2.jar:5.5.2]
	at org.apache.hc.client5.http.impl.classic.ExecChainElement.execute(ExecChainElement.java:51) ~[httpclient5-5.5.2.jar:5.5.2]
	at org.apache.hc.client5.http.impl.classic.ContentCompressionExec.execute(ContentCompressionExec.java:168) ~[httpclient5-5.5.2.jar:5.5.2]
	at org.apache.hc.client5.http.impl.classic.ExecChainElement.execute(ExecChainElement.java:51) ~[httpclient5-5.5.2.jar:5.5.2]
	at org.apache.hc.client5.http.impl.classic.HttpRequestRetryExec.execute(HttpRequestRetryExec.java:112) ~[httpclient5-5.5.2.jar:5.5.2]
	at org.apache.hc.client5.http.impl.classic.ExecChainElement.execute(ExecChainElement.java:51) ~[httpclient5-5.5.2.jar:5.5.2]
	at org.apache.hc.client5.http.impl.classic.RedirectExec.execute(RedirectExec.java:110) ~[httpclient5-5.5.2.jar:5.5.2]
	at org.apache.hc.client5.http.impl.classic.ExecChainElement.execute(ExecChainElement.java:51) ~[httpclient5-5.5.2.jar:5.5.2]
	at org.apache.hc.client5.http.impl.classic.InternalHttpClient.doExecute(InternalHttpClient.java:185) ~[httpclient5-5.5.2.jar:5.5.2]
	at org.apache.hc.client5.http.impl.classic.CloseableHttpClient.execute(CloseableHttpClient.java:87) ~[httpclient5-5.5.2.jar:5.5.2]
	at org.apache.hc.client5.http.impl.classic.CloseableHttpClient.execute(CloseableHttpClient.java:55) ~[httpclient5-5.5.2.jar:5.5.2]
	at org.apache.hc.client5.http.classic.HttpClient.executeOpen(HttpClient.java:183) ~[httpclient5-5.5.2.jar:5.5.2]
	at org.springframework.http.client.HttpComponentsClientHttpRequest.executeInternal(HttpComponentsClientHttpRequest.java:99) ~[spring-web-6.2.17.jar:6.2.17]
	at org.springframework.http.client.AbstractStreamingClientHttpRequest.executeInternal(AbstractStreamingClientHttpRequest.java:88) ~[spring-web-6.2.17.jar:6.2.17]
	at org.springframework.http.client.AbstractClientHttpRequest.execute(AbstractClientHttpRequest.java:81) ~[spring-web-6.2.17.jar:6.2.17]
	at org.springframework.http.client.InterceptingClientHttpRequest$InterceptingRequestExecution.execute(InterceptingClientHttpRequest.java:117) ~[spring-web-6.2.17.jar:6.2.17]
	at org.springframework.cloud.netflix.eureka.http.RestTemplateTransportClientFactory.lambda$restTemplate$2(RestTemplateTransportClientFactory.java:145) ~[spring-cloud-netflix-eureka-client-4.3.2.jar:4.3.2]
	at org.springframework.http.client.InterceptingClientHttpRequest$InterceptingRequestExecution.execute(InterceptingClientHttpRequest.java:88) ~[spring-web-6.2.17.jar:6.2.17]
	at org.springframework.http.client.InterceptingClientHttpRequest.executeInternal(InterceptingClientHttpRequest.java:72) ~[spring-web-6.2.17.jar:6.2.17]
	at org.springframework.http.client.AbstractBufferingClientHttpRequest.executeInternal(AbstractBufferingClientHttpRequest.java:48) ~[spring-web-6.2.17.jar:6.2.17]
	at org.springframework.http.client.AbstractClientHttpRequest.execute(AbstractClientHttpRequest.java:81) ~[spring-web-6.2.17.jar:6.2.17]
	at org.springframework.web.client.RestTemplate.doExecute(RestTemplate.java:900) ~[spring-web-6.2.17.jar:6.2.17]
	... 21 common frames omitted

2026-04-23T12:40:31.460+05:30  WARN 16288 --- [Dashboard-Service] [DiscoveryClient-InstanceInfoReplicator-%d] c.n.d.s.t.d.RetryableEurekaHttpClient    : Request execution failed with message: I/O error on POST request for "http://localhost:8761/eureka/apps/DASHBOARD-SERVICE": localhost:8761 failed to respond
2026-04-23T12:40:31.540+05:30  INFO 16288 --- [Dashboard-Service] [tomcat-shutdown] o.s.b.w.e.tomcat.GracefulShutdown        : Graceful shutdown complete
2026-04-23T12:40:31.554+05:30  INFO 16288 --- [Dashboard-Service] [DiscoveryClient-InstanceInfoReplicator-%d] c.n.d.s.t.d.RedirectingEurekaHttpClient  : Request execution error. endpoint=DefaultEndpoint{ serviceUrl='http://localhost:8761/eureka/}, exception=I/O error on POST request for "http://localhost:8761/eureka/apps/DASHBOARD-SERVICE": Connect to http://localhost:8761 failed: Connection refused: getsockopt

org.springframework.web.client.ResourceAccessException: I/O error on POST request for "http://localhost:8761/eureka/apps/DASHBOARD-SERVICE": Connect to http://localhost:8761 failed: Connection refused: getsockopt
	at org.springframework.web.client.RestTemplate.createResourceAccessException(RestTemplate.java:926) ~[spring-web-6.2.17.jar:6.2.17]
	at org.springframework.web.client.RestTemplate.doExecute(RestTemplate.java:906) ~[spring-web-6.2.17.jar:6.2.17]
	at org.springframework.web.client.RestTemplate.execute(RestTemplate.java:841) ~[spring-web-6.2.17.jar:6.2.17]
	at org.springframework.web.client.RestTemplate.exchange(RestTemplate.java:702) ~[spring-web-6.2.17.jar:6.2.17]
	at org.springframework.cloud.netflix.eureka.http.RestTemplateEurekaHttpClient.register(RestTemplateEurekaHttpClient.java:87) ~[spring-cloud-netflix-eureka-client-4.3.2.jar:4.3.2]
	at com.netflix.discovery.shared.transport.decorator.EurekaHttpClientDecorator$1.execute(EurekaHttpClientDecorator.java:59) ~[eureka-client-2.0.6.jar:2.0.6]
	at com.netflix.discovery.shared.transport.decorator.RedirectingEurekaHttpClient.executeOnNewServer(RedirectingEurekaHttpClient.java:120) ~[eureka-client-2.0.6.jar:2.0.6]
	at com.netflix.discovery.shared.transport.decorator.RedirectingEurekaHttpClient.execute(RedirectingEurekaHttpClient.java:79) ~[eureka-client-2.0.6.jar:2.0.6]
	at com.netflix.discovery.shared.transport.decorator.EurekaHttpClientDecorator.register(EurekaHttpClientDecorator.java:56) ~[eureka-client-2.0.6.jar:2.0.6]
	at com.netflix.discovery.shared.transport.decorator.EurekaHttpClientDecorator$1.execute(EurekaHttpClientDecorator.java:59) ~[eureka-client-2.0.6.jar:2.0.6]
	at com.netflix.discovery.shared.transport.decorator.RetryableEurekaHttpClient.execute(RetryableEurekaHttpClient.java:120) ~[eureka-client-2.0.6.jar:2.0.6]
	at com.netflix.discovery.shared.transport.decorator.EurekaHttpClientDecorator.register(EurekaHttpClientDecorator.java:56) ~[eureka-client-2.0.6.jar:2.0.6]
	at com.netflix.discovery.shared.transport.decorator.EurekaHttpClientDecorator$1.execute(EurekaHttpClientDecorator.java:59) ~[eureka-client-2.0.6.jar:2.0.6]
	at com.netflix.discovery.shared.transport.decorator.SessionedEurekaHttpClient.execute(SessionedEurekaHttpClient.java:76) ~[eureka-client-2.0.6.jar:2.0.6]
	at com.netflix.discovery.shared.transport.decorator.EurekaHttpClientDecorator.register(EurekaHttpClientDecorator.java:56) ~[eureka-client-2.0.6.jar:2.0.6]
	at com.netflix.discovery.DiscoveryClient.register(DiscoveryClient.java:843) ~[eureka-client-2.0.6.jar:2.0.6]
	at com.netflix.discovery.InstanceInfoReplicator.run(InstanceInfoReplicator.java:125) ~[eureka-client-2.0.6.jar:2.0.6]
	at com.netflix.discovery.InstanceInfoReplicator$2.run(InstanceInfoReplicator.java:105) ~[eureka-client-2.0.6.jar:2.0.6]
	at java.base/java.util.concurrent.Executors$RunnableAdapter.call(Executors.java:545) ~[na:na]
	at java.base/java.util.concurrent.FutureTask.run(FutureTask.java:328) ~[na:na]
	at java.base/java.util.concurrent.ScheduledThreadPoolExecutor$ScheduledFutureTask.run(ScheduledThreadPoolExecutor.java:309) ~[na:na]
	at java.base/java.util.concurrent.ThreadPoolExecutor.runWorker(ThreadPoolExecutor.java:1095) ~[na:na]
	at java.base/java.util.concurrent.ThreadPoolExecutor$Worker.run(ThreadPoolExecutor.java:619) ~[na:na]
	at java.base/java.lang.Thread.run(Thread.java:1447) ~[na:na]
Caused by: org.apache.hc.client5.http.HttpHostConnectException: Connect to http://localhost:8761 failed: Connection refused: getsockopt
	at java.base/sun.nio.ch.Net.pollConnect(Native Method) ~[na:na]
	at java.base/sun.nio.ch.Net.pollConnectNow(Net.java:628) ~[na:na]
	at java.base/sun.nio.ch.NioSocketImpl.timedFinishConnect(NioSocketImpl.java:533) ~[na:na]
	at java.base/sun.nio.ch.NioSocketImpl.connect(NioSocketImpl.java:583) ~[na:na]
	at java.base/java.net.SocksSocketImpl.connect(SocksSocketImpl.java:282) ~[na:na]
	at java.base/java.net.Socket.connect(Socket.java:665) ~[na:na]
	at org.apache.hc.client5.http.impl.io.DefaultHttpClientConnectionOperator.connect(DefaultHttpClientConnectionOperator.java:226) ~[httpclient5-5.5.2.jar:5.5.2]
	at org.apache.hc.client5.http.impl.io.PoolingHttpClientConnectionManager.connect(PoolingHttpClientConnectionManager.java:497) ~[httpclient5-5.5.2.jar:5.5.2]
	at org.apache.hc.client5.http.impl.classic.InternalExecRuntime.connectEndpoint(InternalExecRuntime.java:164) ~[httpclient5-5.5.2.jar:5.5.2]
	at org.apache.hc.client5.http.impl.classic.InternalExecRuntime.connectEndpoint(InternalExecRuntime.java:174) ~[httpclient5-5.5.2.jar:5.5.2]
	at org.apache.hc.client5.http.impl.classic.ConnectExec.execute(ConnectExec.java:144) ~[httpclient5-5.5.2.jar:5.5.2]
	at org.apache.hc.client5.http.impl.classic.ExecChainElement.execute(ExecChainElement.java:51) ~[httpclient5-5.5.2.jar:5.5.2]
	at org.apache.hc.client5.http.impl.classic.ProtocolExec.execute(ProtocolExec.java:195) ~[httpclient5-5.5.2.jar:5.5.2]
	at org.apache.hc.client5.http.impl.classic.ExecChainElement.execute(ExecChainElement.java:51) ~[httpclient5-5.5.2.jar:5.5.2]
	at org.apache.hc.client5.http.impl.classic.ContentCompressionExec.execute(ContentCompressionExec.java:168) ~[httpclient5-5.5.2.jar:5.5.2]
	at org.apache.hc.client5.http.impl.classic.ExecChainElement.execute(ExecChainElement.java:51) ~[httpclient5-5.5.2.jar:5.5.2]
	at org.apache.hc.client5.http.impl.classic.HttpRequestRetryExec.execute(HttpRequestRetryExec.java:112) ~[httpclient5-5.5.2.jar:5.5.2]
	at org.apache.hc.client5.http.impl.classic.ExecChainElement.execute(ExecChainElement.java:51) ~[httpclient5-5.5.2.jar:5.5.2]
	at org.apache.hc.client5.http.impl.classic.RedirectExec.execute(RedirectExec.java:110) ~[httpclient5-5.5.2.jar:5.5.2]
	at org.apache.hc.client5.http.impl.classic.ExecChainElement.execute(ExecChainElement.java:51) ~[httpclient5-5.5.2.jar:5.5.2]
	at org.apache.hc.client5.http.impl.classic.InternalHttpClient.doExecute(InternalHttpClient.java:185) ~[httpclient5-5.5.2.jar:5.5.2]
	at org.apache.hc.client5.http.impl.classic.CloseableHttpClient.execute(CloseableHttpClient.java:87) ~[httpclient5-5.5.2.jar:5.5.2]
	at org.apache.hc.client5.http.impl.classic.CloseableHttpClient.execute(CloseableHttpClient.java:55) ~[httpclient5-5.5.2.jar:5.5.2]
	at org.apache.hc.client5.http.classic.HttpClient.executeOpen(HttpClient.java:183) ~[httpclient5-5.5.2.jar:5.5.2]
	at org.springframework.http.client.HttpComponentsClientHttpRequest.executeInternal(HttpComponentsClientHttpRequest.java:99) ~[spring-web-6.2.17.jar:6.2.17]
	at org.springframework.http.client.AbstractStreamingClientHttpRequest.executeInternal(AbstractStreamingClientHttpRequest.java:88) ~[spring-web-6.2.17.jar:6.2.17]
	at org.springframework.http.client.AbstractClientHttpRequest.execute(AbstractClientHttpRequest.java:81) ~[spring-web-6.2.17.jar:6.2.17]
	at org.springframework.http.client.InterceptingClientHttpRequest$InterceptingRequestExecution.execute(InterceptingClientHttpRequest.java:117) ~[spring-web-6.2.17.jar:6.2.17]
	at org.springframework.cloud.netflix.eureka.http.RestTemplateTransportClientFactory.lambda$restTemplate$2(RestTemplateTransportClientFactory.java:145) ~[spring-cloud-netflix-eureka-client-4.3.2.jar:4.3.2]
	at org.springframework.http.client.InterceptingClientHttpRequest$InterceptingRequestExecution.execute(InterceptingClientHttpRequest.java:88) ~[spring-web-6.2.17.jar:6.2.17]
	at org.springframework.http.client.InterceptingClientHttpRequest.executeInternal(InterceptingClientHttpRequest.java:72) ~[spring-web-6.2.17.jar:6.2.17]
	at org.springframework.http.client.AbstractBufferingClientHttpRequest.executeInternal(AbstractBufferingClientHttpRequest.java:48) ~[spring-web-6.2.17.jar:6.2.17]
	at org.springframework.http.client.AbstractClientHttpRequest.execute(AbstractClientHttpRequest.java:81) ~[spring-web-6.2.17.jar:6.2.17]
	at org.springframework.web.client.RestTemplate.doExecute(RestTemplate.java:900) ~[spring-web-6.2.17.jar:6.2.17]
	... 22 common frames omitted

2026-04-23T12:40:31.556+05:30  WARN 16288 --- [Dashboard-Service] [DiscoveryClient-InstanceInfoReplicator-%d] c.n.d.s.t.d.RetryableEurekaHttpClient    : Request execution failed with message: I/O error on POST request for "http://localhost:8761/eureka/apps/DASHBOARD-SERVICE": Connect to http://localhost:8761 failed: Connection refused: getsockopt
2026-04-23T12:40:31.558+05:30  WARN 16288 --- [Dashboard-Service] [DiscoveryClient-InstanceInfoReplicator-%d] com.netflix.discovery.DiscoveryClient    : DiscoveryClient_DASHBOARD-SERVICE/localhost:Dashboard-Service:8085 - registration failed Cannot execute request on any known server

com.netflix.discovery.shared.transport.TransportException: Cannot execute request on any known server
	at com.netflix.discovery.shared.transport.decorator.RetryableEurekaHttpClient.execute(RetryableEurekaHttpClient.java:112) ~[eureka-client-2.0.6.jar:2.0.6]
	at com.netflix.discovery.shared.transport.decorator.EurekaHttpClientDecorator.register(EurekaHttpClientDecorator.java:56) ~[eureka-client-2.0.6.jar:2.0.6]
	at com.netflix.discovery.shared.transport.decorator.EurekaHttpClientDecorator$1.execute(EurekaHttpClientDecorator.java:59) ~[eureka-client-2.0.6.jar:2.0.6]
	at com.netflix.discovery.shared.transport.decorator.SessionedEurekaHttpClient.execute(SessionedEurekaHttpClient.java:76) ~[eureka-client-2.0.6.jar:2.0.6]
	at com.netflix.discovery.shared.transport.decorator.EurekaHttpClientDecorator.register(EurekaHttpClientDecorator.java:56) ~[eureka-client-2.0.6.jar:2.0.6]
	at com.netflix.discovery.DiscoveryClient.register(DiscoveryClient.java:843) ~[eureka-client-2.0.6.jar:2.0.6]
	at com.netflix.discovery.InstanceInfoReplicator.run(InstanceInfoReplicator.java:125) ~[eureka-client-2.0.6.jar:2.0.6]
	at com.netflix.discovery.InstanceInfoReplicator$2.run(InstanceInfoReplicator.java:105) ~[eureka-client-2.0.6.jar:2.0.6]
	at java.base/java.util.concurrent.Executors$RunnableAdapter.call(Executors.java:545) ~[na:na]
	at java.base/java.util.concurrent.FutureTask.run(FutureTask.java:328) ~[na:na]
	at java.base/java.util.concurrent.ScheduledThreadPoolExecutor$ScheduledFutureTask.run(ScheduledThreadPoolExecutor.java:309) ~[na:na]
	at java.base/java.util.concurrent.ThreadPoolExecutor.runWorker(ThreadPoolExecutor.java:1095) ~[na:na]
	at java.base/java.util.concurrent.ThreadPoolExecutor$Worker.run(ThreadPoolExecutor.java:619) ~[na:na]
	at java.base/java.lang.Thread.run(Thread.java:1447) ~[na:na]

2026-04-23T12:40:31.560+05:30  WARN 16288 --- [Dashboard-Service] [DiscoveryClient-InstanceInfoReplicator-%d] c.n.discovery.InstanceInfoReplicator     : There was a problem with the instance info replicator

com.netflix.discovery.shared.transport.TransportException: Cannot execute request on any known server
	at com.netflix.discovery.shared.transport.decorator.RetryableEurekaHttpClient.execute(RetryableEurekaHttpClient.java:112) ~[eureka-client-2.0.6.jar:2.0.6]
	at com.netflix.discovery.shared.transport.decorator.EurekaHttpClientDecorator.register(EurekaHttpClientDecorator.java:56) ~[eureka-client-2.0.6.jar:2.0.6]
	at com.netflix.discovery.shared.transport.decorator.EurekaHttpClientDecorator$1.execute(EurekaHttpClientDecorator.java:59) ~[eureka-client-2.0.6.jar:2.0.6]
	at com.netflix.discovery.shared.transport.decorator.SessionedEurekaHttpClient.execute(SessionedEurekaHttpClient.java:76) ~[eureka-client-2.0.6.jar:2.0.6]
	at com.netflix.discovery.shared.transport.decorator.EurekaHttpClientDecorator.register(EurekaHttpClientDecorator.java:56) ~[eureka-client-2.0.6.jar:2.0.6]
	at com.netflix.discovery.DiscoveryClient.register(DiscoveryClient.java:843) ~[eureka-client-2.0.6.jar:2.0.6]
	at com.netflix.discovery.InstanceInfoReplicator.run(InstanceInfoReplicator.java:125) ~[eureka-client-2.0.6.jar:2.0.6]
	at com.netflix.discovery.InstanceInfoReplicator$2.run(InstanceInfoReplicator.java:105) ~[eureka-client-2.0.6.jar:2.0.6]
	at java.base/java.util.concurrent.Executors$RunnableAdapter.call(Executors.java:545) ~[na:na]
	at java.base/java.util.concurrent.FutureTask.run(FutureTask.java:328) ~[na:na]
	at java.base/java.util.concurrent.ScheduledThreadPoolExecutor$ScheduledFutureTask.run(ScheduledThreadPoolExecutor.java:309) ~[na:na]
	at java.base/java.util.concurrent.ThreadPoolExecutor.runWorker(ThreadPoolExecutor.java:1095) ~[na:na]
	at java.base/java.util.concurrent.ThreadPoolExecutor$Worker.run(ThreadPoolExecutor.java:619) ~[na:na]
	at java.base/java.lang.Thread.run(Thread.java:1447) ~[na:na]

2026-04-23T12:40:31.599+05:30  INFO 16288 --- [Dashboard-Service] [SpringApplicationShutdownHook] com.netflix.discovery.DiscoveryClient    : Shutting down DiscoveryClient ...
2026-04-23T12:40:34.604+05:30  INFO 16288 --- [Dashboard-Service] [SpringApplicationShutdownHook] com.netflix.discovery.DiscoveryClient    : Unregistering ...
2026-04-23T12:40:34.627+05:30  INFO 16288 --- [Dashboard-Service] [SpringApplicationShutdownHook] c.n.d.s.t.d.RedirectingEurekaHttpClient  : Request execution error. endpoint=DefaultEndpoint{ serviceUrl='http://localhost:8761/eureka/}, exception=I/O error on DELETE request for "http://localhost:8761/eureka/apps/DASHBOARD-SERVICE/localhost:Dashboard-Service:8085": Connect to http://localhost:8761 failed: Connection refused: getsockopt

org.springframework.web.client.ResourceAccessException: I/O error on DELETE request for "http://localhost:8761/eureka/apps/DASHBOARD-SERVICE/localhost:Dashboard-Service:8085": Connect to http://localhost:8761 failed: Connection refused: getsockopt
	at org.springframework.web.client.RestTemplate.createResourceAccessException(RestTemplate.java:926) ~[spring-web-6.2.17.jar:6.2.17]
	at org.springframework.web.client.RestTemplate.doExecute(RestTemplate.java:906) ~[spring-web-6.2.17.jar:6.2.17]
	at org.springframework.web.client.RestTemplate.execute(RestTemplate.java:841) ~[spring-web-6.2.17.jar:6.2.17]
	at org.springframework.web.client.RestTemplate.exchange(RestTemplate.java:702) ~[spring-web-6.2.17.jar:6.2.17]
	at org.springframework.cloud.netflix.eureka.http.RestTemplateEurekaHttpClient.cancel(RestTemplateEurekaHttpClient.java:100) ~[spring-cloud-netflix-eureka-client-4.3.2.jar:4.3.2]
	at com.netflix.discovery.shared.transport.decorator.EurekaHttpClientDecorator$2.execute(EurekaHttpClientDecorator.java:74) ~[eureka-client-2.0.6.jar:2.0.6]
	at com.netflix.discovery.shared.transport.decorator.RedirectingEurekaHttpClient.executeOnNewServer(RedirectingEurekaHttpClient.java:120) ~[eureka-client-2.0.6.jar:2.0.6]
	at com.netflix.discovery.shared.transport.decorator.RedirectingEurekaHttpClient.execute(RedirectingEurekaHttpClient.java:79) ~[eureka-client-2.0.6.jar:2.0.6]
	at com.netflix.discovery.shared.transport.decorator.EurekaHttpClientDecorator.cancel(EurekaHttpClientDecorator.java:71) ~[eureka-client-2.0.6.jar:2.0.6]
	at com.netflix.discovery.shared.transport.decorator.EurekaHttpClientDecorator$2.execute(EurekaHttpClientDecorator.java:74) ~[eureka-client-2.0.6.jar:2.0.6]
	at com.netflix.discovery.shared.transport.decorator.RetryableEurekaHttpClient.execute(RetryableEurekaHttpClient.java:120) ~[eureka-client-2.0.6.jar:2.0.6]
	at com.netflix.discovery.shared.transport.decorator.EurekaHttpClientDecorator.cancel(EurekaHttpClientDecorator.java:71) ~[eureka-client-2.0.6.jar:2.0.6]
	at com.netflix.discovery.shared.transport.decorator.EurekaHttpClientDecorator$2.execute(EurekaHttpClientDecorator.java:74) ~[eureka-client-2.0.6.jar:2.0.6]
	at com.netflix.discovery.shared.transport.decorator.SessionedEurekaHttpClient.execute(SessionedEurekaHttpClient.java:76) ~[eureka-client-2.0.6.jar:2.0.6]
	at com.netflix.discovery.shared.transport.decorator.EurekaHttpClientDecorator.cancel(EurekaHttpClientDecorator.java:71) ~[eureka-client-2.0.6.jar:2.0.6]
	at com.netflix.discovery.DiscoveryClient.unregister(DiscoveryClient.java:934) ~[eureka-client-2.0.6.jar:2.0.6]
	at com.netflix.discovery.DiscoveryClient.shutdown(DiscoveryClient.java:915) ~[eureka-client-2.0.6.jar:2.0.6]
	at java.base/jdk.internal.reflect.DirectMethodHandleAccessor.invoke(DirectMethodHandleAccessor.java:104) ~[na:na]
	at java.base/java.lang.reflect.Method.invoke(Method.java:565) ~[na:na]
	at org.springframework.beans.factory.annotation.InitDestroyAnnotationBeanPostProcessor$LifecycleMethod.invoke(InitDestroyAnnotationBeanPostProcessor.java:457) ~[spring-beans-6.2.17.jar:6.2.17]
	at org.springframework.beans.factory.annotation.InitDestroyAnnotationBeanPostProcessor$LifecycleMetadata.invokeDestroyMethods(InitDestroyAnnotationBeanPostProcessor.java:415) ~[spring-beans-6.2.17.jar:6.2.17]
	at org.springframework.beans.factory.annotation.InitDestroyAnnotationBeanPostProcessor.postProcessBeforeDestruction(InitDestroyAnnotationBeanPostProcessor.java:239) ~[spring-beans-6.2.17.jar:6.2.17]
	at org.springframework.beans.factory.support.DisposableBeanAdapter.destroy(DisposableBeanAdapter.java:203) ~[spring-beans-6.2.17.jar:6.2.17]
	at org.springframework.beans.factory.support.DisposableBeanAdapter.run(DisposableBeanAdapter.java:196) ~[spring-beans-6.2.17.jar:6.2.17]
	at org.springframework.cloud.context.scope.GenericScope$BeanLifecycleWrapper.destroy(GenericScope.java:387) ~[spring-cloud-context-4.3.2.jar:4.3.2]
	at org.springframework.cloud.context.scope.GenericScope.destroy(GenericScope.java:134) ~[spring-cloud-context-4.3.2.jar:4.3.2]
	at org.springframework.beans.factory.support.DisposableBeanAdapter.destroy(DisposableBeanAdapter.java:212) ~[spring-beans-6.2.17.jar:6.2.17]
	at org.springframework.beans.factory.support.DefaultSingletonBeanRegistry.destroyBean(DefaultSingletonBeanRegistry.java:798) ~[spring-beans-6.2.17.jar:6.2.17]
	at org.springframework.beans.factory.support.DefaultSingletonBeanRegistry.destroySingleton(DefaultSingletonBeanRegistry.java:748) ~[spring-beans-6.2.17.jar:6.2.17]
	at org.springframework.beans.factory.support.DefaultListableBeanFactory.destroySingleton(DefaultListableBeanFactory.java:1499) ~[spring-beans-6.2.17.jar:6.2.17]
	at org.springframework.beans.factory.support.DefaultSingletonBeanRegistry.destroySingletons(DefaultSingletonBeanRegistry.java:707) ~[spring-beans-6.2.17.jar:6.2.17]
	at org.springframework.beans.factory.support.DefaultListableBeanFactory.destroySingletons(DefaultListableBeanFactory.java:1492) ~[spring-beans-6.2.17.jar:6.2.17]
	at org.springframework.context.support.AbstractApplicationContext.destroyBeans(AbstractApplicationContext.java:1243) ~[spring-context-6.2.17.jar:6.2.17]
	at org.springframework.context.support.AbstractApplicationContext.doClose(AbstractApplicationContext.java:1204) ~[spring-context-6.2.17.jar:6.2.17]
	at org.springframework.boot.web.servlet.context.ServletWebServerApplicationContext.doClose(ServletWebServerApplicationContext.java:179) ~[spring-boot-3.5.13.jar:3.5.13]
	at org.springframework.context.support.AbstractApplicationContext.close(AbstractApplicationContext.java:1150) ~[spring-context-6.2.17.jar:6.2.17]
	at org.springframework.boot.SpringApplicationShutdownHook.closeAndWait(SpringApplicationShutdownHook.java:147) ~[spring-boot-3.5.13.jar:3.5.13]
	at java.base/java.lang.Iterable.forEach(Iterable.java:75) ~[na:na]
	at org.springframework.boot.SpringApplicationShutdownHook.run(SpringApplicationShutdownHook.java:116) ~[spring-boot-3.5.13.jar:3.5.13]
	at java.base/java.lang.Thread.run(Thread.java:1447) ~[na:na]
Caused by: org.apache.hc.client5.http.HttpHostConnectException: Connect to http://localhost:8761 failed: Connection refused: getsockopt
	at java.base/sun.nio.ch.Net.pollConnect(Native Method) ~[na:na]
	at java.base/sun.nio.ch.Net.pollConnectNow(Net.java:628) ~[na:na]
	at java.base/sun.nio.ch.NioSocketImpl.timedFinishConnect(NioSocketImpl.java:533) ~[na:na]
	at java.base/sun.nio.ch.NioSocketImpl.connect(NioSocketImpl.java:583) ~[na:na]
	at java.base/java.net.SocksSocketImpl.connect(SocksSocketImpl.java:282) ~[na:na]
	at java.base/java.net.Socket.connect(Socket.java:665) ~[na:na]
	at org.apache.hc.client5.http.impl.io.DefaultHttpClientConnectionOperator.connect(DefaultHttpClientConnectionOperator.java:226) ~[httpclient5-5.5.2.jar:5.5.2]
	at org.apache.hc.client5.http.impl.io.PoolingHttpClientConnectionManager.connect(PoolingHttpClientConnectionManager.java:497) ~[httpclient5-5.5.2.jar:5.5.2]
	at org.apache.hc.client5.http.impl.classic.InternalExecRuntime.connectEndpoint(InternalExecRuntime.java:164) ~[httpclient5-5.5.2.jar:5.5.2]
	at org.apache.hc.client5.http.impl.classic.InternalExecRuntime.connectEndpoint(InternalExecRuntime.java:174) ~[httpclient5-5.5.2.jar:5.5.2]
	at org.apache.hc.client5.http.impl.classic.ConnectExec.execute(ConnectExec.java:144) ~[httpclient5-5.5.2.jar:5.5.2]
	at org.apache.hc.client5.http.impl.classic.ExecChainElement.execute(ExecChainElement.java:51) ~[httpclient5-5.5.2.jar:5.5.2]
	at org.apache.hc.client5.http.impl.classic.ProtocolExec.execute(ProtocolExec.java:195) ~[httpclient5-5.5.2.jar:5.5.2]
	at org.apache.hc.client5.http.impl.classic.ExecChainElement.execute(ExecChainElement.java:51) ~[httpclient5-5.5.2.jar:5.5.2]
	at org.apache.hc.client5.http.impl.classic.ContentCompressionExec.execute(ContentCompressionExec.java:168) ~[httpclient5-5.5.2.jar:5.5.2]
	at org.apache.hc.client5.http.impl.classic.ExecChainElement.execute(ExecChainElement.java:51) ~[httpclient5-5.5.2.jar:5.5.2]
	at org.apache.hc.client5.http.impl.classic.HttpRequestRetryExec.execute(HttpRequestRetryExec.java:112) ~[httpclient5-5.5.2.jar:5.5.2]
	at org.apache.hc.client5.http.impl.classic.ExecChainElement.execute(ExecChainElement.java:51) ~[httpclient5-5.5.2.jar:5.5.2]
	at org.apache.hc.client5.http.impl.classic.RedirectExec.execute(RedirectExec.java:110) ~[httpclient5-5.5.2.jar:5.5.2]
	at org.apache.hc.client5.http.impl.classic.ExecChainElement.execute(ExecChainElement.java:51) ~[httpclient5-5.5.2.jar:5.5.2]
	at org.apache.hc.client5.http.impl.classic.InternalHttpClient.doExecute(InternalHttpClient.java:185) ~[httpclient5-5.5.2.jar:5.5.2]
	at org.apache.hc.client5.http.impl.classic.CloseableHttpClient.execute(CloseableHttpClient.java:87) ~[httpclient5-5.5.2.jar:5.5.2]
	at org.apache.hc.client5.http.impl.classic.CloseableHttpClient.execute(CloseableHttpClient.java:55) ~[httpclient5-5.5.2.jar:5.5.2]
	at org.apache.hc.client5.http.classic.HttpClient.executeOpen(HttpClient.java:183) ~[httpclient5-5.5.2.jar:5.5.2]
	at org.springframework.http.client.HttpComponentsClientHttpRequest.executeInternal(HttpComponentsClientHttpRequest.java:99) ~[spring-web-6.2.17.jar:6.2.17]
	at org.springframework.http.client.AbstractStreamingClientHttpRequest.executeInternal(AbstractStreamingClientHttpRequest.java:88) ~[spring-web-6.2.17.jar:6.2.17]
	at org.springframework.http.client.AbstractClientHttpRequest.execute(AbstractClientHttpRequest.java:81) ~[spring-web-6.2.17.jar:6.2.17]
	at org.springframework.http.client.InterceptingClientHttpRequest$InterceptingRequestExecution.execute(InterceptingClientHttpRequest.java:117) ~[spring-web-6.2.17.jar:6.2.17]
	at org.springframework.cloud.netflix.eureka.http.RestTemplateTransportClientFactory.lambda$restTemplate$2(RestTemplateTransportClientFactory.java:145) ~[spring-cloud-netflix-eureka-client-4.3.2.jar:4.3.2]
	at org.springframework.http.client.InterceptingClientHttpRequest$InterceptingRequestExecution.execute(InterceptingClientHttpRequest.java:88) ~[spring-web-6.2.17.jar:6.2.17]
	at org.springframework.http.client.InterceptingClientHttpRequest.executeInternal(InterceptingClientHttpRequest.java:72) ~[spring-web-6.2.17.jar:6.2.17]
	at org.springframework.http.client.AbstractBufferingClientHttpRequest.executeInternal(AbstractBufferingClientHttpRequest.java:48) ~[spring-web-6.2.17.jar:6.2.17]
	at org.springframework.http.client.AbstractClientHttpRequest.execute(AbstractClientHttpRequest.java:81) ~[spring-web-6.2.17.jar:6.2.17]
	at org.springframework.web.client.RestTemplate.doExecute(RestTemplate.java:900) ~[spring-web-6.2.17.jar:6.2.17]
	... 38 common frames omitted

2026-04-23T12:40:34.629+05:30  WARN 16288 --- [Dashboard-Service] [SpringApplicationShutdownHook] c.n.d.s.t.d.RetryableEurekaHttpClient    : Request execution failed with message: I/O error on DELETE request for "http://localhost:8761/eureka/apps/DASHBOARD-SERVICE/localhost:Dashboard-Service:8085": Connect to http://localhost:8761 failed: Connection refused: getsockopt
2026-04-23T12:40:34.630+05:30 ERROR 16288 --- [Dashboard-Service] [SpringApplicationShutdownHook] com.netflix.discovery.DiscoveryClient    : DiscoveryClient_DASHBOARD-SERVICE/localhost:Dashboard-Service:8085 - de-registration failedCannot execute request on any known server

com.netflix.discovery.shared.transport.TransportException: Cannot execute request on any known server
	at com.netflix.discovery.shared.transport.decorator.RetryableEurekaHttpClient.execute(RetryableEurekaHttpClient.java:112) ~[eureka-client-2.0.6.jar:2.0.6]
	at com.netflix.discovery.shared.transport.decorator.EurekaHttpClientDecorator.cancel(EurekaHttpClientDecorator.java:71) ~[eureka-client-2.0.6.jar:2.0.6]
	at com.netflix.discovery.shared.transport.decorator.EurekaHttpClientDecorator$2.execute(EurekaHttpClientDecorator.java:74) ~[eureka-client-2.0.6.jar:2.0.6]
	at com.netflix.discovery.shared.transport.decorator.SessionedEurekaHttpClient.execute(SessionedEurekaHttpClient.java:76) ~[eureka-client-2.0.6.jar:2.0.6]
	at com.netflix.discovery.shared.transport.decorator.EurekaHttpClientDecorator.cancel(EurekaHttpClientDecorator.java:71) ~[eureka-client-2.0.6.jar:2.0.6]
	at com.netflix.discovery.DiscoveryClient.unregister(DiscoveryClient.java:934) ~[eureka-client-2.0.6.jar:2.0.6]
	at com.netflix.discovery.DiscoveryClient.shutdown(DiscoveryClient.java:915) ~[eureka-client-2.0.6.jar:2.0.6]
	at java.base/jdk.internal.reflect.DirectMethodHandleAccessor.invoke(DirectMethodHandleAccessor.java:104) ~[na:na]
	at java.base/java.lang.reflect.Method.invoke(Method.java:565) ~[na:na]
	at org.springframework.beans.factory.annotation.InitDestroyAnnotationBeanPostProcessor$LifecycleMethod.invoke(InitDestroyAnnotationBeanPostProcessor.java:457) ~[spring-beans-6.2.17.jar:6.2.17]
	at org.springframework.beans.factory.annotation.InitDestroyAnnotationBeanPostProcessor$LifecycleMetadata.invokeDestroyMethods(InitDestroyAnnotationBeanPostProcessor.java:415) ~[spring-beans-6.2.17.jar:6.2.17]
	at org.springframework.beans.factory.annotation.InitDestroyAnnotationBeanPostProcessor.postProcessBeforeDestruction(InitDestroyAnnotationBeanPostProcessor.java:239) ~[spring-beans-6.2.17.jar:6.2.17]
	at org.springframework.beans.factory.support.DisposableBeanAdapter.destroy(DisposableBeanAdapter.java:203) ~[spring-beans-6.2.17.jar:6.2.17]
	at org.springframework.beans.factory.support.DisposableBeanAdapter.run(DisposableBeanAdapter.java:196) ~[spring-beans-6.2.17.jar:6.2.17]
	at org.springframework.cloud.context.scope.GenericScope$BeanLifecycleWrapper.destroy(GenericScope.java:387) ~[spring-cloud-context-4.3.2.jar:4.3.2]
	at org.springframework.cloud.context.scope.GenericScope.destroy(GenericScope.java:134) ~[spring-cloud-context-4.3.2.jar:4.3.2]
	at org.springframework.beans.factory.support.DisposableBeanAdapter.destroy(DisposableBeanAdapter.java:212) ~[spring-beans-6.2.17.jar:6.2.17]
	at org.springframework.beans.factory.support.DefaultSingletonBeanRegistry.destroyBean(DefaultSingletonBeanRegistry.java:798) ~[spring-beans-6.2.17.jar:6.2.17]
	at org.springframework.beans.factory.support.DefaultSingletonBeanRegistry.destroySingleton(DefaultSingletonBeanRegistry.java:748) ~[spring-beans-6.2.17.jar:6.2.17]
	at org.springframework.beans.factory.support.DefaultListableBeanFactory.destroySingleton(DefaultListableBeanFactory.java:1499) ~[spring-beans-6.2.17.jar:6.2.17]
	at org.springframework.beans.factory.support.DefaultSingletonBeanRegistry.destroySingletons(DefaultSingletonBeanRegistry.java:707) ~[spring-beans-6.2.17.jar:6.2.17]
	at org.springframework.beans.factory.support.DefaultListableBeanFactory.destroySingletons(DefaultListableBeanFactory.java:1492) ~[spring-beans-6.2.17.jar:6.2.17]
	at org.springframework.context.support.AbstractApplicationContext.destroyBeans(AbstractApplicationContext.java:1243) ~[spring-context-6.2.17.jar:6.2.17]
	at org.springframework.context.support.AbstractApplicationContext.doClose(AbstractApplicationContext.java:1204) ~[spring-context-6.2.17.jar:6.2.17]
	at org.springframework.boot.web.servlet.context.ServletWebServerApplicationContext.doClose(ServletWebServerApplicationContext.java:179) ~[spring-boot-3.5.13.jar:3.5.13]
	at org.springframework.context.support.AbstractApplicationContext.close(AbstractApplicationContext.java:1150) ~[spring-context-6.2.17.jar:6.2.17]
	at org.springframework.boot.SpringApplicationShutdownHook.closeAndWait(SpringApplicationShutdownHook.java:147) ~[spring-boot-3.5.13.jar:3.5.13]
	at java.base/java.lang.Iterable.forEach(Iterable.java:75) ~[na:na]
	at org.springframework.boot.SpringApplicationShutdownHook.run(SpringApplicationShutdownHook.java:116) ~[spring-boot-3.5.13.jar:3.5.13]
	at java.base/java.lang.Thread.run(Thread.java:1447) ~[na:na]

2026-04-23T12:40:34.632+05:30  INFO 16288 --- [Dashboard-Service] [SpringApplicationShutdownHook] com.netflix.discovery.DiscoveryClient    : Completed shut down of DiscoveryClient
2026-04-23T13:12:23.411+05:30  INFO 8832 --- [Dashboard-Service] [main] c.dashboard.DashboardServiceApplication  : Starting DashboardServiceApplication using Java 24.0.2 with PID 8832 (C:\Task\Microservise Project\College Management System\dashboardservice\target\classes started by hp in C:\Task\Microservise Project\College Management System\API-Gateway)
2026-04-23T13:12:23.416+05:30  INFO 8832 --- [Dashboard-Service] [main] c.dashboard.DashboardServiceApplication  : No active profile set, falling back to 1 default profile: "default"
2026-04-23T13:12:27.093+05:30  INFO 8832 --- [Dashboard-Service] [main] o.s.cloud.context.scope.GenericScope     : BeanFactory id=c86f9731-d857-3a26-8cf0-425f3577ddaa
2026-04-23T13:12:28.075+05:30  INFO 8832 --- [Dashboard-Service] [main] o.s.b.w.embedded.tomcat.TomcatWebServer  : Tomcat initialized with port 8085 (http)
2026-04-23T13:12:28.143+05:30  INFO 8832 --- [Dashboard-Service] [main] o.apache.catalina.core.StandardService   : Starting service [Tomcat]
2026-04-23T13:12:28.144+05:30  INFO 8832 --- [Dashboard-Service] [main] o.apache.catalina.core.StandardEngine    : Starting Servlet engine: [Apache Tomcat/10.1.53]
2026-04-23T13:12:28.330+05:30  INFO 8832 --- [Dashboard-Service] [main] o.a.c.c.C.[Tomcat].[localhost].[/]       : Initializing Spring embedded WebApplicationContext
2026-04-23T13:12:28.331+05:30  INFO 8832 --- [Dashboard-Service] [main] w.s.c.ServletWebServerApplicationContext : Root WebApplicationContext: initialization completed in 4751 ms
2026-04-23T13:12:29.306+05:30  INFO 8832 --- [Dashboard-Service] [main] o.s.c.openfeign.FeignClientFactoryBean   : For 'USER-SERVICE' URL not provided. Will try picking an instance via load-balancing.
2026-04-23T13:12:29.486+05:30  INFO 8832 --- [Dashboard-Service] [main] o.s.c.openfeign.FeignClientFactoryBean   : For 'STUDENT-SERVICE' URL not provided. Will try picking an instance via load-balancing.
2026-04-23T13:12:29.543+05:30  INFO 8832 --- [Dashboard-Service] [main] o.s.c.openfeign.FeignClientFactoryBean   : For 'FACULTY-SERVICE' URL not provided. Will try picking an instance via load-balancing.
2026-04-23T13:12:29.606+05:30  INFO 8832 --- [Dashboard-Service] [main] o.s.c.openfeign.FeignClientFactoryBean   : For 'COURSE-SERVICE' URL not provided. Will try picking an instance via load-balancing.
2026-04-23T13:12:29.659+05:30  INFO 8832 --- [Dashboard-Service] [main] o.s.c.openfeign.FeignClientFactoryBean   : For 'DEPARTMENT-SERVICE' URL not provided. Will try picking an instance via load-balancing.
2026-04-23T13:12:29.705+05:30  INFO 8832 --- [Dashboard-Service] [main] o.s.c.openfeign.FeignClientFactoryBean   : For 'LIBRARY-SERVICE' URL not provided. Will try picking an instance via load-balancing.
2026-04-23T13:12:29.757+05:30  INFO 8832 --- [Dashboard-Service] [main] o.s.c.openfeign.FeignClientFactoryBean   : For 'ATTENDANCE-SERVICE' URL not provided. Will try picking an instance via load-balancing.
2026-04-23T13:12:29.807+05:30  INFO 8832 --- [Dashboard-Service] [main] o.s.c.openfeign.FeignClientFactoryBean   : For 'SUBJECT-SERVICE' URL not provided. Will try picking an instance via load-balancing.
2026-04-23T13:12:30.657+05:30  WARN 8832 --- [Dashboard-Service] [main] .s.s.UserDetailsServiceAutoConfiguration : 

Using generated security password: 0c1ccd61-1487-45fc-9f7c-11a25d493186

This generated password is for development use only. Your security configuration must be updated before running your application in production.

2026-04-23T13:12:30.681+05:30  INFO 8832 --- [Dashboard-Service] [main] r$InitializeUserDetailsManagerConfigurer : Global AuthenticationManager configured with UserDetailsService bean with name inMemoryUserDetailsManager
2026-04-23T13:12:31.948+05:30  INFO 8832 --- [Dashboard-Service] [main] DiscoveryClientOptionalArgsConfiguration : Eureka HTTP Client uses RestTemplate.
2026-04-23T13:12:32.017+05:30  WARN 8832 --- [Dashboard-Service] [main] iguration$LoadBalancerCaffeineWarnLogger : Spring Cloud LoadBalancer is currently working with the default cache. While this cache implementation is useful for development and tests, it's recommended to use Caffeine cache in production.You can switch to using Caffeine cache, by adding it and org.springframework.cache.caffeine.CaffeineCacheManager to the classpath.
2026-04-23T13:12:32.087+05:30  INFO 8832 --- [Dashboard-Service] [main] o.s.c.n.eureka.InstanceInfoFactory       : Setting initial instance status as: STARTING
2026-04-23T13:12:32.151+05:30  INFO 8832 --- [Dashboard-Service] [main] com.netflix.discovery.DiscoveryClient    : Initializing Eureka in region us-east-1
2026-04-23T13:12:32.161+05:30  INFO 8832 --- [Dashboard-Service] [main] c.n.d.s.r.aws.ConfigClusterResolver      : Resolving eureka endpoints via configuration
2026-04-23T13:12:32.182+05:30  INFO 8832 --- [Dashboard-Service] [main] com.netflix.discovery.DiscoveryClient    : Disable delta property : false
2026-04-23T13:12:32.183+05:30  INFO 8832 --- [Dashboard-Service] [main] com.netflix.discovery.DiscoveryClient    : Single vip registry refresh property : null
2026-04-23T13:12:32.183+05:30  INFO 8832 --- [Dashboard-Service] [main] com.netflix.discovery.DiscoveryClient    : Force full registry fetch : false
2026-04-23T13:12:32.183+05:30  INFO 8832 --- [Dashboard-Service] [main] com.netflix.discovery.DiscoveryClient    : Application is null : false
2026-04-23T13:12:32.184+05:30  INFO 8832 --- [Dashboard-Service] [main] com.netflix.discovery.DiscoveryClient    : Registered Applications size is zero : true
2026-04-23T13:12:32.184+05:30  INFO 8832 --- [Dashboard-Service] [main] com.netflix.discovery.DiscoveryClient    : Application version is -1: true
2026-04-23T13:12:32.184+05:30  INFO 8832 --- [Dashboard-Service] [main] com.netflix.discovery.DiscoveryClient    : Getting all instance registry info from the eureka server
2026-04-23T13:12:33.350+05:30  INFO 8832 --- [Dashboard-Service] [main] com.netflix.discovery.DiscoveryClient    : The response status is 200
2026-04-23T13:12:33.358+05:30  INFO 8832 --- [Dashboard-Service] [main] com.netflix.discovery.DiscoveryClient    : Starting heartbeat executor: renew interval is: 30
2026-04-23T13:12:33.371+05:30  INFO 8832 --- [Dashboard-Service] [main] c.n.discovery.InstanceInfoReplicator     : InstanceInfoReplicator onDemand update allowed rate per min is 4
2026-04-23T13:12:33.381+05:30  INFO 8832 --- [Dashboard-Service] [main] com.netflix.discovery.DiscoveryClient    : Discovery Client initialized at timestamp 1776930153376 with initial instances count: 5
2026-04-23T13:12:33.398+05:30  INFO 8832 --- [Dashboard-Service] [main] o.s.c.n.e.s.EurekaServiceRegistry        : Registering application DASHBOARD-SERVICE with eureka with status UP
2026-04-23T13:12:33.400+05:30  INFO 8832 --- [Dashboard-Service] [main] com.netflix.discovery.DiscoveryClient    : Saw local status change event StatusChangeEvent [timestamp=1776930153400, current=UP, previous=STARTING]
2026-04-23T13:12:33.408+05:30  INFO 8832 --- [Dashboard-Service] [DiscoveryClient-InstanceInfoReplicator-%d] com.netflix.discovery.DiscoveryClient    : DiscoveryClient_DASHBOARD-SERVICE/Vivan-laptop:Dashboard-Service:8085: registering service...
2026-04-23T13:12:33.498+05:30  INFO 8832 --- [Dashboard-Service] [main] o.s.b.w.embedded.tomcat.TomcatWebServer  : Tomcat started on port 8085 (http) with context path '/'
2026-04-23T13:12:33.501+05:30  INFO 8832 --- [Dashboard-Service] [main] .s.c.n.e.s.EurekaAutoServiceRegistration : Updating port to 8085
2026-04-23T13:12:33.583+05:30  INFO 8832 --- [Dashboard-Service] [main] c.dashboard.DashboardServiceApplication  : Started DashboardServiceApplication in 11.903 seconds (process running for 13.465)
2026-04-23T13:12:33.604+05:30  WARN 8832 --- [Dashboard-Service] [main] o.s.core.events.SpringDocAppInitializer  : SpringDoc /v3/api-docs endpoint is enabled by default. To disable it in production, set the property 'springdoc.api-docs.enabled=false'
2026-04-23T13:12:33.614+05:30  INFO 8832 --- [Dashboard-Service] [DiscoveryClient-InstanceInfoReplicator-%d] com.netflix.discovery.DiscoveryClient    : DiscoveryClient_DASHBOARD-SERVICE/Vivan-laptop:Dashboard-Service:8085 - registration status: 204
2026-04-23T13:17:32.201+05:30  INFO 8832 --- [Dashboard-Service] [AsyncResolver-bootstrap-executor-%d] c.n.d.s.r.aws.ConfigClusterResolver      : Resolving eureka endpoints via configuration
2026-04-23T13:22:32.207+05:30  INFO 8832 --- [Dashboard-Service] [AsyncResolver-bootstrap-executor-%d] c.n.d.s.r.aws.ConfigClusterResolver      : Resolving eureka endpoints via configuration
2026-04-23T13:27:32.209+05:30  INFO 8832 --- [Dashboard-Service] [AsyncResolver-bootstrap-executor-%d] c.n.d.s.r.aws.ConfigClusterResolver      : Resolving eureka endpoints via configuration
2026-04-23T13:32:32.216+05:30  INFO 8832 --- [Dashboard-Service] [AsyncResolver-bootstrap-executor-%d] c.n.d.s.r.aws.ConfigClusterResolver      : Resolving eureka endpoints via configuration
2026-04-23T13:37:32.220+05:30  INFO 8832 --- [Dashboard-Service] [AsyncResolver-bootstrap-executor-%d] c.n.d.s.r.aws.ConfigClusterResolver      : Resolving eureka endpoints via configuration
2026-04-23T13:42:32.222+05:30  INFO 8832 --- [Dashboard-Service] [AsyncResolver-bootstrap-executor-%d] c.n.d.s.r.aws.ConfigClusterResolver      : Resolving eureka endpoints via configuration
2026-04-23T13:47:32.225+05:30  INFO 8832 --- [Dashboard-Service] [AsyncResolver-bootstrap-executor-%d] c.n.d.s.r.aws.ConfigClusterResolver      : Resolving eureka endpoints via configuration
2026-04-23T13:52:32.229+05:30  INFO 8832 --- [Dashboard-Service] [AsyncResolver-bootstrap-executor-%d] c.n.d.s.r.aws.ConfigClusterResolver      : Resolving eureka endpoints via configuration
2026-04-23T13:57:32.234+05:30  INFO 8832 --- [Dashboard-Service] [AsyncResolver-bootstrap-executor-%d] c.n.d.s.r.aws.ConfigClusterResolver      : Resolving eureka endpoints via configuration
2026-04-23T14:01:00.189+05:30  INFO 8832 --- [Dashboard-Service] [http-nio-8085-exec-4] o.a.c.c.C.[Tomcat].[localhost].[/]       : Initializing Spring DispatcherServlet 'dispatcherServlet'
2026-04-23T14:01:00.190+05:30  INFO 8832 --- [Dashboard-Service] [http-nio-8085-exec-4] o.s.web.servlet.DispatcherServlet        : Initializing Servlet 'dispatcherServlet'
2026-04-23T14:01:00.208+05:30  INFO 8832 --- [Dashboard-Service] [http-nio-8085-exec-4] o.s.web.servlet.DispatcherServlet        : Completed initialization in 18 ms
2026-04-23T14:01:00.335+05:30  INFO 8832 --- [Dashboard-Service] [http-nio-8085-exec-4] c.d.controller.DashboardController       : Librarian dashboard requested by: ANONYMOUS
2026-04-23T14:02:32.246+05:30  INFO 8832 --- [Dashboard-Service] [AsyncResolver-bootstrap-executor-%d] c.n.d.s.r.aws.ConfigClusterResolver      : Resolving eureka endpoints via configuration
2026-04-23T14:07:32.254+05:30  INFO 8832 --- [Dashboard-Service] [AsyncResolver-bootstrap-executor-%d] c.n.d.s.r.aws.ConfigClusterResolver      : Resolving eureka endpoints via configuration
2026-04-23T14:12:32.257+05:30  INFO 8832 --- [Dashboard-Service] [AsyncResolver-bootstrap-executor-%d] c.n.d.s.r.aws.ConfigClusterResolver      : Resolving eureka endpoints via configuration
2026-04-23T14:17:32.266+05:30  INFO 8832 --- [Dashboard-Service] [AsyncResolver-bootstrap-executor-%d] c.n.d.s.r.aws.ConfigClusterResolver      : Resolving eureka endpoints via configuration
2026-04-23T14:22:32.275+05:30  INFO 8832 --- [Dashboard-Service] [AsyncResolver-bootstrap-executor-%d] c.n.d.s.r.aws.ConfigClusterResolver      : Resolving eureka endpoints via configuration
2026-04-23T14:27:32.279+05:30  INFO 8832 --- [Dashboard-Service] [AsyncResolver-bootstrap-executor-%d] c.n.d.s.r.aws.ConfigClusterResolver      : Resolving eureka endpoints via configuration
2026-04-23T14:32:32.285+05:30  INFO 8832 --- [Dashboard-Service] [AsyncResolver-bootstrap-executor-%d] c.n.d.s.r.aws.ConfigClusterResolver      : Resolving eureka endpoints via configuration
2026-04-23T14:37:32.299+05:30  INFO 8832 --- [Dashboard-Service] [AsyncResolver-bootstrap-executor-%d] c.n.d.s.r.aws.ConfigClusterResolver      : Resolving eureka endpoints via configuration
2026-04-23T14:41:44.733+05:30  INFO 8832 --- [Dashboard-Service] [http-nio-8085-exec-1] c.d.controller.DashboardController       : Librarian dashboard requested by: ANONYMOUS
2026-04-23T14:42:32.302+05:30  INFO 8832 --- [Dashboard-Service] [AsyncResolver-bootstrap-executor-%d] c.n.d.s.r.aws.ConfigClusterResolver      : Resolving eureka endpoints via configuration
2026-04-23T14:43:23.514+05:30  INFO 8832 --- [Dashboard-Service] [http-nio-8085-exec-8] c.d.controller.DashboardController       : Librarian dashboard requested by: ANONYMOUS
2026-04-23T14:44:15.492+05:30  INFO 8832 --- [Dashboard-Service] [http-nio-8085-exec-9] c.d.controller.DashboardController       : Librarian dashboard requested by: ANONYMOUS
2026-04-23T14:44:25.270+05:30  INFO 8832 --- [Dashboard-Service] [http-nio-8085-exec-6] c.d.controller.DashboardController       : Librarian dashboard requested by: ANONYMOUS
