2026-04-21 07:00:24 [DiscoveryClient-CacheRefreshExecutor-%d] DEBUG o.s.web.client.RestTemplate - HTTP GET http://localhost:8761/eureka/apps/delta
2026-04-21 07:00:24 [DiscoveryClient-CacheRefreshExecutor-%d] DEBUG o.s.web.client.RestTemplate - Accept=[application/json, application/yaml, application/*+json]
2026-04-21 07:00:24 [DiscoveryClient-CacheRefreshExecutor-%d] DEBUG o.s.web.client.RestTemplate - Response 200 OK
2026-04-21 07:00:24 [DiscoveryClient-CacheRefreshExecutor-%d] DEBUG o.s.web.client.RestTemplate - Reading to [org.springframework.cloud.netflix.eureka.http.EurekaApplications]
2026-04-21 07:00:24 [DiscoveryClient-HeartbeatExecutor-%d] DEBUG o.s.web.client.RestTemplate - HTTP PUT http://localhost:8761/eureka/apps/STUDENT-SERVICE/Student-Service:8086?status=UP&lastDirtyTimestamp=1776704255628
2026-04-21 07:00:24 [DiscoveryClient-HeartbeatExecutor-%d] DEBUG o.s.web.client.RestTemplate - Accept=[application/json, application/yaml, application/*+json]
2026-04-21 07:00:24 [DiscoveryClient-HeartbeatExecutor-%d] DEBUG o.s.web.client.RestTemplate - Response 200 OK
2026-04-21 10:45:17 [DiscoveryClient-CacheRefreshExecutor-%d] DEBUG o.s.web.client.RestTemplate - HTTP GET http://localhost:8761/eureka/apps/delta
2026-04-21 10:45:17 [DiscoveryClient-CacheRefreshExecutor-%d] DEBUG o.s.web.client.RestTemplate - Accept=[application/json, application/yaml, application/*+json]
2026-04-21 10:45:17 [DiscoveryClient-CacheRefreshExecutor-%d] DEBUG o.s.web.client.RestTemplate - Response 200 OK
2026-04-21 10:45:17 [DiscoveryClient-CacheRefreshExecutor-%d] DEBUG o.s.web.client.RestTemplate - Reading to [org.springframework.cloud.netflix.eureka.http.EurekaApplications]
2026-04-21 10:45:17 [DiscoveryClient-HeartbeatExecutor-%d] DEBUG o.s.web.client.RestTemplate - HTTP PUT http://localhost:8761/eureka/apps/STUDENT-SERVICE/Student-Service:8086?status=UP&lastDirtyTimestamp=1776704255628
2026-04-21 10:45:17 [DiscoveryClient-HeartbeatExecutor-%d] DEBUG o.s.web.client.RestTemplate - Accept=[application/json, application/yaml, application/*+json]
2026-04-21 10:45:17 [DiscoveryClient-HeartbeatExecutor-%d] DEBUG o.s.web.client.RestTemplate - Response 200 OK
2026-04-21 10:45:24 [HikariPool-1:housekeeper] WARN  com.zaxxer.hikari.pool.HikariPool - HikariPool-1 - Thread starvation or clock leap detected (housekeeper delta=11h41m4s925ms250µs400ns).
2026-04-21 10:45:27 [DiscoveryClient-HeartbeatExecutor-%d] DEBUG o.s.web.client.RestTemplate - HTTP PUT http://localhost:8761/eureka/apps/STUDENT-SERVICE/Student-Service:8086?status=UP&lastDirtyTimestamp=1776704255628
2026-04-21 10:45:27 [DiscoveryClient-HeartbeatExecutor-%d] DEBUG o.s.web.client.RestTemplate - Accept=[application/json, application/yaml, application/*+json]
2026-04-21 10:45:27 [DiscoveryClient-HeartbeatExecutor-%d] DEBUG o.s.web.client.RestTemplate - Response 200 OK
2026-04-21 10:45:37 [DiscoveryClient-HeartbeatExecutor-%d] DEBUG o.s.web.client.RestTemplate - HTTP PUT http://localhost:8761/eureka/apps/STUDENT-SERVICE/Student-Service:8086?status=UP&lastDirtyTimestamp=1776704255628
2026-04-21 10:45:37 [DiscoveryClient-HeartbeatExecutor-%d] DEBUG o.s.web.client.RestTemplate - Accept=[application/json, application/yaml, application/*+json]
2026-04-21 10:45:37 [DiscoveryClient-HeartbeatExecutor-%d] DEBUG o.s.web.client.RestTemplate - Response 200 OK
2026-04-21 10:45:47 [DiscoveryClient-CacheRefreshExecutor-%d] DEBUG o.s.web.client.RestTemplate - HTTP GET http://localhost:8761/eureka/apps/delta
2026-04-21 10:45:47 [DiscoveryClient-CacheRefreshExecutor-%d] DEBUG o.s.web.client.RestTemplate - Accept=[application/json, application/yaml, application/*+json]
2026-04-21 10:45:47 [DiscoveryClient-CacheRefreshExecutor-%d] DEBUG o.s.web.client.RestTemplate - Response 200 OK
2026-04-21 10:45:47 [DiscoveryClient-CacheRefreshExecutor-%d] DEBUG o.s.web.client.RestTemplate - Reading to [org.springframework.cloud.netflix.eureka.http.EurekaApplications]
2026-04-21 10:45:47 [DiscoveryClient-HeartbeatExecutor-%d] DEBUG o.s.web.client.RestTemplate - HTTP PUT http://localhost:8761/eureka/apps/STUDENT-SERVICE/Student-Service:8086?status=UP&lastDirtyTimestamp=1776704255628
2026-04-21 10:45:47 [DiscoveryClient-HeartbeatExecutor-%d] DEBUG o.s.web.client.RestTemplate - Accept=[application/json, application/yaml, application/*+json]
2026-04-21 10:45:47 [DiscoveryClient-HeartbeatExecutor-%d] DEBUG o.s.web.client.RestTemplate - Response 200 OK
2026-04-21 10:45:57 [DiscoveryClient-HeartbeatExecutor-%d] DEBUG o.s.web.client.RestTemplate - HTTP PUT http://localhost:8761/eureka/apps/STUDENT-SERVICE/Student-Service:8086?status=UP&lastDirtyTimestamp=1776704255628
2026-04-21 10:45:57 [DiscoveryClient-HeartbeatExecutor-%d] DEBUG o.s.web.client.RestTemplate - Accept=[application/json, application/yaml, application/*+json]
2026-04-21 10:45:57 [DiscoveryClient-HeartbeatExecutor-%d] DEBUG o.s.web.client.RestTemplate - Response 200 OK
2026-04-21 10:46:07 [DiscoveryClient-HeartbeatExecutor-%d] DEBUG o.s.web.client.RestTemplate - HTTP PUT http://localhost:8761/eureka/apps/STUDENT-SERVICE/Student-Service:8086?status=UP&lastDirtyTimestamp=1776704255628
2026-04-21 10:46:07 [DiscoveryClient-HeartbeatExecutor-%d] DEBUG o.s.web.client.RestTemplate - Accept=[application/json, application/yaml, application/*+json]
2026-04-21 10:46:07 [DiscoveryClient-HeartbeatExecutor-%d] DEBUG o.s.web.client.RestTemplate - Response 200 OK
2026-04-21 10:46:17 [DiscoveryClient-CacheRefreshExecutor-%d] DEBUG o.s.web.client.RestTemplate - HTTP GET http://localhost:8761/eureka/apps/delta
2026-04-21 10:46:17 [DiscoveryClient-CacheRefreshExecutor-%d] DEBUG o.s.web.client.RestTemplate - Accept=[application/json, application/yaml, application/*+json]
2026-04-21 10:46:17 [DiscoveryClient-CacheRefreshExecutor-%d] DEBUG o.s.web.client.RestTemplate - Response 200 OK
2026-04-21 10:46:17 [DiscoveryClient-CacheRefreshExecutor-%d] DEBUG o.s.web.client.RestTemplate - Reading to [org.springframework.cloud.netflix.eureka.http.EurekaApplications]
2026-04-21 10:46:17 [DiscoveryClient-HeartbeatExecutor-%d] DEBUG o.s.web.client.RestTemplate - HTTP PUT http://localhost:8761/eureka/apps/STUDENT-SERVICE/Student-Service:8086?status=UP&lastDirtyTimestamp=1776704255628
2026-04-21 10:46:17 [DiscoveryClient-HeartbeatExecutor-%d] DEBUG o.s.web.client.RestTemplate - Accept=[application/json, application/yaml, application/*+json]
2026-04-21 10:46:17 [DiscoveryClient-HeartbeatExecutor-%d] DEBUG o.s.web.client.RestTemplate - Response 200 OK
2026-04-21 10:46:27 [DiscoveryClient-HeartbeatExecutor-%d] DEBUG o.s.web.client.RestTemplate - HTTP PUT http://localhost:8761/eureka/apps/STUDENT-SERVICE/Student-Service:8086?status=UP&lastDirtyTimestamp=1776704255628
2026-04-21 10:46:27 [DiscoveryClient-HeartbeatExecutor-%d] DEBUG o.s.web.client.RestTemplate - Accept=[application/json, application/yaml, application/*+json]
2026-04-21 10:46:27 [DiscoveryClient-HeartbeatExecutor-%d] DEBUG o.s.web.client.RestTemplate - Response 200 OK
2026-04-21 10:46:37 [DiscoveryClient-HeartbeatExecutor-%d] DEBUG o.s.web.client.RestTemplate - HTTP PUT http://localhost:8761/eureka/apps/STUDENT-SERVICE/Student-Service:8086?status=UP&lastDirtyTimestamp=1776704255628
2026-04-21 10:46:37 [DiscoveryClient-HeartbeatExecutor-%d] DEBUG o.s.web.client.RestTemplate - Accept=[application/json, application/yaml, application/*+json]
2026-04-21 10:46:37 [DiscoveryClient-HeartbeatExecutor-%d] DEBUG o.s.web.client.RestTemplate - Response 200 OK
2026-04-21 10:46:47 [DiscoveryClient-CacheRefreshExecutor-%d] DEBUG o.s.web.client.RestTemplate - HTTP GET http://localhost:8761/eureka/apps/delta
2026-04-21 10:46:47 [DiscoveryClient-CacheRefreshExecutor-%d] DEBUG o.s.web.client.RestTemplate - Accept=[application/json, application/yaml, application/*+json]
2026-04-21 10:46:47 [DiscoveryClient-CacheRefreshExecutor-%d] DEBUG o.s.web.client.RestTemplate - Response 200 OK
2026-04-21 10:46:47 [DiscoveryClient-CacheRefreshExecutor-%d] DEBUG o.s.web.client.RestTemplate - Reading to [org.springframework.cloud.netflix.eureka.http.EurekaApplications]
2026-04-21 10:46:47 [DiscoveryClient-HeartbeatExecutor-%d] DEBUG o.s.web.client.RestTemplate - HTTP PUT http://localhost:8761/eureka/apps/STUDENT-SERVICE/Student-Service:8086?status=UP&lastDirtyTimestamp=1776704255628
2026-04-21 10:46:47 [DiscoveryClient-HeartbeatExecutor-%d] DEBUG o.s.web.client.RestTemplate - Accept=[application/json, application/yaml, application/*+json]
2026-04-21 10:46:47 [DiscoveryClient-HeartbeatExecutor-%d] DEBUG o.s.web.client.RestTemplate - Response 200 OK
2026-04-21 10:46:57 [DiscoveryClient-HeartbeatExecutor-%d] DEBUG o.s.web.client.RestTemplate - HTTP PUT http://localhost:8761/eureka/apps/STUDENT-SERVICE/Student-Service:8086?status=UP&lastDirtyTimestamp=1776704255628
2026-04-21 10:46:57 [DiscoveryClient-HeartbeatExecutor-%d] DEBUG o.s.web.client.RestTemplate - Accept=[application/json, application/yaml, application/*+json]
2026-04-21 10:46:57 [DiscoveryClient-HeartbeatExecutor-%d] DEBUG o.s.web.client.RestTemplate - Response 200 OK
2026-04-21 10:47:07 [DiscoveryClient-HeartbeatExecutor-%d] DEBUG o.s.web.client.RestTemplate - HTTP PUT http://localhost:8761/eureka/apps/STUDENT-SERVICE/Student-Service:8086?status=UP&lastDirtyTimestamp=1776704255628
2026-04-21 10:47:07 [DiscoveryClient-HeartbeatExecutor-%d] DEBUG o.s.web.client.RestTemplate - Accept=[application/json, application/yaml, application/*+json]
2026-04-21 10:47:07 [DiscoveryClient-HeartbeatExecutor-%d] DEBUG o.s.web.client.RestTemplate - Response 200 OK
2026-04-21 10:47:17 [DiscoveryClient-CacheRefreshExecutor-%d] DEBUG o.s.web.client.RestTemplate - HTTP GET http://localhost:8761/eureka/apps/delta
2026-04-21 10:47:17 [DiscoveryClient-CacheRefreshExecutor-%d] DEBUG o.s.web.client.RestTemplate - Accept=[application/json, application/yaml, application/*+json]
2026-04-21 10:47:17 [DiscoveryClient-CacheRefreshExecutor-%d] DEBUG o.s.web.client.RestTemplate - Response 200 OK
2026-04-21 10:47:17 [DiscoveryClient-CacheRefreshExecutor-%d] DEBUG o.s.web.client.RestTemplate - Reading to [org.springframework.cloud.netflix.eureka.http.EurekaApplications]
2026-04-21 10:47:17 [DiscoveryClient-HeartbeatExecutor-%d] DEBUG o.s.web.client.RestTemplate - HTTP PUT http://localhost:8761/eureka/apps/STUDENT-SERVICE/Student-Service:8086?status=UP&lastDirtyTimestamp=1776704255628
2026-04-21 10:47:17 [DiscoveryClient-HeartbeatExecutor-%d] DEBUG o.s.web.client.RestTemplate - Accept=[application/json, application/yaml, application/*+json]
2026-04-21 10:47:17 [DiscoveryClient-HeartbeatExecutor-%d] DEBUG o.s.web.client.RestTemplate - Response 200 OK
2026-04-21 10:47:27 [DiscoveryClient-HeartbeatExecutor-%d] DEBUG o.s.web.client.RestTemplate - HTTP PUT http://localhost:8761/eureka/apps/STUDENT-SERVICE/Student-Service:8086?status=UP&lastDirtyTimestamp=1776704255628
2026-04-21 10:47:27 [DiscoveryClient-HeartbeatExecutor-%d] DEBUG o.s.web.client.RestTemplate - Accept=[application/json, application/yaml, application/*+json]
2026-04-21 10:47:27 [DiscoveryClient-HeartbeatExecutor-%d] DEBUG o.s.web.client.RestTemplate - Response 200 OK
2026-04-21 10:47:37 [DiscoveryClient-HeartbeatExecutor-%d] DEBUG o.s.web.client.RestTemplate - HTTP PUT http://localhost:8761/eureka/apps/STUDENT-SERVICE/Student-Service:8086?status=UP&lastDirtyTimestamp=1776704255628
2026-04-21 10:47:37 [DiscoveryClient-HeartbeatExecutor-%d] DEBUG o.s.web.client.RestTemplate - Accept=[application/json, application/yaml, application/*+json]
2026-04-21 10:47:37 [DiscoveryClient-HeartbeatExecutor-%d] DEBUG o.s.web.client.RestTemplate - Response 200 OK
2026-04-21 10:47:47 [DiscoveryClient-CacheRefreshExecutor-%d] DEBUG o.s.web.client.RestTemplate - HTTP GET http://localhost:8761/eureka/apps/delta
2026-04-21 10:47:47 [DiscoveryClient-CacheRefreshExecutor-%d] DEBUG o.s.web.client.RestTemplate - Accept=[application/json, application/yaml, application/*+json]
2026-04-21 10:47:47 [DiscoveryClient-CacheRefreshExecutor-%d] DEBUG o.s.web.client.RestTemplate - Response 200 OK
2026-04-21 10:47:47 [DiscoveryClient-CacheRefreshExecutor-%d] DEBUG o.s.web.client.RestTemplate - Reading to [org.springframework.cloud.netflix.eureka.http.EurekaApplications]
2026-04-21 10:47:47 [DiscoveryClient-HeartbeatExecutor-%d] DEBUG o.s.web.client.RestTemplate - HTTP PUT http://localhost:8761/eureka/apps/STUDENT-SERVICE/Student-Service:8086?status=UP&lastDirtyTimestamp=1776704255628
2026-04-21 10:47:47 [DiscoveryClient-HeartbeatExecutor-%d] DEBUG o.s.web.client.RestTemplate - Accept=[application/json, application/yaml, application/*+json]
2026-04-21 10:47:47 [DiscoveryClient-HeartbeatExecutor-%d] DEBUG o.s.web.client.RestTemplate - Response 200 OK
2026-04-21 10:47:57 [DiscoveryClient-HeartbeatExecutor-%d] DEBUG o.s.web.client.RestTemplate - HTTP PUT http://localhost:8761/eureka/apps/STUDENT-SERVICE/Student-Service:8086?status=UP&lastDirtyTimestamp=1776704255628
2026-04-21 10:47:57 [DiscoveryClient-HeartbeatExecutor-%d] DEBUG o.s.web.client.RestTemplate - Accept=[application/json, application/yaml, application/*+json]
2026-04-21 10:47:57 [DiscoveryClient-HeartbeatExecutor-%d] DEBUG o.s.web.client.RestTemplate - Response 200 OK
2026-04-21 10:48:07 [DiscoveryClient-HeartbeatExecutor-%d] DEBUG o.s.web.client.RestTemplate - HTTP PUT http://localhost:8761/eureka/apps/STUDENT-SERVICE/Student-Service:8086?status=UP&lastDirtyTimestamp=1776704255628
2026-04-21 10:48:07 [DiscoveryClient-HeartbeatExecutor-%d] DEBUG o.s.web.client.RestTemplate - Accept=[application/json, application/yaml, application/*+json]
2026-04-21 10:48:07 [DiscoveryClient-HeartbeatExecutor-%d] DEBUG o.s.web.client.RestTemplate - Response 200 OK
2026-04-21 10:48:10 [AsyncResolver-bootstrap-executor-%d] INFO  c.n.d.s.r.aws.ConfigClusterResolver - Resolving eureka endpoints via configuration
2026-04-21 10:48:17 [DiscoveryClient-CacheRefreshExecutor-%d] DEBUG o.s.web.client.RestTemplate - HTTP GET http://localhost:8761/eureka/apps/delta
2026-04-21 10:48:17 [DiscoveryClient-CacheRefreshExecutor-%d] DEBUG o.s.web.client.RestTemplate - Accept=[application/json, application/yaml, application/*+json]
2026-04-21 10:48:17 [DiscoveryClient-CacheRefreshExecutor-%d] DEBUG o.s.web.client.RestTemplate - Response 200 OK
2026-04-21 10:48:17 [DiscoveryClient-CacheRefreshExecutor-%d] DEBUG o.s.web.client.RestTemplate - Reading to [org.springframework.cloud.netflix.eureka.http.EurekaApplications]
2026-04-21 10:48:17 [DiscoveryClient-HeartbeatExecutor-%d] DEBUG o.s.web.client.RestTemplate - HTTP PUT http://localhost:8761/eureka/apps/STUDENT-SERVICE/Student-Service:8086?status=UP&lastDirtyTimestamp=1776704255628
2026-04-21 10:48:17 [DiscoveryClient-HeartbeatExecutor-%d] DEBUG o.s.web.client.RestTemplate - Accept=[application/json, application/yaml, application/*+json]
2026-04-21 10:48:17 [DiscoveryClient-HeartbeatExecutor-%d] DEBUG o.s.web.client.RestTemplate - Response 200 OK
2026-04-21 10:48:27 [DiscoveryClient-HeartbeatExecutor-%d] DEBUG o.s.web.client.RestTemplate - HTTP PUT http://localhost:8761/eureka/apps/STUDENT-SERVICE/Student-Service:8086?status=UP&lastDirtyTimestamp=1776704255628
2026-04-21 10:48:27 [DiscoveryClient-HeartbeatExecutor-%d] DEBUG o.s.web.client.RestTemplate - Accept=[application/json, application/yaml, application/*+json]
2026-04-21 10:48:27 [DiscoveryClient-HeartbeatExecutor-%d] DEBUG o.s.web.client.RestTemplate - Response 200 OK
2026-04-21 10:48:37 [DiscoveryClient-HeartbeatExecutor-%d] DEBUG o.s.web.client.RestTemplate - HTTP PUT http://localhost:8761/eureka/apps/STUDENT-SERVICE/Student-Service:8086?status=UP&lastDirtyTimestamp=1776704255628
2026-04-21 10:48:37 [DiscoveryClient-HeartbeatExecutor-%d] DEBUG o.s.web.client.RestTemplate - Accept=[application/json, application/yaml, application/*+json]
2026-04-21 10:48:37 [DiscoveryClient-HeartbeatExecutor-%d] DEBUG o.s.web.client.RestTemplate - Response 200 OK
2026-04-21 10:48:47 [DiscoveryClient-CacheRefreshExecutor-%d] DEBUG o.s.web.client.RestTemplate - HTTP GET http://localhost:8761/eureka/apps/delta
2026-04-21 10:48:47 [DiscoveryClient-CacheRefreshExecutor-%d] DEBUG o.s.web.client.RestTemplate - Accept=[application/json, application/yaml, application/*+json]
2026-04-21 10:48:47 [DiscoveryClient-CacheRefreshExecutor-%d] DEBUG o.s.web.client.RestTemplate - Response 200 OK
2026-04-21 10:48:47 [DiscoveryClient-CacheRefreshExecutor-%d] DEBUG o.s.web.client.RestTemplate - Reading to [org.springframework.cloud.netflix.eureka.http.EurekaApplications]
2026-04-21 10:48:47 [DiscoveryClient-HeartbeatExecutor-%d] DEBUG o.s.web.client.RestTemplate - HTTP PUT http://localhost:8761/eureka/apps/STUDENT-SERVICE/Student-Service:8086?status=UP&lastDirtyTimestamp=1776704255628
2026-04-21 10:48:47 [DiscoveryClient-HeartbeatExecutor-%d] DEBUG o.s.web.client.RestTemplate - Accept=[application/json, application/yaml, application/*+json]
2026-04-21 10:48:47 [DiscoveryClient-HeartbeatExecutor-%d] DEBUG o.s.web.client.RestTemplate - Response 200 OK
2026-04-21 10:48:57 [DiscoveryClient-HeartbeatExecutor-%d] DEBUG o.s.web.client.RestTemplate - HTTP PUT http://localhost:8761/eureka/apps/STUDENT-SERVICE/Student-Service:8086?status=UP&lastDirtyTimestamp=1776704255628
2026-04-21 10:48:57 [DiscoveryClient-HeartbeatExecutor-%d] DEBUG o.s.web.client.RestTemplate - Accept=[application/json, application/yaml, application/*+json]
2026-04-21 10:48:57 [DiscoveryClient-HeartbeatExecutor-%d] DEBUG o.s.web.client.RestTemplate - Response 200 OK
2026-04-21 10:49:07 [DiscoveryClient-HeartbeatExecutor-%d] DEBUG o.s.web.client.RestTemplate - HTTP PUT http://localhost:8761/eureka/apps/STUDENT-SERVICE/Student-Service:8086?status=UP&lastDirtyTimestamp=1776704255628
2026-04-21 10:49:07 [DiscoveryClient-HeartbeatExecutor-%d] DEBUG o.s.web.client.RestTemplate - Accept=[application/json, application/yaml, application/*+json]
2026-04-21 10:49:07 [DiscoveryClient-HeartbeatExecutor-%d] DEBUG o.s.web.client.RestTemplate - Response 200 OK
2026-04-21 10:49:17 [DiscoveryClient-CacheRefreshExecutor-%d] DEBUG o.s.web.client.RestTemplate - HTTP GET http://localhost:8761/eureka/apps/delta
2026-04-21 10:49:17 [DiscoveryClient-CacheRefreshExecutor-%d] DEBUG o.s.web.client.RestTemplate - Accept=[application/json, application/yaml, application/*+json]
2026-04-21 10:49:17 [DiscoveryClient-CacheRefreshExecutor-%d] DEBUG o.s.web.client.RestTemplate - Response 200 OK
2026-04-21 10:49:17 [DiscoveryClient-CacheRefreshExecutor-%d] DEBUG o.s.web.client.RestTemplate - Reading to [org.springframework.cloud.netflix.eureka.http.EurekaApplications]
2026-04-21 10:49:17 [DiscoveryClient-HeartbeatExecutor-%d] DEBUG o.s.web.client.RestTemplate - HTTP PUT http://localhost:8761/eureka/apps/STUDENT-SERVICE/Student-Service:8086?status=UP&lastDirtyTimestamp=1776704255628
2026-04-21 10:49:17 [DiscoveryClient-HeartbeatExecutor-%d] DEBUG o.s.web.client.RestTemplate - Accept=[application/json, application/yaml, application/*+json]
2026-04-21 10:49:17 [DiscoveryClient-HeartbeatExecutor-%d] DEBUG o.s.web.client.RestTemplate - Response 200 OK
2026-04-21 10:49:27 [DiscoveryClient-HeartbeatExecutor-%d] DEBUG o.s.web.client.RestTemplate - HTTP PUT http://localhost:8761/eureka/apps/STUDENT-SERVICE/Student-Service:8086?status=UP&lastDirtyTimestamp=1776704255628
2026-04-21 10:49:27 [DiscoveryClient-HeartbeatExecutor-%d] DEBUG o.s.web.client.RestTemplate - Accept=[application/json, application/yaml, application/*+json]
2026-04-21 10:49:27 [DiscoveryClient-HeartbeatExecutor-%d] DEBUG o.s.web.client.RestTemplate - Response 200 OK
2026-04-21 10:49:37 [DiscoveryClient-HeartbeatExecutor-%d] DEBUG o.s.web.client.RestTemplate - HTTP PUT http://localhost:8761/eureka/apps/STUDENT-SERVICE/Student-Service:8086?status=UP&lastDirtyTimestamp=1776704255628
2026-04-21 10:49:37 [DiscoveryClient-HeartbeatExecutor-%d] DEBUG o.s.web.client.RestTemplate - Accept=[application/json, application/yaml, application/*+json]
2026-04-21 10:49:37 [DiscoveryClient-HeartbeatExecutor-%d] DEBUG o.s.web.client.RestTemplate - Response 200 OK
2026-04-21 10:49:45 [http-nio-8086-exec-9] DEBUG o.s.security.web.FilterChainProxy - Securing GET /api/students/courses/student-count
2026-04-21 10:49:45 [http-nio-8086-exec-8] DEBUG o.s.security.web.FilterChainProxy - Securing GET /api/students
2026-04-21 10:49:45 [http-nio-8086-exec-9] DEBUG o.s.s.w.a.AnonymousAuthenticationFilter - Set SecurityContextHolder to anonymous SecurityContext
2026-04-21 10:49:45 [http-nio-8086-exec-8] DEBUG o.s.s.w.a.AnonymousAuthenticationFilter - Set SecurityContextHolder to anonymous SecurityContext
2026-04-21 10:49:45 [http-nio-8086-exec-8] DEBUG o.s.security.web.FilterChainProxy - Secured GET /api/students
2026-04-21 10:49:45 [http-nio-8086-exec-9] DEBUG o.s.security.web.FilterChainProxy - Secured GET /api/students/courses/student-count
2026-04-21 10:49:45 [http-nio-8086-exec-9] DEBUG o.s.web.servlet.DispatcherServlet - GET "/api/students/courses/student-count", parameters={}
2026-04-21 10:49:45 [http-nio-8086-exec-8] DEBUG o.s.web.servlet.DispatcherServlet - GET "/api/students", parameters={}
2026-04-21 10:49:45 [http-nio-8086-exec-9] DEBUG o.s.w.s.m.m.a.RequestMappingHandlerMapping - Mapped to com.student.controller.StudentController#getStudentCountByCourse()
2026-04-21 10:49:45 [http-nio-8086-exec-8] DEBUG o.s.w.s.m.m.a.RequestMappingHandlerMapping - Mapped to com.student.controller.StudentController#getAllStudents(String, String, String, String)
2026-04-21 10:49:45 [http-nio-8086-exec-9] INFO  c.s.service.impl.StudentServiceImpl - Fetching student count per course
2026-04-21 10:49:45 [http-nio-8086-exec-8] DEBUG org.hibernate.SQL - 
    select
        se1_0.id,
        se1_0.active,
        se1_0.attendance_calendar,
        se1_0.attendance_percentage,
        se1_0.batch,
        se1_0.books_issued,
        se1_0.books_returned,
        se1_0.course,
        se1_0.course_code,
        se1_0.created_at,
        se1_0.created_by,
        se1_0.department,
        se1_0.faculty_name,
        se1_0.faculty_university_id,
        se1_0.password,
        se1_0.semester,
        se1_0.student_email,
        se1_0.student_name,
        se1_0.student_phone_number,
        se1_0.subjects,
        se1_0.university_id,
        se1_0.updated_at,
        se1_0.updated_by 
    from
        students se1_0 
    where
        se1_0.active
2026-04-21 10:49:45 [http-nio-8086-exec-8] DEBUG o.s.w.s.m.m.a.HttpEntityMethodProcessor - Using 'application/json', given [*/*] and supported [application/json, application/*+json, application/yaml]
2026-04-21 10:49:45 [http-nio-8086-exec-8] DEBUG o.s.w.s.m.m.a.HttpEntityMethodProcessor - Writing [com.student.dto.ApiResponse@78ce743c]
2026-04-21 10:49:45 [http-nio-8086-exec-8] DEBUG o.s.web.servlet.DispatcherServlet - Completed 200 OK
2026-04-21 10:49:45 [http-nio-8086-exec-9] DEBUG org.hibernate.SQL - 
    select
        se1_0.course,
        count(se1_0.id) 
    from
        students se1_0 
    where
        se1_0.course is not null 
        and se1_0.course<>'' 
    group by
        se1_0.course 
    order by
        se1_0.course
2026-04-21 10:49:45 [http-nio-8086-exec-9] DEBUG o.s.w.s.m.m.a.HttpEntityMethodProcessor - Using 'application/json', given [application/json, text/plain, */*] and supported [application/json, application/*+json, application/yaml]
2026-04-21 10:49:45 [http-nio-8086-exec-9] DEBUG o.s.w.s.m.m.a.HttpEntityMethodProcessor - Writing [com.student.dto.ApiResponse@60fdf413]
2026-04-21 10:49:45 [http-nio-8086-exec-9] DEBUG o.s.web.servlet.DispatcherServlet - Completed 200 OK
2026-04-21 10:49:47 [DiscoveryClient-CacheRefreshExecutor-%d] DEBUG o.s.web.client.RestTemplate - HTTP GET http://localhost:8761/eureka/apps/delta
2026-04-21 10:49:47 [DiscoveryClient-CacheRefreshExecutor-%d] DEBUG o.s.web.client.RestTemplate - Accept=[application/json, application/yaml, application/*+json]
2026-04-21 10:49:47 [DiscoveryClient-CacheRefreshExecutor-%d] DEBUG o.s.web.client.RestTemplate - Response 200 OK
2026-04-21 10:49:47 [DiscoveryClient-CacheRefreshExecutor-%d] DEBUG o.s.web.client.RestTemplate - Reading to [org.springframework.cloud.netflix.eureka.http.EurekaApplications]
2026-04-21 10:49:47 [DiscoveryClient-HeartbeatExecutor-%d] DEBUG o.s.web.client.RestTemplate - HTTP PUT http://localhost:8761/eureka/apps/STUDENT-SERVICE/Student-Service:8086?status=UP&lastDirtyTimestamp=1776704255628
2026-04-21 10:49:47 [DiscoveryClient-HeartbeatExecutor-%d] DEBUG o.s.web.client.RestTemplate - Accept=[application/json, application/yaml, application/*+json]
2026-04-21 10:49:47 [DiscoveryClient-HeartbeatExecutor-%d] DEBUG o.s.web.client.RestTemplate - Response 200 OK
2026-04-21 10:49:57 [DiscoveryClient-HeartbeatExecutor-%d] DEBUG o.s.web.client.RestTemplate - HTTP PUT http://localhost:8761/eureka/apps/STUDENT-SERVICE/Student-Service:8086?status=UP&lastDirtyTimestamp=1776704255628
2026-04-21 10:49:57 [DiscoveryClient-HeartbeatExecutor-%d] DEBUG o.s.web.client.RestTemplate - Accept=[application/json, application/yaml, application/*+json]
2026-04-21 10:49:57 [DiscoveryClient-HeartbeatExecutor-%d] DEBUG o.s.web.client.RestTemplate - Response 200 OK
2026-04-21 10:50:03 [http-nio-8086-exec-10] DEBUG o.s.security.web.FilterChainProxy - Securing GET /api/students/courses/student-count
2026-04-21 10:50:03 [http-nio-8086-exec-10] DEBUG o.s.s.w.a.AnonymousAuthenticationFilter - Set SecurityContextHolder to anonymous SecurityContext
2026-04-21 10:50:03 [http-nio-8086-exec-10] DEBUG o.s.security.web.FilterChainProxy - Secured GET /api/students/courses/student-count
2026-04-21 10:50:03 [http-nio-8086-exec-10] DEBUG o.s.web.servlet.DispatcherServlet - GET "/api/students/courses/student-count", parameters={}
2026-04-21 10:50:03 [http-nio-8086-exec-10] DEBUG o.s.w.s.m.m.a.RequestMappingHandlerMapping - Mapped to com.student.controller.StudentController#getStudentCountByCourse()
2026-04-21 10:50:03 [http-nio-8086-exec-10] INFO  c.s.service.impl.StudentServiceImpl - Fetching student count per course
2026-04-21 10:50:03 [http-nio-8086-exec-1] DEBUG o.s.security.web.FilterChainProxy - Securing GET /api/students
2026-04-21 10:50:03 [http-nio-8086-exec-1] DEBUG o.s.s.w.a.AnonymousAuthenticationFilter - Set SecurityContextHolder to anonymous SecurityContext
2026-04-21 10:50:03 [http-nio-8086-exec-1] DEBUG o.s.security.web.FilterChainProxy - Secured GET /api/students
2026-04-21 10:50:03 [http-nio-8086-exec-1] DEBUG o.s.web.servlet.DispatcherServlet - GET "/api/students", parameters={}
2026-04-21 10:50:03 [http-nio-8086-exec-10] DEBUG org.hibernate.SQL - 
    select
        se1_0.course,
        count(se1_0.id) 
    from
        students se1_0 
    where
        se1_0.course is not null 
        and se1_0.course<>'' 
    group by
        se1_0.course 
    order by
        se1_0.course
2026-04-21 10:50:03 [http-nio-8086-exec-1] DEBUG o.s.w.s.m.m.a.RequestMappingHandlerMapping - Mapped to com.student.controller.StudentController#getAllStudents(String, String, String, String)
2026-04-21 10:50:03 [http-nio-8086-exec-1] DEBUG org.hibernate.SQL - 
    select
        se1_0.id,
        se1_0.active,
        se1_0.attendance_calendar,
        se1_0.attendance_percentage,
        se1_0.batch,
        se1_0.books_issued,
        se1_0.books_returned,
        se1_0.course,
        se1_0.course_code,
        se1_0.created_at,
        se1_0.created_by,
        se1_0.department,
        se1_0.faculty_name,
        se1_0.faculty_university_id,
        se1_0.password,
        se1_0.semester,
        se1_0.student_email,
        se1_0.student_name,
        se1_0.student_phone_number,
        se1_0.subjects,
        se1_0.university_id,
        se1_0.updated_at,
        se1_0.updated_by 
    from
        students se1_0 
    where
        se1_0.active
2026-04-21 10:50:03 [http-nio-8086-exec-10] DEBUG o.s.w.s.m.m.a.HttpEntityMethodProcessor - Using 'application/json', given [application/json, text/plain, */*] and supported [application/json, application/*+json, application/yaml]
2026-04-21 10:50:03 [http-nio-8086-exec-10] DEBUG o.s.w.s.m.m.a.HttpEntityMethodProcessor - Writing [com.student.dto.ApiResponse@6885fc5a]
2026-04-21 10:50:03 [http-nio-8086-exec-10] DEBUG o.s.web.servlet.DispatcherServlet - Completed 200 OK
2026-04-21 10:50:03 [http-nio-8086-exec-1] DEBUG o.s.w.s.m.m.a.HttpEntityMethodProcessor - Using 'application/json', given [*/*] and supported [application/json, application/*+json, application/yaml]
2026-04-21 10:50:03 [http-nio-8086-exec-1] DEBUG o.s.w.s.m.m.a.HttpEntityMethodProcessor - Writing [com.student.dto.ApiResponse@fff796c]
2026-04-21 10:50:03 [http-nio-8086-exec-1] DEBUG o.s.web.servlet.DispatcherServlet - Completed 200 OK
2026-04-21 10:50:07 [DiscoveryClient-HeartbeatExecutor-%d] DEBUG o.s.web.client.RestTemplate - HTTP PUT http://localhost:8761/eureka/apps/STUDENT-SERVICE/Student-Service:8086?status=UP&lastDirtyTimestamp=1776704255628
2026-04-21 10:50:07 [DiscoveryClient-HeartbeatExecutor-%d] DEBUG o.s.web.client.RestTemplate - Accept=[application/json, application/yaml, application/*+json]
2026-04-21 10:50:07 [DiscoveryClient-HeartbeatExecutor-%d] DEBUG o.s.web.client.RestTemplate - Response 200 OK
2026-04-21 10:50:14 [http-nio-8086-exec-2] DEBUG o.s.security.web.FilterChainProxy - Securing GET /api/students
2026-04-21 10:50:14 [http-nio-8086-exec-2] DEBUG o.s.s.w.a.AnonymousAuthenticationFilter - Set SecurityContextHolder to anonymous SecurityContext
2026-04-21 10:50:14 [http-nio-8086-exec-2] DEBUG o.s.security.web.FilterChainProxy - Secured GET /api/students
2026-04-21 10:50:14 [http-nio-8086-exec-2] DEBUG o.s.web.servlet.DispatcherServlet - GET "/api/students", parameters={}
2026-04-21 10:50:14 [http-nio-8086-exec-2] DEBUG o.s.w.s.m.m.a.RequestMappingHandlerMapping - Mapped to com.student.controller.StudentController#getAllStudents(String, String, String, String)
2026-04-21 10:50:14 [http-nio-8086-exec-2] DEBUG org.hibernate.SQL - 
    select
        se1_0.id,
        se1_0.active,
        se1_0.attendance_calendar,
        se1_0.attendance_percentage,
        se1_0.batch,
        se1_0.books_issued,
        se1_0.books_returned,
        se1_0.course,
        se1_0.course_code,
        se1_0.created_at,
        se1_0.created_by,
        se1_0.department,
        se1_0.faculty_name,
        se1_0.faculty_university_id,
        se1_0.password,
        se1_0.semester,
        se1_0.student_email,
        se1_0.student_name,
        se1_0.student_phone_number,
        se1_0.subjects,
        se1_0.university_id,
        se1_0.updated_at,
        se1_0.updated_by 
    from
        students se1_0 
    where
        se1_0.active
2026-04-21 10:50:14 [http-nio-8086-exec-2] DEBUG o.s.w.s.m.m.a.HttpEntityMethodProcessor - Using 'application/json', given [*/*] and supported [application/json, application/*+json, application/yaml]
2026-04-21 10:50:14 [http-nio-8086-exec-2] DEBUG o.s.w.s.m.m.a.HttpEntityMethodProcessor - Writing [com.student.dto.ApiResponse@15670c7b]
2026-04-21 10:50:14 [http-nio-8086-exec-2] DEBUG o.s.web.servlet.DispatcherServlet - Completed 200 OK
2026-04-21 10:50:16 [http-nio-8086-exec-3] DEBUG o.s.security.web.FilterChainProxy - Securing GET /api/students/faculty/FAC000006
2026-04-21 10:50:16 [http-nio-8086-exec-3] DEBUG o.s.s.w.a.AnonymousAuthenticationFilter - Set SecurityContextHolder to anonymous SecurityContext
2026-04-21 10:50:16 [http-nio-8086-exec-3] DEBUG o.s.security.web.FilterChainProxy - Secured GET /api/students/faculty/FAC000006
2026-04-21 10:50:16 [http-nio-8086-exec-3] DEBUG o.s.web.servlet.DispatcherServlet - GET "/api/students/faculty/FAC000006", parameters={}
2026-04-21 10:50:16 [http-nio-8086-exec-3] DEBUG o.s.w.s.m.m.a.RequestMappingHandlerMapping - Mapped to com.student.controller.StudentController#getStudentsByFacultyUniversityId(String)
2026-04-21 10:50:16 [http-nio-8086-exec-3] DEBUG org.hibernate.SQL - 
    select
        se1_0.id,
        se1_0.active,
        se1_0.attendance_calendar,
        se1_0.attendance_percentage,
        se1_0.batch,
        se1_0.books_issued,
        se1_0.books_returned,
        se1_0.course,
        se1_0.course_code,
        se1_0.created_at,
        se1_0.created_by,
        se1_0.department,
        se1_0.faculty_name,
        se1_0.faculty_university_id,
        se1_0.password,
        se1_0.semester,
        se1_0.student_email,
        se1_0.student_name,
        se1_0.student_phone_number,
        se1_0.subjects,
        se1_0.university_id,
        se1_0.updated_at,
        se1_0.updated_by 
    from
        students se1_0 
    where
        se1_0.faculty_university_id=?
2026-04-21 10:50:16 [http-nio-8086-exec-3] DEBUG o.s.w.s.m.m.a.HttpEntityMethodProcessor - Using 'application/json', given [*/*] and supported [application/json, application/*+json, application/yaml]
2026-04-21 10:50:16 [http-nio-8086-exec-3] DEBUG o.s.w.s.m.m.a.HttpEntityMethodProcessor - Writing [com.student.dto.ApiResponse@74d8b69]
2026-04-21 10:50:16 [http-nio-8086-exec-3] DEBUG o.s.web.servlet.DispatcherServlet - Completed 200 OK
2026-04-21 10:50:17 [DiscoveryClient-CacheRefreshExecutor-%d] DEBUG o.s.web.client.RestTemplate - HTTP GET http://localhost:8761/eureka/apps/delta
2026-04-21 10:50:17 [DiscoveryClient-CacheRefreshExecutor-%d] DEBUG o.s.web.client.RestTemplate - Accept=[application/json, application/yaml, application/*+json]
2026-04-21 10:50:17 [DiscoveryClient-CacheRefreshExecutor-%d] DEBUG o.s.web.client.RestTemplate - Response 200 OK
2026-04-21 10:50:17 [DiscoveryClient-CacheRefreshExecutor-%d] DEBUG o.s.web.client.RestTemplate - Reading to [org.springframework.cloud.netflix.eureka.http.EurekaApplications]
2026-04-21 10:50:17 [DiscoveryClient-HeartbeatExecutor-%d] DEBUG o.s.web.client.RestTemplate - HTTP PUT http://localhost:8761/eureka/apps/STUDENT-SERVICE/Student-Service:8086?status=UP&lastDirtyTimestamp=1776704255628
2026-04-21 10:50:17 [DiscoveryClient-HeartbeatExecutor-%d] DEBUG o.s.web.client.RestTemplate - Accept=[application/json, application/yaml, application/*+json]
2026-04-21 10:50:17 [DiscoveryClient-HeartbeatExecutor-%d] DEBUG o.s.web.client.RestTemplate - Response 200 OK
2026-04-21 10:50:27 [DiscoveryClient-HeartbeatExecutor-%d] DEBUG o.s.web.client.RestTemplate - HTTP PUT http://localhost:8761/eureka/apps/STUDENT-SERVICE/Student-Service:8086?status=UP&lastDirtyTimestamp=1776704255628
2026-04-21 10:50:27 [DiscoveryClient-HeartbeatExecutor-%d] DEBUG o.s.web.client.RestTemplate - Accept=[application/json, application/yaml, application/*+json]
2026-04-21 10:50:27 [DiscoveryClient-HeartbeatExecutor-%d] DEBUG o.s.web.client.RestTemplate - Response 200 OK
2026-04-21 10:50:28 [http-nio-8086-exec-4] DEBUG o.s.security.web.FilterChainProxy - Securing GET /api/students/faculty/FAC000006
2026-04-21 10:50:28 [http-nio-8086-exec-4] DEBUG o.s.s.w.a.AnonymousAuthenticationFilter - Set SecurityContextHolder to anonymous SecurityContext
2026-04-21 10:50:28 [http-nio-8086-exec-4] DEBUG o.s.security.web.FilterChainProxy - Secured GET /api/students/faculty/FAC000006
2026-04-21 10:50:28 [http-nio-8086-exec-4] DEBUG o.s.web.servlet.DispatcherServlet - GET "/api/students/faculty/FAC000006", parameters={}
2026-04-21 10:50:28 [http-nio-8086-exec-4] DEBUG o.s.w.s.m.m.a.RequestMappingHandlerMapping - Mapped to com.student.controller.StudentController#getStudentsByFacultyUniversityId(String)
2026-04-21 10:50:28 [http-nio-8086-exec-4] DEBUG org.hibernate.SQL - 
    select
        se1_0.id,
        se1_0.active,
        se1_0.attendance_calendar,
        se1_0.attendance_percentage,
        se1_0.batch,
        se1_0.books_issued,
        se1_0.books_returned,
        se1_0.course,
        se1_0.course_code,
        se1_0.created_at,
        se1_0.created_by,
        se1_0.department,
        se1_0.faculty_name,
        se1_0.faculty_university_id,
        se1_0.password,
        se1_0.semester,
        se1_0.student_email,
        se1_0.student_name,
        se1_0.student_phone_number,
        se1_0.subjects,
        se1_0.university_id,
        se1_0.updated_at,
        se1_0.updated_by 
    from
        students se1_0 
    where
        se1_0.faculty_university_id=?
2026-04-21 10:50:28 [http-nio-8086-exec-4] DEBUG o.s.w.s.m.m.a.HttpEntityMethodProcessor - Using 'application/json', given [*/*] and supported [application/json, application/*+json, application/yaml]
2026-04-21 10:50:28 [http-nio-8086-exec-4] DEBUG o.s.w.s.m.m.a.HttpEntityMethodProcessor - Writing [com.student.dto.ApiResponse@6ba4c592]
2026-04-21 10:50:28 [http-nio-8086-exec-4] DEBUG o.s.web.servlet.DispatcherServlet - Completed 200 OK
2026-04-21 10:50:37 [DiscoveryClient-HeartbeatExecutor-%d] DEBUG o.s.web.client.RestTemplate - HTTP PUT http://localhost:8761/eureka/apps/STUDENT-SERVICE/Student-Service:8086?status=UP&lastDirtyTimestamp=1776704255628
2026-04-21 10:50:37 [DiscoveryClient-HeartbeatExecutor-%d] DEBUG o.s.web.client.RestTemplate - Accept=[application/json, application/yaml, application/*+json]
2026-04-21 10:50:37 [DiscoveryClient-HeartbeatExecutor-%d] DEBUG o.s.web.client.RestTemplate - Response 200 OK
2026-04-21 10:50:41 [http-nio-8086-exec-5] DEBUG o.s.security.web.FilterChainProxy - Securing GET /api/students/university-id/STU000012
2026-04-21 10:50:41 [http-nio-8086-exec-5] DEBUG o.s.s.w.a.AnonymousAuthenticationFilter - Set SecurityContextHolder to anonymous SecurityContext
2026-04-21 10:50:41 [http-nio-8086-exec-5] DEBUG o.s.security.web.FilterChainProxy - Secured GET /api/students/university-id/STU000012
2026-04-21 10:50:41 [http-nio-8086-exec-5] DEBUG o.s.web.servlet.DispatcherServlet - GET "/api/students/university-id/STU000012", parameters={}
2026-04-21 10:50:41 [http-nio-8086-exec-5] DEBUG o.s.w.s.m.m.a.RequestMappingHandlerMapping - Mapped to com.student.controller.StudentController#getStudentByUniversityId(String)
2026-04-21 10:50:41 [http-nio-8086-exec-5] DEBUG org.hibernate.SQL - 
    select
        se1_0.id,
        se1_0.active,
        se1_0.attendance_calendar,
        se1_0.attendance_percentage,
        se1_0.batch,
        se1_0.books_issued,
        se1_0.books_returned,
        se1_0.course,
        se1_0.course_code,
        se1_0.created_at,
        se1_0.created_by,
        se1_0.department,
        se1_0.faculty_name,
        se1_0.faculty_university_id,
        se1_0.password,
        se1_0.semester,
        se1_0.student_email,
        se1_0.student_name,
        se1_0.student_phone_number,
        se1_0.subjects,
        se1_0.university_id,
        se1_0.updated_at,
        se1_0.updated_by 
    from
        students se1_0 
    where
        se1_0.university_id=?
2026-04-21 10:50:41 [http-nio-8086-exec-5] DEBUG o.s.w.s.m.m.a.ExceptionHandlerExceptionResolver - Using @ExceptionHandler com.student.exception.GlobalExceptionHandler#handleResourceNotFound(ResourceNotFoundException, WebRequest)
2026-04-21 10:50:41 [http-nio-8086-exec-5] WARN  c.s.exception.GlobalExceptionHandler - Student resource not found: Student not found with university ID: STU000012
2026-04-21 10:50:41 [http-nio-8086-exec-5] DEBUG o.s.w.s.m.m.a.HttpEntityMethodProcessor - Using 'application/json', given [application/json, text/plain, */*] and supported [application/json, application/*+json, application/yaml]
2026-04-21 10:50:41 [http-nio-8086-exec-5] DEBUG o.s.w.s.m.m.a.HttpEntityMethodProcessor - Writing [{path=/api/students/university-id/STU000012, error=NOT_FOUND, message=Student not found with univers (truncated)...]
2026-04-21 10:50:41 [http-nio-8086-exec-5] DEBUG o.s.w.s.m.m.a.ExceptionHandlerExceptionResolver - Resolved [com.student.exception.ResourceNotFoundException: Student not found with university ID: STU000012]
2026-04-21 10:50:41 [http-nio-8086-exec-5] DEBUG o.s.web.servlet.DispatcherServlet - Completed 404 NOT_FOUND
2026-04-21 10:50:47 [DiscoveryClient-CacheRefreshExecutor-%d] DEBUG o.s.web.client.RestTemplate - HTTP GET http://localhost:8761/eureka/apps/delta
2026-04-21 10:50:47 [DiscoveryClient-CacheRefreshExecutor-%d] DEBUG o.s.web.client.RestTemplate - Accept=[application/json, application/yaml, application/*+json]
2026-04-21 10:50:47 [DiscoveryClient-CacheRefreshExecutor-%d] DEBUG o.s.web.client.RestTemplate - Response 200 OK
2026-04-21 10:50:47 [DiscoveryClient-CacheRefreshExecutor-%d] DEBUG o.s.web.client.RestTemplate - Reading to [org.springframework.cloud.netflix.eureka.http.EurekaApplications]
2026-04-21 10:50:47 [DiscoveryClient-HeartbeatExecutor-%d] DEBUG o.s.web.client.RestTemplate - HTTP PUT http://localhost:8761/eureka/apps/STUDENT-SERVICE/Student-Service:8086?status=UP&lastDirtyTimestamp=1776704255628
2026-04-21 10:50:47 [DiscoveryClient-HeartbeatExecutor-%d] DEBUG o.s.web.client.RestTemplate - Accept=[application/json, application/yaml, application/*+json]
2026-04-21 10:50:47 [DiscoveryClient-HeartbeatExecutor-%d] DEBUG o.s.web.client.RestTemplate - Response 200 OK
2026-04-21 10:50:57 [DiscoveryClient-HeartbeatExecutor-%d] DEBUG o.s.web.client.RestTemplate - HTTP PUT http://localhost:8761/eureka/apps/STUDENT-SERVICE/Student-Service:8086?status=UP&lastDirtyTimestamp=1776704255628
2026-04-21 10:50:57 [DiscoveryClient-HeartbeatExecutor-%d] DEBUG o.s.web.client.RestTemplate - Accept=[application/json, application/yaml, application/*+json]
2026-04-21 10:50:57 [DiscoveryClient-HeartbeatExecutor-%d] DEBUG o.s.web.client.RestTemplate - Response 200 OK
2026-04-21 10:51:07 [DiscoveryClient-HeartbeatExecutor-%d] DEBUG o.s.web.client.RestTemplate - HTTP PUT http://localhost:8761/eureka/apps/STUDENT-SERVICE/Student-Service:8086?status=UP&lastDirtyTimestamp=1776704255628
2026-04-21 10:51:07 [DiscoveryClient-HeartbeatExecutor-%d] DEBUG o.s.web.client.RestTemplate - Accept=[application/json, application/yaml, application/*+json]
2026-04-21 10:51:07 [DiscoveryClient-HeartbeatExecutor-%d] DEBUG o.s.web.client.RestTemplate - Response 200 OK
2026-04-21 10:51:17 [DiscoveryClient-CacheRefreshExecutor-%d] DEBUG o.s.web.client.RestTemplate - HTTP GET http://localhost:8761/eureka/apps/delta
2026-04-21 10:51:17 [DiscoveryClient-CacheRefreshExecutor-%d] DEBUG o.s.web.client.RestTemplate - Accept=[application/json, application/yaml, application/*+json]
2026-04-21 10:51:17 [DiscoveryClient-CacheRefreshExecutor-%d] DEBUG o.s.web.client.RestTemplate - Response 200 OK
2026-04-21 10:51:17 [DiscoveryClient-CacheRefreshExecutor-%d] DEBUG o.s.web.client.RestTemplate - Reading to [org.springframework.cloud.netflix.eureka.http.EurekaApplications]
2026-04-21 10:51:17 [DiscoveryClient-HeartbeatExecutor-%d] DEBUG o.s.web.client.RestTemplate - HTTP PUT http://localhost:8761/eureka/apps/STUDENT-SERVICE/Student-Service:8086?status=UP&lastDirtyTimestamp=1776704255628
2026-04-21 10:51:17 [DiscoveryClient-HeartbeatExecutor-%d] DEBUG o.s.web.client.RestTemplate - Accept=[application/json, application/yaml, application/*+json]
2026-04-21 10:51:17 [DiscoveryClient-HeartbeatExecutor-%d] DEBUG o.s.web.client.RestTemplate - Response 200 OK
2026-04-21 10:51:27 [DiscoveryClient-HeartbeatExecutor-%d] DEBUG o.s.web.client.RestTemplate - HTTP PUT http://localhost:8761/eureka/apps/STUDENT-SERVICE/Student-Service:8086?status=UP&lastDirtyTimestamp=1776704255628
2026-04-21 10:51:27 [DiscoveryClient-HeartbeatExecutor-%d] DEBUG o.s.web.client.RestTemplate - Accept=[application/json, application/yaml, application/*+json]
2026-04-21 10:51:27 [DiscoveryClient-HeartbeatExecutor-%d] DEBUG o.s.web.client.RestTemplate - Response 200 OK
2026-04-21 10:51:37 [DiscoveryClient-HeartbeatExecutor-%d] DEBUG o.s.web.client.RestTemplate - HTTP PUT http://localhost:8761/eureka/apps/STUDENT-SERVICE/Student-Service:8086?status=UP&lastDirtyTimestamp=1776704255628
2026-04-21 10:51:37 [DiscoveryClient-HeartbeatExecutor-%d] DEBUG o.s.web.client.RestTemplate - Accept=[application/json, application/yaml, application/*+json]
2026-04-21 10:51:37 [DiscoveryClient-HeartbeatExecutor-%d] DEBUG o.s.web.client.RestTemplate - Response 200 OK
2026-04-21 10:51:47 [DiscoveryClient-CacheRefreshExecutor-%d] DEBUG o.s.web.client.RestTemplate - HTTP GET http://localhost:8761/eureka/apps/delta
2026-04-21 10:51:47 [DiscoveryClient-CacheRefreshExecutor-%d] DEBUG o.s.web.client.RestTemplate - Accept=[application/json, application/yaml, application/*+json]
2026-04-21 10:51:47 [DiscoveryClient-CacheRefreshExecutor-%d] DEBUG o.s.web.client.RestTemplate - Response 200 OK
2026-04-21 10:51:47 [DiscoveryClient-CacheRefreshExecutor-%d] DEBUG o.s.web.client.RestTemplate - Reading to [org.springframework.cloud.netflix.eureka.http.EurekaApplications]
2026-04-21 10:51:48 [DiscoveryClient-HeartbeatExecutor-%d] DEBUG o.s.web.client.RestTemplate - HTTP PUT http://localhost:8761/eureka/apps/STUDENT-SERVICE/Student-Service:8086?status=UP&lastDirtyTimestamp=1776704255628
2026-04-21 10:51:48 [DiscoveryClient-HeartbeatExecutor-%d] DEBUG o.s.web.client.RestTemplate - Accept=[application/json, application/yaml, application/*+json]
2026-04-21 10:51:48 [DiscoveryClient-HeartbeatExecutor-%d] DEBUG o.s.web.client.RestTemplate - Response 200 OK
2026-04-21 10:51:58 [DiscoveryClient-HeartbeatExecutor-%d] DEBUG o.s.web.client.RestTemplate - HTTP PUT http://localhost:8761/eureka/apps/STUDENT-SERVICE/Student-Service:8086?status=UP&lastDirtyTimestamp=1776704255628
2026-04-21 10:51:58 [DiscoveryClient-HeartbeatExecutor-%d] DEBUG o.s.web.client.RestTemplate - Accept=[application/json, application/yaml, application/*+json]
2026-04-21 10:51:58 [DiscoveryClient-HeartbeatExecutor-%d] DEBUG o.s.web.client.RestTemplate - Response 200 OK
