2026-04-20T11:47:50.147+05:30  INFO 17872 --- [User-Service] [main] com.userService.UserServiceApplication   : Starting UserServiceApplication using Java 24.0.2 with PID 17872 (C:\Task\Microservise Project\College Management System\User-Service\target\classes started by hp in C:\Task\Microservise Project\College Management System\API-Gateway)
2026-04-20T11:47:50.158+05:30 DEBUG 17872 --- [User-Service] [main] com.userService.UserServiceApplication   : Running with Spring Boot v3.5.13, Spring v6.2.17
2026-04-20T11:47:50.159+05:30  INFO 17872 --- [User-Service] [main] com.userService.UserServiceApplication   : No active profile set, falling back to 1 default profile: "default"
2026-04-20T11:47:51.677+05:30 DEBUG 17872 --- [User-Service] [main] o.s.c.openfeign.FeignClientsRegistrar$1  : Identified candidate component class: file [C:\Task\Microservise Project\College Management System\User-Service\target\classes\com\userService\client\FacultyServiceClient.class]
2026-04-20T11:47:51.678+05:30 DEBUG 17872 --- [User-Service] [main] o.s.c.openfeign.FeignClientsRegistrar$1  : Identified candidate component class: file [C:\Task\Microservise Project\College Management System\User-Service\target\classes\com\userService\client\LibraryServiceClient.class]
2026-04-20T11:47:51.678+05:30 DEBUG 17872 --- [User-Service] [main] o.s.c.openfeign.FeignClientsRegistrar$1  : Identified candidate component class: file [C:\Task\Microservise Project\College Management System\User-Service\target\classes\com\userService\client\StudentServiceClient.class]
2026-04-20T11:47:52.246+05:30  INFO 17872 --- [User-Service] [main] .s.d.r.c.RepositoryConfigurationDelegate : Bootstrapping Spring Data JPA repositories in DEFAULT mode.
2026-04-20T11:47:52.520+05:30  INFO 17872 --- [User-Service] [main] .s.d.r.c.RepositoryConfigurationDelegate : Finished Spring Data repository scanning in 244 ms. Found 4 JPA repository interfaces.
2026-04-20T11:47:53.051+05:30  INFO 17872 --- [User-Service] [main] o.s.cloud.context.scope.GenericScope     : BeanFactory id=07542e37-0754-3d8b-9468-82e57a4503cf
2026-04-20T11:47:54.271+05:30  INFO 17872 --- [User-Service] [main] o.s.b.w.embedded.tomcat.TomcatWebServer  : Tomcat initialized with port 8081 (http)
2026-04-20T11:47:54.315+05:30  INFO 17872 --- [User-Service] [main] o.apache.catalina.core.StandardService   : Starting service [Tomcat]
2026-04-20T11:47:54.316+05:30  INFO 17872 --- [User-Service] [main] o.apache.catalina.core.StandardEngine    : Starting Servlet engine: [Apache Tomcat/10.1.53]
2026-04-20T11:47:54.465+05:30  INFO 17872 --- [User-Service] [main] o.a.c.c.C.[Tomcat].[localhost].[/]       : Initializing Spring embedded WebApplicationContext
2026-04-20T11:47:54.466+05:30  INFO 17872 --- [User-Service] [main] w.s.c.ServletWebServerApplicationContext : Root WebApplicationContext: initialization completed in 4189 ms
2026-04-20T11:47:55.000+05:30  INFO 17872 --- [User-Service] [main] o.hibernate.jpa.internal.util.LogHelper  : HHH000204: Processing PersistenceUnitInfo [name: default]
2026-04-20T11:47:55.106+05:30  INFO 17872 --- [User-Service] [main] org.hibernate.Version                    : HHH000412: Hibernate ORM core version 6.6.45.Final
2026-04-20T11:47:55.158+05:30  INFO 17872 --- [User-Service] [main] o.h.c.internal.RegionFactoryInitiator    : HHH000026: Second-level cache disabled
2026-04-20T11:47:55.600+05:30  INFO 17872 --- [User-Service] [main] o.s.o.j.p.SpringPersistenceUnitInfo      : No LoadTimeWeaver setup: ignoring JPA class transformer
2026-04-20T11:47:55.648+05:30  INFO 17872 --- [User-Service] [main] com.zaxxer.hikari.HikariDataSource       : HikariPool-1 - Starting...
2026-04-20T11:47:56.169+05:30  INFO 17872 --- [User-Service] [main] com.zaxxer.hikari.pool.HikariPool        : HikariPool-1 - Added connection com.mysql.cj.jdbc.ConnectionImpl@77db231c
2026-04-20T11:47:56.172+05:30  INFO 17872 --- [User-Service] [main] com.zaxxer.hikari.HikariDataSource       : HikariPool-1 - Start completed.
2026-04-20T11:47:56.254+05:30  WARN 17872 --- [User-Service] [main] org.hibernate.orm.deprecation            : HHH90000025: MySQLDialect does not need to be specified explicitly using 'hibernate.dialect' (remove the property setting and it will be selected by default)
2026-04-20T11:47:56.284+05:30  INFO 17872 --- [User-Service] [main] org.hibernate.orm.connections.pooling    : HHH10001005: Database info:
	Database JDBC URL [Connecting through datasource 'HikariDataSource (HikariPool-1)']
	Database driver: undefined/unknown
	Database version: 8.0.43
	Autocommit mode: undefined/unknown
	Isolation level: undefined/unknown
	Minimum pool size: undefined/unknown
	Maximum pool size: undefined/unknown
2026-04-20T11:47:57.677+05:30  INFO 17872 --- [User-Service] [main] o.h.e.t.j.p.i.JtaPlatformInitiator       : HHH000489: No JTA platform available (set 'hibernate.transaction.jta.platform' to enable JTA platform integration)
2026-04-20T11:47:57.888+05:30  INFO 17872 --- [User-Service] [main] j.LocalContainerEntityManagerFactoryBean : Initialized JPA EntityManagerFactory for persistence unit 'default'
2026-04-20T11:47:58.450+05:30  INFO 17872 --- [User-Service] [main] o.s.d.j.r.query.QueryEnhancerFactory     : Hibernate is in classpath; If applicable, HQL parser will be used.
2026-04-20T11:47:59.684+05:30 DEBUG 17872 --- [User-Service] [main] o.s.c.openfeign.FeignClientFactoryBean   : Creating a FeignClientFactoryBean.
2026-04-20T11:48:00.166+05:30  WARN 17872 --- [User-Service] [main] JpaBaseConfiguration$JpaWebConfiguration : spring.jpa.open-in-view is enabled by default. Therefore, database queries may be performed during view rendering. Explicitly configure spring.jpa.open-in-view to disable this warning
2026-04-20T11:48:00.379+05:30  INFO 17872 --- [User-Service] [main] o.s.c.openfeign.FeignClientFactoryBean   : For 'STUDENT-SERVICE' URL not provided. Will try picking an instance via load-balancing.
2026-04-20T11:48:00.439+05:30 DEBUG 17872 --- [User-Service] [main] o.s.c.openfeign.FeignClientFactoryBean   : Creating a FeignClientFactoryBean.
2026-04-20T11:48:00.462+05:30  INFO 17872 --- [User-Service] [main] o.s.c.openfeign.FeignClientFactoryBean   : For 'Faculty-Service' URL not provided. Will try picking an instance via load-balancing.
2026-04-20T11:48:00.471+05:30 DEBUG 17872 --- [User-Service] [main] o.s.c.openfeign.FeignClientFactoryBean   : Creating a FeignClientFactoryBean.
2026-04-20T11:48:00.491+05:30  INFO 17872 --- [User-Service] [main] o.s.c.openfeign.FeignClientFactoryBean   : For 'Library-Service' URL not provided. Will try picking an instance via load-balancing.
2026-04-20T11:48:01.166+05:30  WARN 17872 --- [User-Service] [main] .s.s.UserDetailsServiceAutoConfiguration : 

Using generated security password: a3abe1a4-41a6-4eed-9561-662f529396be

This generated password is for development use only. Your security configuration must be updated before running your application in production.

2026-04-20T11:48:01.181+05:30  INFO 17872 --- [User-Service] [main] r$InitializeUserDetailsManagerConfigurer : Global AuthenticationManager configured with UserDetailsService bean with name inMemoryUserDetailsManager
2026-04-20T11:48:01.941+05:30  INFO 17872 --- [User-Service] [main] DiscoveryClientOptionalArgsConfiguration : Eureka HTTP Client uses RestTemplate.
2026-04-20T11:48:01.974+05:30  WARN 17872 --- [User-Service] [main] iguration$LoadBalancerCaffeineWarnLogger : Spring Cloud LoadBalancer is currently working with the default cache. While this cache implementation is useful for development and tests, it's recommended to use Caffeine cache in production.You can switch to using Caffeine cache, by adding it and org.springframework.cache.caffeine.CaffeineCacheManager to the classpath.
2026-04-20T11:48:02.021+05:30  INFO 17872 --- [User-Service] [main] o.s.c.n.eureka.InstanceInfoFactory       : Setting initial instance status as: STARTING
2026-04-20T11:48:02.056+05:30  INFO 17872 --- [User-Service] [main] com.netflix.discovery.DiscoveryClient    : Initializing Eureka in region us-east-1
2026-04-20T11:48:02.061+05:30  INFO 17872 --- [User-Service] [main] c.n.d.s.r.aws.ConfigClusterResolver      : Resolving eureka endpoints via configuration
2026-04-20T11:48:02.073+05:30  INFO 17872 --- [User-Service] [main] com.netflix.discovery.DiscoveryClient    : Disable delta property : false
2026-04-20T11:48:02.074+05:30  INFO 17872 --- [User-Service] [main] com.netflix.discovery.DiscoveryClient    : Single vip registry refresh property : null
2026-04-20T11:48:02.074+05:30  INFO 17872 --- [User-Service] [main] com.netflix.discovery.DiscoveryClient    : Force full registry fetch : false
2026-04-20T11:48:02.074+05:30  INFO 17872 --- [User-Service] [main] com.netflix.discovery.DiscoveryClient    : Application is null : false
2026-04-20T11:48:02.075+05:30  INFO 17872 --- [User-Service] [main] com.netflix.discovery.DiscoveryClient    : Registered Applications size is zero : true
2026-04-20T11:48:02.075+05:30  INFO 17872 --- [User-Service] [main] com.netflix.discovery.DiscoveryClient    : Application version is -1: true
2026-04-20T11:48:02.075+05:30  INFO 17872 --- [User-Service] [main] com.netflix.discovery.DiscoveryClient    : Getting all instance registry info from the eureka server
2026-04-20T11:48:02.595+05:30  INFO 17872 --- [User-Service] [main] com.netflix.discovery.DiscoveryClient    : The response status is 200
2026-04-20T11:48:02.598+05:30  INFO 17872 --- [User-Service] [main] com.netflix.discovery.DiscoveryClient    : Starting heartbeat executor: renew interval is: 30
2026-04-20T11:48:02.600+05:30  INFO 17872 --- [User-Service] [main] c.n.discovery.InstanceInfoReplicator     : InstanceInfoReplicator onDemand update allowed rate per min is 4
2026-04-20T11:48:02.603+05:30  INFO 17872 --- [User-Service] [main] com.netflix.discovery.DiscoveryClient    : Discovery Client initialized at timestamp 1776665882602 with initial instances count: 1
2026-04-20T11:48:02.609+05:30  INFO 17872 --- [User-Service] [main] o.s.c.n.e.s.EurekaServiceRegistry        : Registering application USER-SERVICE with eureka with status UP
2026-04-20T11:48:02.610+05:30  INFO 17872 --- [User-Service] [main] com.netflix.discovery.DiscoveryClient    : Saw local status change event StatusChangeEvent [timestamp=1776665882610, current=UP, previous=STARTING]
2026-04-20T11:48:02.612+05:30  INFO 17872 --- [User-Service] [DiscoveryClient-InstanceInfoReplicator-%d] com.netflix.discovery.DiscoveryClient    : DiscoveryClient_USER-SERVICE/Vivan-laptop:User-Service:8081: registering service...
2026-04-20T11:48:02.644+05:30  INFO 17872 --- [User-Service] [main] o.s.b.w.embedded.tomcat.TomcatWebServer  : Tomcat started on port 8081 (http) with context path '/'
2026-04-20T11:48:02.645+05:30  INFO 17872 --- [User-Service] [main] .s.c.n.e.s.EurekaAutoServiceRegistration : Updating port to 8081
2026-04-20T11:48:02.669+05:30  INFO 17872 --- [User-Service] [main] com.userService.UserServiceApplication   : Started UserServiceApplication in 13.611 seconds (process running for 14.738)
2026-04-20T11:48:02.677+05:30  WARN 17872 --- [User-Service] [main] o.s.core.events.SpringDocAppInitializer  : SpringDoc /v3/api-docs endpoint is enabled by default. To disable it in production, set the property 'springdoc.api-docs.enabled=false'
2026-04-20T11:48:02.682+05:30  INFO 17872 --- [User-Service] [DiscoveryClient-InstanceInfoReplicator-%d] com.netflix.discovery.DiscoveryClient    : DiscoveryClient_USER-SERVICE/Vivan-laptop:User-Service:8081 - registration status: 204
2026-04-20T11:53:02.081+05:30  INFO 17872 --- [User-Service] [AsyncResolver-bootstrap-executor-%d] c.n.d.s.r.aws.ConfigClusterResolver      : Resolving eureka endpoints via configuration
2026-04-20T11:58:02.092+05:30  INFO 17872 --- [User-Service] [AsyncResolver-bootstrap-executor-%d] c.n.d.s.r.aws.ConfigClusterResolver      : Resolving eureka endpoints via configuration
2026-04-20T12:03:02.105+05:30  INFO 17872 --- [User-Service] [AsyncResolver-bootstrap-executor-%d] c.n.d.s.r.aws.ConfigClusterResolver      : Resolving eureka endpoints via configuration
2026-04-20T12:08:02.120+05:30  INFO 17872 --- [User-Service] [AsyncResolver-bootstrap-executor-%d] c.n.d.s.r.aws.ConfigClusterResolver      : Resolving eureka endpoints via configuration
2026-04-20T12:12:46.669+05:30  INFO 17872 --- [User-Service] [http-nio-8081-exec-1] o.a.c.c.C.[Tomcat].[localhost].[/]       : Initializing Spring DispatcherServlet 'dispatcherServlet'
2026-04-20T12:12:46.671+05:30  INFO 17872 --- [User-Service] [http-nio-8081-exec-1] o.s.web.servlet.DispatcherServlet        : Initializing Servlet 'dispatcherServlet'
2026-04-20T12:12:46.675+05:30  INFO 17872 --- [User-Service] [http-nio-8081-exec-1] o.s.web.servlet.DispatcherServlet        : Completed initialization in 4 ms
2026-04-20T12:12:46.772+05:30  INFO 17872 --- [User-Service] [http-nio-8081-exec-1] c.userService.controller.UserController  : VERIFY USER | email=krishna.toss.it@gmail.com
2026-04-20T12:12:47.594+05:30  WARN 17872 --- [User-Service] [http-nio-8081-exec-1] c.u.exception.GlobalExceptionHandler     : Invalid operation: Invalid credentials
2026-04-20T12:12:50.543+05:30  INFO 17872 --- [User-Service] [http-nio-8081-exec-2] c.userService.controller.UserController  : VERIFY USER | email=krishna.toss.it@gmail.com
2026-04-20T12:12:52.397+05:30  INFO 17872 --- [User-Service] [http-nio-8081-exec-3] c.userService.controller.UserController  : GET ALL USERS | requestedBy=SYSTEM | role=ADMIN
2026-04-20T12:12:52.542+05:30  INFO 17872 --- [User-Service] [http-nio-8081-exec-4] c.userService.controller.UserController  : GET ALL USERS | requestedBy=SYSTEM | role=ADMIN
2026-04-20T12:13:02.134+05:30  INFO 17872 --- [User-Service] [AsyncResolver-bootstrap-executor-%d] c.n.d.s.r.aws.ConfigClusterResolver      : Resolving eureka endpoints via configuration
2026-04-20T12:13:17.987+05:30  INFO 17872 --- [User-Service] [http-nio-8081-exec-5] c.userService.controller.UserController  : GET ALL USERS | requestedBy=SYSTEM | role=ADMIN
2026-04-20T12:16:19.690+05:30  INFO 17872 --- [User-Service] [http-nio-8081-exec-8] c.userService.controller.UserController  : UPDATE USER | id=2 | requestedBy=SYSTEM | role=ADMIN
2026-04-20T12:16:19.930+05:30  INFO 17872 --- [User-Service] [http-nio-8081-exec-9] c.userService.controller.UserController  : GET ALL USERS | requestedBy=SYSTEM | role=ADMIN
2026-04-20T12:17:40.330+05:30  INFO 17872 --- [User-Service] [http-nio-8081-exec-1] c.userService.controller.UserController  : VERIFY USER | email=library@gmail.com
2026-04-20T12:18:02.147+05:30  INFO 17872 --- [User-Service] [AsyncResolver-bootstrap-executor-%d] c.n.d.s.r.aws.ConfigClusterResolver      : Resolving eureka endpoints via configuration
2026-04-20T12:23:02.154+05:30  INFO 17872 --- [User-Service] [AsyncResolver-bootstrap-executor-%d] c.n.d.s.r.aws.ConfigClusterResolver      : Resolving eureka endpoints via configuration
2026-04-20T12:28:02.161+05:30  INFO 17872 --- [User-Service] [AsyncResolver-bootstrap-executor-%d] c.n.d.s.r.aws.ConfigClusterResolver      : Resolving eureka endpoints via configuration
2026-04-20T12:33:02.181+05:30  INFO 17872 --- [User-Service] [AsyncResolver-bootstrap-executor-%d] c.n.d.s.r.aws.ConfigClusterResolver      : Resolving eureka endpoints via configuration
2026-04-20T12:38:02.201+05:30  INFO 17872 --- [User-Service] [AsyncResolver-bootstrap-executor-%d] c.n.d.s.r.aws.ConfigClusterResolver      : Resolving eureka endpoints via configuration
2026-04-20T12:38:26.514+05:30  INFO 17872 --- [User-Service] [http-nio-8081-exec-7] c.userService.controller.UserController  : VERIFY USER | email=krishna.toss.it@gmail.com
2026-04-20T12:38:27.266+05:30  INFO 17872 --- [User-Service] [http-nio-8081-exec-8] c.userService.controller.UserController  : GET ALL USERS | requestedBy=SYSTEM | role=ADMIN
2026-04-20T12:38:27.358+05:30  INFO 17872 --- [User-Service] [http-nio-8081-exec-9] c.userService.controller.UserController  : GET ALL USERS | requestedBy=SYSTEM | role=ADMIN
2026-04-20T12:38:35.391+05:30  INFO 17872 --- [User-Service] [http-nio-8081-exec-10] c.userService.controller.UserController  : GET ALL USERS | requestedBy=SYSTEM | role=ADMIN
2026-04-20T12:38:35.495+05:30  INFO 17872 --- [User-Service] [http-nio-8081-exec-1] c.userService.controller.UserController  : GET ALL USERS | requestedBy=SYSTEM | role=ADMIN
2026-04-20T12:39:06.513+05:30  INFO 17872 --- [User-Service] [http-nio-8081-exec-2] c.userService.controller.UserController  : GET ALL USERS | requestedBy=SYSTEM | role=ADMIN
2026-04-20T12:39:06.597+05:30  INFO 17872 --- [User-Service] [http-nio-8081-exec-3] c.userService.controller.UserController  : GET ALL USERS | requestedBy=SYSTEM | role=ADMIN
2026-04-20T12:40:10.805+05:30  INFO 17872 --- [User-Service] [http-nio-8081-exec-6] c.userService.controller.UserController  : GET ALL USERS | requestedBy=SYSTEM | role=ADMIN
2026-04-20T12:43:02.203+05:30  INFO 17872 --- [User-Service] [AsyncResolver-bootstrap-executor-%d] c.n.d.s.r.aws.ConfigClusterResolver      : Resolving eureka endpoints via configuration
2026-04-20T12:48:02.205+05:30  INFO 17872 --- [User-Service] [AsyncResolver-bootstrap-executor-%d] c.n.d.s.r.aws.ConfigClusterResolver      : Resolving eureka endpoints via configuration
2026-04-20T12:50:03.907+05:30  INFO 17872 --- [User-Service] [SpringApplicationShutdownHook] o.s.c.n.e.s.EurekaServiceRegistry        : Unregistering application USER-SERVICE with eureka with status DOWN
2026-04-20T12:50:03.908+05:30  INFO 17872 --- [User-Service] [SpringApplicationShutdownHook] com.netflix.discovery.DiscoveryClient    : Saw local status change event StatusChangeEvent [timestamp=1776669603908, current=DOWN, previous=UP]
2026-04-20T12:50:03.909+05:30  INFO 17872 --- [User-Service] [DiscoveryClient-InstanceInfoReplicator-%d] com.netflix.discovery.DiscoveryClient    : DiscoveryClient_USER-SERVICE/Vivan-laptop:User-Service:8081: registering service...
2026-04-20T12:50:03.926+05:30  INFO 17872 --- [User-Service] [DiscoveryClient-InstanceInfoReplicator-%d] com.netflix.discovery.DiscoveryClient    : DiscoveryClient_USER-SERVICE/Vivan-laptop:User-Service:8081 - registration status: 204
2026-04-20T12:50:03.928+05:30  INFO 17872 --- [User-Service] [SpringApplicationShutdownHook] o.s.b.w.e.tomcat.GracefulShutdown        : Commencing graceful shutdown. Waiting for active requests to complete
2026-04-20T12:50:03.940+05:30  INFO 17872 --- [User-Service] [tomcat-shutdown] o.s.b.w.e.tomcat.GracefulShutdown        : Graceful shutdown complete
2026-04-20T12:50:03.962+05:30  INFO 17872 --- [User-Service] [SpringApplicationShutdownHook] j.LocalContainerEntityManagerFactoryBean : Closing JPA EntityManagerFactory for persistence unit 'default'
2026-04-20T12:50:03.977+05:30  INFO 17872 --- [User-Service] [SpringApplicationShutdownHook] com.zaxxer.hikari.HikariDataSource       : HikariPool-1 - Shutdown initiated...
2026-04-20T12:50:03.983+05:30  INFO 17872 --- [User-Service] [SpringApplicationShutdownHook] com.zaxxer.hikari.HikariDataSource       : HikariPool-1 - Shutdown completed.
2026-04-20T12:50:03.985+05:30  INFO 17872 --- [User-Service] [SpringApplicationShutdownHook] com.netflix.discovery.DiscoveryClient    : Shutting down DiscoveryClient ...
2026-04-20T12:50:06.986+05:30  INFO 17872 --- [User-Service] [SpringApplicationShutdownHook] com.netflix.discovery.DiscoveryClient    : Unregistering ...
2026-04-20T12:50:06.987+05:30  WARN 17872 --- [User-Service] [DiscoveryClient-%d] c.netflix.discovery.TimedSupervisorTask  : task supervisor shutting down, can't accept the task
2026-04-20T12:50:06.996+05:30  INFO 17872 --- [User-Service] [SpringApplicationShutdownHook] com.netflix.discovery.DiscoveryClient    : DiscoveryClient_USER-SERVICE/Vivan-laptop:User-Service:8081 - deregister  status: 200
2026-04-20T12:50:06.996+05:30  INFO 17872 --- [User-Service] [SpringApplicationShutdownHook] com.netflix.discovery.DiscoveryClient    : Completed shut down of DiscoveryClient
2026-04-20T12:50:11.269+05:30  INFO 23792 --- [User-Service] [main] com.userService.UserServiceApplication   : Starting UserServiceApplication using Java 24.0.2 with PID 23792 (C:\Task\Microservise Project\College Management System\User-Service\target\classes started by hp in C:\Task\Microservise Project\College Management System\API-Gateway)
2026-04-20T12:50:11.275+05:30 DEBUG 23792 --- [User-Service] [main] com.userService.UserServiceApplication   : Running with Spring Boot v3.5.13, Spring v6.2.17
2026-04-20T12:50:11.276+05:30  INFO 23792 --- [User-Service] [main] com.userService.UserServiceApplication   : No active profile set, falling back to 1 default profile: "default"
2026-04-20T12:50:12.895+05:30 DEBUG 23792 --- [User-Service] [main] o.s.c.openfeign.FeignClientsRegistrar$1  : Identified candidate component class: file [C:\Task\Microservise Project\College Management System\User-Service\target\classes\com\userService\client\FacultyServiceClient.class]
2026-04-20T12:50:12.896+05:30 DEBUG 23792 --- [User-Service] [main] o.s.c.openfeign.FeignClientsRegistrar$1  : Identified candidate component class: file [C:\Task\Microservise Project\College Management System\User-Service\target\classes\com\userService\client\LibraryServiceClient.class]
2026-04-20T12:50:12.896+05:30 DEBUG 23792 --- [User-Service] [main] o.s.c.openfeign.FeignClientsRegistrar$1  : Identified candidate component class: file [C:\Task\Microservise Project\College Management System\User-Service\target\classes\com\userService\client\StudentServiceClient.class]
2026-04-20T12:50:13.456+05:30  INFO 23792 --- [User-Service] [main] .s.d.r.c.RepositoryConfigurationDelegate : Bootstrapping Spring Data JPA repositories in DEFAULT mode.
2026-04-20T12:50:13.719+05:30  INFO 23792 --- [User-Service] [main] .s.d.r.c.RepositoryConfigurationDelegate : Finished Spring Data repository scanning in 246 ms. Found 4 JPA repository interfaces.
2026-04-20T12:50:14.284+05:30  INFO 23792 --- [User-Service] [main] o.s.cloud.context.scope.GenericScope     : BeanFactory id=07542e37-0754-3d8b-9468-82e57a4503cf
2026-04-20T12:50:15.649+05:30  INFO 23792 --- [User-Service] [main] o.s.b.w.embedded.tomcat.TomcatWebServer  : Tomcat initialized with port 8081 (http)
2026-04-20T12:50:15.685+05:30  INFO 23792 --- [User-Service] [main] o.apache.catalina.core.StandardService   : Starting service [Tomcat]
2026-04-20T12:50:15.685+05:30  INFO 23792 --- [User-Service] [main] o.apache.catalina.core.StandardEngine    : Starting Servlet engine: [Apache Tomcat/10.1.53]
2026-04-20T12:50:15.846+05:30  INFO 23792 --- [User-Service] [main] o.a.c.c.C.[Tomcat].[localhost].[/]       : Initializing Spring embedded WebApplicationContext
2026-04-20T12:50:15.847+05:30  INFO 23792 --- [User-Service] [main] w.s.c.ServletWebServerApplicationContext : Root WebApplicationContext: initialization completed in 4427 ms
2026-04-20T12:50:16.527+05:30  INFO 23792 --- [User-Service] [main] o.hibernate.jpa.internal.util.LogHelper  : HHH000204: Processing PersistenceUnitInfo [name: default]
2026-04-20T12:50:16.642+05:30  INFO 23792 --- [User-Service] [main] org.hibernate.Version                    : HHH000412: Hibernate ORM core version 6.6.45.Final
2026-04-20T12:50:16.701+05:30  INFO 23792 --- [User-Service] [main] o.h.c.internal.RegionFactoryInitiator    : HHH000026: Second-level cache disabled
2026-04-20T12:50:17.205+05:30  INFO 23792 --- [User-Service] [main] o.s.o.j.p.SpringPersistenceUnitInfo      : No LoadTimeWeaver setup: ignoring JPA class transformer
2026-04-20T12:50:17.255+05:30  INFO 23792 --- [User-Service] [main] com.zaxxer.hikari.HikariDataSource       : HikariPool-1 - Starting...
2026-04-20T12:50:17.863+05:30  INFO 23792 --- [User-Service] [main] com.zaxxer.hikari.pool.HikariPool        : HikariPool-1 - Added connection com.mysql.cj.jdbc.ConnectionImpl@1870b9b8
2026-04-20T12:50:17.866+05:30  INFO 23792 --- [User-Service] [main] com.zaxxer.hikari.HikariDataSource       : HikariPool-1 - Start completed.
2026-04-20T12:50:17.956+05:30  WARN 23792 --- [User-Service] [main] org.hibernate.orm.deprecation            : HHH90000025: MySQLDialect does not need to be specified explicitly using 'hibernate.dialect' (remove the property setting and it will be selected by default)
2026-04-20T12:50:18.000+05:30  INFO 23792 --- [User-Service] [main] org.hibernate.orm.connections.pooling    : HHH10001005: Database info:
	Database JDBC URL [Connecting through datasource 'HikariDataSource (HikariPool-1)']
	Database driver: undefined/unknown
	Database version: 8.0.43
	Autocommit mode: undefined/unknown
	Isolation level: undefined/unknown
	Minimum pool size: undefined/unknown
	Maximum pool size: undefined/unknown
2026-04-20T12:50:19.853+05:30  INFO 23792 --- [User-Service] [main] o.h.e.t.j.p.i.JtaPlatformInitiator       : HHH000489: No JTA platform available (set 'hibernate.transaction.jta.platform' to enable JTA platform integration)
2026-04-20T12:50:20.105+05:30  INFO 23792 --- [User-Service] [main] j.LocalContainerEntityManagerFactoryBean : Initialized JPA EntityManagerFactory for persistence unit 'default'
2026-04-20T12:50:20.730+05:30  INFO 23792 --- [User-Service] [main] o.s.d.j.r.query.QueryEnhancerFactory     : Hibernate is in classpath; If applicable, HQL parser will be used.
2026-04-20T12:50:22.109+05:30 DEBUG 23792 --- [User-Service] [main] o.s.c.openfeign.FeignClientFactoryBean   : Creating a FeignClientFactoryBean.
2026-04-20T12:50:22.692+05:30  WARN 23792 --- [User-Service] [main] JpaBaseConfiguration$JpaWebConfiguration : spring.jpa.open-in-view is enabled by default. Therefore, database queries may be performed during view rendering. Explicitly configure spring.jpa.open-in-view to disable this warning
2026-04-20T12:50:22.978+05:30  INFO 23792 --- [User-Service] [main] o.s.c.openfeign.FeignClientFactoryBean   : For 'STUDENT-SERVICE' URL not provided. Will try picking an instance via load-balancing.
2026-04-20T12:50:23.061+05:30 DEBUG 23792 --- [User-Service] [main] o.s.c.openfeign.FeignClientFactoryBean   : Creating a FeignClientFactoryBean.
2026-04-20T12:50:23.095+05:30  INFO 23792 --- [User-Service] [main] o.s.c.openfeign.FeignClientFactoryBean   : For 'Faculty-Service' URL not provided. Will try picking an instance via load-balancing.
2026-04-20T12:50:23.112+05:30 DEBUG 23792 --- [User-Service] [main] o.s.c.openfeign.FeignClientFactoryBean   : Creating a FeignClientFactoryBean.
2026-04-20T12:50:23.148+05:30  INFO 23792 --- [User-Service] [main] o.s.c.openfeign.FeignClientFactoryBean   : For 'Library-Service' URL not provided. Will try picking an instance via load-balancing.
2026-04-20T12:50:24.030+05:30  WARN 23792 --- [User-Service] [main] .s.s.UserDetailsServiceAutoConfiguration : 

Using generated security password: 5896c4ec-c78a-43d7-ad68-b79f4fbd4261

This generated password is for development use only. Your security configuration must be updated before running your application in production.

2026-04-20T12:50:24.043+05:30  INFO 23792 --- [User-Service] [main] r$InitializeUserDetailsManagerConfigurer : Global AuthenticationManager configured with UserDetailsService bean with name inMemoryUserDetailsManager
2026-04-20T12:50:24.977+05:30  INFO 23792 --- [User-Service] [main] DiscoveryClientOptionalArgsConfiguration : Eureka HTTP Client uses RestTemplate.
2026-04-20T12:50:25.031+05:30  WARN 23792 --- [User-Service] [main] iguration$LoadBalancerCaffeineWarnLogger : Spring Cloud LoadBalancer is currently working with the default cache. While this cache implementation is useful for development and tests, it's recommended to use Caffeine cache in production.You can switch to using Caffeine cache, by adding it and org.springframework.cache.caffeine.CaffeineCacheManager to the classpath.
2026-04-20T12:50:25.091+05:30  INFO 23792 --- [User-Service] [main] o.s.c.n.eureka.InstanceInfoFactory       : Setting initial instance status as: STARTING
2026-04-20T12:50:25.129+05:30  INFO 23792 --- [User-Service] [main] com.netflix.discovery.DiscoveryClient    : Initializing Eureka in region us-east-1
2026-04-20T12:50:25.135+05:30  INFO 23792 --- [User-Service] [main] c.n.d.s.r.aws.ConfigClusterResolver      : Resolving eureka endpoints via configuration
2026-04-20T12:50:25.153+05:30  INFO 23792 --- [User-Service] [main] com.netflix.discovery.DiscoveryClient    : Disable delta property : false
2026-04-20T12:50:25.153+05:30  INFO 23792 --- [User-Service] [main] com.netflix.discovery.DiscoveryClient    : Single vip registry refresh property : null
2026-04-20T12:50:25.153+05:30  INFO 23792 --- [User-Service] [main] com.netflix.discovery.DiscoveryClient    : Force full registry fetch : false
2026-04-20T12:50:25.154+05:30  INFO 23792 --- [User-Service] [main] com.netflix.discovery.DiscoveryClient    : Application is null : false
2026-04-20T12:50:25.154+05:30  INFO 23792 --- [User-Service] [main] com.netflix.discovery.DiscoveryClient    : Registered Applications size is zero : true
2026-04-20T12:50:25.154+05:30  INFO 23792 --- [User-Service] [main] com.netflix.discovery.DiscoveryClient    : Application version is -1: true
2026-04-20T12:50:25.155+05:30  INFO 23792 --- [User-Service] [main] com.netflix.discovery.DiscoveryClient    : Getting all instance registry info from the eureka server
2026-04-20T12:50:25.786+05:30  INFO 23792 --- [User-Service] [main] com.netflix.discovery.DiscoveryClient    : The response status is 200
2026-04-20T12:50:25.792+05:30  INFO 23792 --- [User-Service] [main] com.netflix.discovery.DiscoveryClient    : Starting heartbeat executor: renew interval is: 30
2026-04-20T12:50:25.796+05:30  INFO 23792 --- [User-Service] [main] c.n.discovery.InstanceInfoReplicator     : InstanceInfoReplicator onDemand update allowed rate per min is 4
2026-04-20T12:50:25.801+05:30  INFO 23792 --- [User-Service] [main] com.netflix.discovery.DiscoveryClient    : Discovery Client initialized at timestamp 1776669625797 with initial instances count: 8
2026-04-20T12:50:25.808+05:30  INFO 23792 --- [User-Service] [main] o.s.c.n.e.s.EurekaServiceRegistry        : Registering application USER-SERVICE with eureka with status UP
2026-04-20T12:50:25.809+05:30  INFO 23792 --- [User-Service] [main] com.netflix.discovery.DiscoveryClient    : Saw local status change event StatusChangeEvent [timestamp=1776669625809, current=UP, previous=STARTING]
2026-04-20T12:50:25.812+05:30  INFO 23792 --- [User-Service] [DiscoveryClient-InstanceInfoReplicator-%d] com.netflix.discovery.DiscoveryClient    : DiscoveryClient_USER-SERVICE/Vivan-laptop:User-Service:8081: registering service...
2026-04-20T12:50:25.848+05:30  INFO 23792 --- [User-Service] [main] o.s.b.w.embedded.tomcat.TomcatWebServer  : Tomcat started on port 8081 (http) with context path '/'
2026-04-20T12:50:25.850+05:30  INFO 23792 --- [User-Service] [main] .s.c.n.e.s.EurekaAutoServiceRegistration : Updating port to 8081
2026-04-20T12:50:25.882+05:30  INFO 23792 --- [User-Service] [main] com.userService.UserServiceApplication   : Started UserServiceApplication in 15.812 seconds (process running for 17.064)
2026-04-20T12:50:25.894+05:30  WARN 23792 --- [User-Service] [main] o.s.core.events.SpringDocAppInitializer  : SpringDoc /v3/api-docs endpoint is enabled by default. To disable it in production, set the property 'springdoc.api-docs.enabled=false'
2026-04-20T12:50:25.895+05:30  INFO 23792 --- [User-Service] [DiscoveryClient-InstanceInfoReplicator-%d] com.netflix.discovery.DiscoveryClient    : DiscoveryClient_USER-SERVICE/Vivan-laptop:User-Service:8081 - registration status: 204
2026-04-20T12:55:25.170+05:30  INFO 23792 --- [User-Service] [AsyncResolver-bootstrap-executor-%d] c.n.d.s.r.aws.ConfigClusterResolver      : Resolving eureka endpoints via configuration
2026-04-20T13:00:25.177+05:30  INFO 23792 --- [User-Service] [AsyncResolver-bootstrap-executor-%d] c.n.d.s.r.aws.ConfigClusterResolver      : Resolving eureka endpoints via configuration
2026-04-20T13:05:25.193+05:30  INFO 23792 --- [User-Service] [AsyncResolver-bootstrap-executor-%d] c.n.d.s.r.aws.ConfigClusterResolver      : Resolving eureka endpoints via configuration
2026-04-20T13:07:15.911+05:30  INFO 23792 --- [User-Service] [http-nio-8081-exec-1] o.a.c.c.C.[Tomcat].[localhost].[/]       : Initializing Spring DispatcherServlet 'dispatcherServlet'
2026-04-20T13:07:15.911+05:30  INFO 23792 --- [User-Service] [http-nio-8081-exec-1] o.s.web.servlet.DispatcherServlet        : Initializing Servlet 'dispatcherServlet'
2026-04-20T13:07:15.914+05:30  INFO 23792 --- [User-Service] [http-nio-8081-exec-1] o.s.web.servlet.DispatcherServlet        : Completed initialization in 2 ms
2026-04-20T13:07:16.005+05:30  INFO 23792 --- [User-Service] [http-nio-8081-exec-1] c.userService.controller.UserController  : GET ALL USERS | requestedBy=SYSTEM | role=ADMIN
2026-04-20T13:07:16.346+05:30  INFO 23792 --- [User-Service] [http-nio-8081-exec-2] c.userService.controller.UserController  : GET ALL USERS | requestedBy=SYSTEM | role=ADMIN
2026-04-20T13:07:18.469+05:30  INFO 23792 --- [User-Service] [http-nio-8081-exec-3] c.userService.controller.UserController  : GET ALL USERS | requestedBy=SYSTEM | role=ADMIN
2026-04-20T13:08:38.788+05:30  INFO 23792 --- [User-Service] [http-nio-8081-exec-5] c.userService.controller.UserController  : CREATE USER | requestedBy=SYSTEM | role=ADMIN
2026-04-20T13:08:38.790+05:30  INFO 23792 --- [User-Service] [http-nio-8081-exec-5] c.u.services.impl.UserServiceImpl        : Creating user jainbhoomika03@gmail.com
2026-04-20T13:08:39.023+05:30 DEBUG 23792 --- [User-Service] [http-nio-8081-exec-5] o.s.c.openfeign.support.SpringEncoder    : Writing [LibrarianDTO(id=null, librarianName=bhoomika, librarianEmail=jainbhoomika03@gmail.com, librarianPhoneNumber=7723065844, universityId=LIB000009, active=true, createdAt=null, updatedAt=null)] using [org.springframework.http.converter.json.MappingJackson2HttpMessageConverter@1e019687]
2026-04-20T13:08:39.422+05:30  INFO 23792 --- [User-Service] [http-nio-8081-exec-5] c.u.services.impl.UserServiceImpl        : User created successfully with universityId LIB000009
2026-04-20T13:08:39.617+05:30  INFO 23792 --- [User-Service] [http-nio-8081-exec-6] c.userService.controller.UserController  : GET ALL USERS | requestedBy=SYSTEM | role=ADMIN
2026-04-20T13:10:25.205+05:30  INFO 23792 --- [User-Service] [AsyncResolver-bootstrap-executor-%d] c.n.d.s.r.aws.ConfigClusterResolver      : Resolving eureka endpoints via configuration
2026-04-20T13:11:24.115+05:30  INFO 23792 --- [User-Service] [http-nio-8081-exec-8] c.userService.controller.UserController  : GET ALL USERS | requestedBy=SYSTEM | role=ADMIN
2026-04-20T13:11:40.692+05:30  INFO 23792 --- [User-Service] [http-nio-8081-exec-9] c.userService.controller.UserController  : VERIFY USER | email=jainbhoomika03@gmail.com
2026-04-20T13:13:35.046+05:30  INFO 23792 --- [User-Service] [http-nio-8081-exec-2] c.userService.controller.UserController  : GET ALL USERS | requestedBy=SYSTEM | role=ADMIN
2026-04-20T13:15:25.213+05:30  INFO 23792 --- [User-Service] [AsyncResolver-bootstrap-executor-%d] c.n.d.s.r.aws.ConfigClusterResolver      : Resolving eureka endpoints via configuration
2026-04-20T13:20:25.219+05:30  INFO 23792 --- [User-Service] [AsyncResolver-bootstrap-executor-%d] c.n.d.s.r.aws.ConfigClusterResolver      : Resolving eureka endpoints via configuration
2026-04-20T13:22:46.869+05:30  INFO 23792 --- [User-Service] [http-nio-8081-exec-4] c.userService.controller.UserController  : VERIFY USER | email=library@gmail.com
2026-04-20T13:25:25.227+05:30  INFO 23792 --- [User-Service] [AsyncResolver-bootstrap-executor-%d] c.n.d.s.r.aws.ConfigClusterResolver      : Resolving eureka endpoints via configuration
2026-04-20T13:30:25.237+05:30  INFO 23792 --- [User-Service] [AsyncResolver-bootstrap-executor-%d] c.n.d.s.r.aws.ConfigClusterResolver      : Resolving eureka endpoints via configuration
2026-04-20T13:33:27.344+05:30  INFO 23792 --- [User-Service] [SpringApplicationShutdownHook] o.s.c.n.e.s.EurekaServiceRegistry        : Unregistering application USER-SERVICE with eureka with status DOWN
2026-04-20T13:33:27.344+05:30  INFO 23792 --- [User-Service] [SpringApplicationShutdownHook] com.netflix.discovery.DiscoveryClient    : Saw local status change event StatusChangeEvent [timestamp=1776672207344, current=DOWN, previous=UP]
2026-04-20T13:33:27.345+05:30  INFO 23792 --- [User-Service] [DiscoveryClient-InstanceInfoReplicator-%d] com.netflix.discovery.DiscoveryClient    : DiscoveryClient_USER-SERVICE/Vivan-laptop:User-Service:8081: registering service...
2026-04-20T13:33:27.351+05:30  INFO 23792 --- [User-Service] [SpringApplicationShutdownHook] o.s.b.w.e.tomcat.GracefulShutdown        : Commencing graceful shutdown. Waiting for active requests to complete
2026-04-20T13:33:27.364+05:30  INFO 23792 --- [User-Service] [DiscoveryClient-InstanceInfoReplicator-%d] com.netflix.discovery.DiscoveryClient    : DiscoveryClient_USER-SERVICE/Vivan-laptop:User-Service:8081 - registration status: 204
2026-04-20T13:33:27.380+05:30  INFO 23792 --- [User-Service] [tomcat-shutdown] o.s.b.w.e.tomcat.GracefulShutdown        : Graceful shutdown complete
2026-04-20T13:33:27.401+05:30  INFO 23792 --- [User-Service] [SpringApplicationShutdownHook] j.LocalContainerEntityManagerFactoryBean : Closing JPA EntityManagerFactory for persistence unit 'default'
2026-04-20T13:33:27.410+05:30  INFO 23792 --- [User-Service] [SpringApplicationShutdownHook] com.zaxxer.hikari.HikariDataSource       : HikariPool-1 - Shutdown initiated...
2026-04-20T13:33:27.424+05:30  INFO 23792 --- [User-Service] [SpringApplicationShutdownHook] com.zaxxer.hikari.HikariDataSource       : HikariPool-1 - Shutdown completed.
2026-04-20T13:33:27.426+05:30  INFO 23792 --- [User-Service] [SpringApplicationShutdownHook] com.netflix.discovery.DiscoveryClient    : Shutting down DiscoveryClient ...
2026-04-20T13:36:45.687+05:30  INFO 2716 --- [User-Service] [main] com.userService.UserServiceApplication   : Starting UserServiceApplication using Java 24.0.2 with PID 2716 (C:\Task\Microservise Project\College Management System\User-Service\target\classes started by hp in C:\Task\Microservise Project\College Management System\API-Gateway)
2026-04-20T13:36:45.690+05:30 DEBUG 2716 --- [User-Service] [main] com.userService.UserServiceApplication   : Running with Spring Boot v3.5.13, Spring v6.2.17
2026-04-20T13:36:45.692+05:30  INFO 2716 --- [User-Service] [main] com.userService.UserServiceApplication   : No active profile set, falling back to 1 default profile: "default"
2026-04-20T13:36:47.468+05:30 DEBUG 2716 --- [User-Service] [main] o.s.c.openfeign.FeignClientsRegistrar$1  : Identified candidate component class: file [C:\Task\Microservise Project\College Management System\User-Service\target\classes\com\userService\client\FacultyServiceClient.class]
2026-04-20T13:36:47.468+05:30 DEBUG 2716 --- [User-Service] [main] o.s.c.openfeign.FeignClientsRegistrar$1  : Identified candidate component class: file [C:\Task\Microservise Project\College Management System\User-Service\target\classes\com\userService\client\LibraryServiceClient.class]
2026-04-20T13:36:47.469+05:30 DEBUG 2716 --- [User-Service] [main] o.s.c.openfeign.FeignClientsRegistrar$1  : Identified candidate component class: file [C:\Task\Microservise Project\College Management System\User-Service\target\classes\com\userService\client\StudentServiceClient.class]
2026-04-20T13:36:48.277+05:30  INFO 2716 --- [User-Service] [main] .s.d.r.c.RepositoryConfigurationDelegate : Bootstrapping Spring Data JPA repositories in DEFAULT mode.
2026-04-20T13:36:48.624+05:30  INFO 2716 --- [User-Service] [main] .s.d.r.c.RepositoryConfigurationDelegate : Finished Spring Data repository scanning in 327 ms. Found 4 JPA repository interfaces.
2026-04-20T13:36:49.414+05:30  INFO 2716 --- [User-Service] [main] o.s.cloud.context.scope.GenericScope     : BeanFactory id=07542e37-0754-3d8b-9468-82e57a4503cf
2026-04-20T13:36:51.248+05:30  INFO 2716 --- [User-Service] [main] o.s.b.w.embedded.tomcat.TomcatWebServer  : Tomcat initialized with port 8081 (http)
2026-04-20T13:36:51.287+05:30  INFO 2716 --- [User-Service] [main] o.apache.catalina.core.StandardService   : Starting service [Tomcat]
2026-04-20T13:36:51.289+05:30  INFO 2716 --- [User-Service] [main] o.apache.catalina.core.StandardEngine    : Starting Servlet engine: [Apache Tomcat/10.1.53]
2026-04-20T13:36:51.497+05:30  INFO 2716 --- [User-Service] [main] o.a.c.c.C.[Tomcat].[localhost].[/]       : Initializing Spring embedded WebApplicationContext
2026-04-20T13:36:51.498+05:30  INFO 2716 --- [User-Service] [main] w.s.c.ServletWebServerApplicationContext : Root WebApplicationContext: initialization completed in 5692 ms
2026-04-20T13:36:52.108+05:30  INFO 2716 --- [User-Service] [main] o.hibernate.jpa.internal.util.LogHelper  : HHH000204: Processing PersistenceUnitInfo [name: default]
2026-04-20T13:36:52.259+05:30  INFO 2716 --- [User-Service] [main] org.hibernate.Version                    : HHH000412: Hibernate ORM core version 6.6.45.Final
2026-04-20T13:36:52.348+05:30  INFO 2716 --- [User-Service] [main] o.h.c.internal.RegionFactoryInitiator    : HHH000026: Second-level cache disabled
2026-04-20T13:36:53.077+05:30  INFO 2716 --- [User-Service] [main] o.s.o.j.p.SpringPersistenceUnitInfo      : No LoadTimeWeaver setup: ignoring JPA class transformer
2026-04-20T13:36:53.148+05:30  INFO 2716 --- [User-Service] [main] com.zaxxer.hikari.HikariDataSource       : HikariPool-1 - Starting...
2026-04-20T13:36:53.989+05:30  INFO 2716 --- [User-Service] [main] com.zaxxer.hikari.pool.HikariPool        : HikariPool-1 - Added connection com.mysql.cj.jdbc.ConnectionImpl@3151277f
2026-04-20T13:36:53.996+05:30  INFO 2716 --- [User-Service] [main] com.zaxxer.hikari.HikariDataSource       : HikariPool-1 - Start completed.
2026-04-20T13:36:54.157+05:30  WARN 2716 --- [User-Service] [main] org.hibernate.orm.deprecation            : HHH90000025: MySQLDialect does not need to be specified explicitly using 'hibernate.dialect' (remove the property setting and it will be selected by default)
2026-04-20T13:36:54.225+05:30  INFO 2716 --- [User-Service] [main] org.hibernate.orm.connections.pooling    : HHH10001005: Database info:
	Database JDBC URL [Connecting through datasource 'HikariDataSource (HikariPool-1)']
	Database driver: undefined/unknown
	Database version: 8.0.43
	Autocommit mode: undefined/unknown
	Isolation level: undefined/unknown
	Minimum pool size: undefined/unknown
	Maximum pool size: undefined/unknown
2026-04-20T13:36:56.556+05:30  INFO 2716 --- [User-Service] [main] o.h.e.t.j.p.i.JtaPlatformInitiator       : HHH000489: No JTA platform available (set 'hibernate.transaction.jta.platform' to enable JTA platform integration)
2026-04-20T13:36:56.858+05:30  INFO 2716 --- [User-Service] [main] j.LocalContainerEntityManagerFactoryBean : Initialized JPA EntityManagerFactory for persistence unit 'default'
2026-04-20T13:36:58.057+05:30  INFO 2716 --- [User-Service] [main] o.s.d.j.r.query.QueryEnhancerFactory     : Hibernate is in classpath; If applicable, HQL parser will be used.
2026-04-20T13:36:59.996+05:30 DEBUG 2716 --- [User-Service] [main] o.s.c.openfeign.FeignClientFactoryBean   : Creating a FeignClientFactoryBean.
2026-04-20T13:37:00.596+05:30  WARN 2716 --- [User-Service] [main] JpaBaseConfiguration$JpaWebConfiguration : spring.jpa.open-in-view is enabled by default. Therefore, database queries may be performed during view rendering. Explicitly configure spring.jpa.open-in-view to disable this warning
2026-04-20T13:37:00.958+05:30  INFO 2716 --- [User-Service] [main] o.s.c.openfeign.FeignClientFactoryBean   : For 'STUDENT-SERVICE' URL not provided. Will try picking an instance via load-balancing.
2026-04-20T13:37:01.076+05:30 DEBUG 2716 --- [User-Service] [main] o.s.c.openfeign.FeignClientFactoryBean   : Creating a FeignClientFactoryBean.
2026-04-20T13:37:01.169+05:30  INFO 2716 --- [User-Service] [main] o.s.c.openfeign.FeignClientFactoryBean   : For 'Faculty-Service' URL not provided. Will try picking an instance via load-balancing.
2026-04-20T13:37:01.183+05:30 DEBUG 2716 --- [User-Service] [main] o.s.c.openfeign.FeignClientFactoryBean   : Creating a FeignClientFactoryBean.
2026-04-20T13:37:01.226+05:30  INFO 2716 --- [User-Service] [main] o.s.c.openfeign.FeignClientFactoryBean   : For 'Library-Service' URL not provided. Will try picking an instance via load-balancing.
2026-04-20T13:37:02.648+05:30  WARN 2716 --- [User-Service] [main] .s.s.UserDetailsServiceAutoConfiguration : 

Using generated security password: 495a0805-d62e-4b01-bf97-1877f76e0c47

This generated password is for development use only. Your security configuration must be updated before running your application in production.

2026-04-20T13:37:02.672+05:30  INFO 2716 --- [User-Service] [main] r$InitializeUserDetailsManagerConfigurer : Global AuthenticationManager configured with UserDetailsService bean with name inMemoryUserDetailsManager
2026-04-20T13:37:04.310+05:30  INFO 2716 --- [User-Service] [main] DiscoveryClientOptionalArgsConfiguration : Eureka HTTP Client uses RestTemplate.
2026-04-20T13:37:04.445+05:30  WARN 2716 --- [User-Service] [main] iguration$LoadBalancerCaffeineWarnLogger : Spring Cloud LoadBalancer is currently working with the default cache. While this cache implementation is useful for development and tests, it's recommended to use Caffeine cache in production.You can switch to using Caffeine cache, by adding it and org.springframework.cache.caffeine.CaffeineCacheManager to the classpath.
2026-04-20T13:37:04.557+05:30  INFO 2716 --- [User-Service] [main] o.s.c.n.eureka.InstanceInfoFactory       : Setting initial instance status as: STARTING
2026-04-20T13:37:04.648+05:30  INFO 2716 --- [User-Service] [main] com.netflix.discovery.DiscoveryClient    : Initializing Eureka in region us-east-1
2026-04-20T13:37:04.662+05:30  INFO 2716 --- [User-Service] [main] c.n.d.s.r.aws.ConfigClusterResolver      : Resolving eureka endpoints via configuration
2026-04-20T13:37:04.690+05:30  INFO 2716 --- [User-Service] [main] com.netflix.discovery.DiscoveryClient    : Disable delta property : false
2026-04-20T13:37:04.690+05:30  INFO 2716 --- [User-Service] [main] com.netflix.discovery.DiscoveryClient    : Single vip registry refresh property : null
2026-04-20T13:37:04.691+05:30  INFO 2716 --- [User-Service] [main] com.netflix.discovery.DiscoveryClient    : Force full registry fetch : false
2026-04-20T13:37:04.691+05:30  INFO 2716 --- [User-Service] [main] com.netflix.discovery.DiscoveryClient    : Application is null : false
2026-04-20T13:37:04.691+05:30  INFO 2716 --- [User-Service] [main] com.netflix.discovery.DiscoveryClient    : Registered Applications size is zero : true
2026-04-20T13:37:04.692+05:30  INFO 2716 --- [User-Service] [main] com.netflix.discovery.DiscoveryClient    : Application version is -1: true
2026-04-20T13:37:04.692+05:30  INFO 2716 --- [User-Service] [main] com.netflix.discovery.DiscoveryClient    : Getting all instance registry info from the eureka server
2026-04-20T13:37:05.875+05:30  INFO 2716 --- [User-Service] [main] com.netflix.discovery.DiscoveryClient    : The response status is 200
2026-04-20T13:37:05.884+05:30  INFO 2716 --- [User-Service] [main] com.netflix.discovery.DiscoveryClient    : Starting heartbeat executor: renew interval is: 30
2026-04-20T13:37:05.892+05:30  INFO 2716 --- [User-Service] [main] c.n.discovery.InstanceInfoReplicator     : InstanceInfoReplicator onDemand update allowed rate per min is 4
2026-04-20T13:37:05.897+05:30  INFO 2716 --- [User-Service] [main] com.netflix.discovery.DiscoveryClient    : Discovery Client initialized at timestamp 1776672425894 with initial instances count: 1
2026-04-20T13:37:05.911+05:30  INFO 2716 --- [User-Service] [main] o.s.c.n.e.s.EurekaServiceRegistry        : Registering application USER-SERVICE with eureka with status UP
2026-04-20T13:37:05.913+05:30  INFO 2716 --- [User-Service] [main] com.netflix.discovery.DiscoveryClient    : Saw local status change event StatusChangeEvent [timestamp=1776672425913, current=UP, previous=STARTING]
2026-04-20T13:37:05.921+05:30  INFO 2716 --- [User-Service] [DiscoveryClient-InstanceInfoReplicator-%d] com.netflix.discovery.DiscoveryClient    : DiscoveryClient_USER-SERVICE/Vivan-laptop:User-Service:8081: registering service...
2026-04-20T13:37:05.995+05:30  INFO 2716 --- [User-Service] [main] o.s.b.w.embedded.tomcat.TomcatWebServer  : Tomcat started on port 8081 (http) with context path '/'
2026-04-20T13:37:05.999+05:30  INFO 2716 --- [User-Service] [main] .s.c.n.e.s.EurekaAutoServiceRegistration : Updating port to 8081
2026-04-20T13:37:06.069+05:30  INFO 2716 --- [User-Service] [main] com.userService.UserServiceApplication   : Started UserServiceApplication in 21.636 seconds (process running for 22.987)
2026-04-20T13:37:06.086+05:30  WARN 2716 --- [User-Service] [main] o.s.core.events.SpringDocAppInitializer  : SpringDoc /v3/api-docs endpoint is enabled by default. To disable it in production, set the property 'springdoc.api-docs.enabled=false'
2026-04-20T13:37:06.106+05:30  INFO 2716 --- [User-Service] [DiscoveryClient-InstanceInfoReplicator-%d] com.netflix.discovery.DiscoveryClient    : DiscoveryClient_USER-SERVICE/Vivan-laptop:User-Service:8081 - registration status: 204
2026-04-20T13:39:01.858+05:30  INFO 2716 --- [User-Service] [http-nio-8081-exec-2] o.a.c.c.C.[Tomcat].[localhost].[/]       : Initializing Spring DispatcherServlet 'dispatcherServlet'
2026-04-20T13:39:01.859+05:30  INFO 2716 --- [User-Service] [http-nio-8081-exec-2] o.s.web.servlet.DispatcherServlet        : Initializing Servlet 'dispatcherServlet'
2026-04-20T13:39:01.862+05:30  INFO 2716 --- [User-Service] [http-nio-8081-exec-2] o.s.web.servlet.DispatcherServlet        : Completed initialization in 2 ms
2026-04-20T13:42:04.697+05:30  INFO 2716 --- [User-Service] [AsyncResolver-bootstrap-executor-%d] c.n.d.s.r.aws.ConfigClusterResolver      : Resolving eureka endpoints via configuration
2026-04-20T13:44:20.900+05:30  INFO 2716 --- [User-Service] [http-nio-8081-exec-9] c.userService.controller.UserController  : VERIFY USER | email=krishna.toss.it@gmail.com
2026-04-20T13:44:22.535+05:30  INFO 2716 --- [User-Service] [http-nio-8081-exec-3] c.userService.controller.UserController  : GET ALL USERS | requestedBy=SYSTEM | role=ADMIN
2026-04-20T13:44:22.679+05:30  INFO 2716 --- [User-Service] [http-nio-8081-exec-2] c.userService.controller.UserController  : GET ALL USERS | requestedBy=SYSTEM | role=ADMIN
2026-04-20T13:47:04.700+05:30  INFO 2716 --- [User-Service] [AsyncResolver-bootstrap-executor-%d] c.n.d.s.r.aws.ConfigClusterResolver      : Resolving eureka endpoints via configuration
2026-04-20T13:52:04.703+05:30  INFO 2716 --- [User-Service] [AsyncResolver-bootstrap-executor-%d] c.n.d.s.r.aws.ConfigClusterResolver      : Resolving eureka endpoints via configuration
2026-04-20T13:56:29.056+05:30  INFO 2716 --- [User-Service] [SpringApplicationShutdownHook] o.s.c.n.e.s.EurekaServiceRegistry        : Unregistering application USER-SERVICE with eureka with status DOWN
2026-04-20T13:56:29.056+05:30  INFO 2716 --- [User-Service] [SpringApplicationShutdownHook] com.netflix.discovery.DiscoveryClient    : Saw local status change event StatusChangeEvent [timestamp=1776673589056, current=DOWN, previous=UP]
2026-04-20T13:56:29.056+05:30  INFO 2716 --- [User-Service] [DiscoveryClient-InstanceInfoReplicator-%d] com.netflix.discovery.DiscoveryClient    : DiscoveryClient_USER-SERVICE/Vivan-laptop:User-Service:8081: registering service...
2026-04-20T13:56:29.059+05:30  INFO 2716 --- [User-Service] [SpringApplicationShutdownHook] o.s.b.w.e.tomcat.GracefulShutdown        : Commencing graceful shutdown. Waiting for active requests to complete
2026-04-20T13:56:29.068+05:30  INFO 2716 --- [User-Service] [DiscoveryClient-InstanceInfoReplicator-%d] com.netflix.discovery.DiscoveryClient    : DiscoveryClient_USER-SERVICE/Vivan-laptop:User-Service:8081 - registration status: 204
2026-04-20T13:56:29.068+05:30  INFO 2716 --- [User-Service] [tomcat-shutdown] o.s.b.w.e.tomcat.GracefulShutdown        : Graceful shutdown complete
2026-04-20T13:56:29.082+05:30  INFO 2716 --- [User-Service] [SpringApplicationShutdownHook] j.LocalContainerEntityManagerFactoryBean : Closing JPA EntityManagerFactory for persistence unit 'default'
2026-04-20T13:56:29.086+05:30  INFO 2716 --- [User-Service] [SpringApplicationShutdownHook] com.zaxxer.hikari.HikariDataSource       : HikariPool-1 - Shutdown initiated...
2026-04-20T13:56:29.094+05:30  INFO 2716 --- [User-Service] [SpringApplicationShutdownHook] com.zaxxer.hikari.HikariDataSource       : HikariPool-1 - Shutdown completed.
2026-04-20T13:56:29.095+05:30  INFO 2716 --- [User-Service] [SpringApplicationShutdownHook] com.netflix.discovery.DiscoveryClient    : Shutting down DiscoveryClient ...
2026-04-20T13:56:32.096+05:30  INFO 2716 --- [User-Service] [SpringApplicationShutdownHook] com.netflix.discovery.DiscoveryClient    : Unregistering ...
2026-04-20T13:56:32.105+05:30  INFO 2716 --- [User-Service] [SpringApplicationShutdownHook] com.netflix.discovery.DiscoveryClient    : DiscoveryClient_USER-SERVICE/Vivan-laptop:User-Service:8081 - deregister  status: 200
2026-04-20T13:56:32.105+05:30  INFO 2716 --- [User-Service] [SpringApplicationShutdownHook] com.netflix.discovery.DiscoveryClient    : Completed shut down of DiscoveryClient
